ARM GAS  C:\Users\shun2\AppData\Local\Temp\ccUqxCT0.s 			page 1


   1              		.syntax unified
   2              		.cpu cortex-m4
   3              		.eabi_attribute 27, 1
   4              		.eabi_attribute 28, 1
   5              		.fpu fpv4-sp-d16
   6              		.eabi_attribute 20, 1
   7              		.eabi_attribute 21, 1
   8              		.eabi_attribute 23, 3
   9              		.eabi_attribute 24, 1
  10              		.eabi_attribute 25, 1
  11              		.eabi_attribute 26, 1
  12              		.eabi_attribute 30, 1
  13              		.eabi_attribute 34, 1
  14              		.eabi_attribute 18, 4
  15              		.thumb
  16              		.syntax unified
  17              		.file	"stm32f4xx_it.c"
  18              		.text
  19              	.Ltext0:
  20              		.cfi_sections	.debug_frame
  21              		.section	.text.NMI_Handler,"ax",%progbits
  22              		.align	2
  23              		.global	NMI_Handler
  24              		.thumb
  25              		.thumb_func
  27              	NMI_Handler:
  28              	.LFB124:
  29              		.file 1 "Src/stm32f4xx_it.c"
   1:Src/stm32f4xx_it.c **** /**
   2:Src/stm32f4xx_it.c ****   ******************************************************************************
   3:Src/stm32f4xx_it.c ****   * @file    stm32f4xx_it.c
   4:Src/stm32f4xx_it.c ****   * @brief   Interrupt Service Routines.
   5:Src/stm32f4xx_it.c ****   ******************************************************************************
   6:Src/stm32f4xx_it.c ****   *
   7:Src/stm32f4xx_it.c ****   * COPYRIGHT(c) 2019 STMicroelectronics
   8:Src/stm32f4xx_it.c ****   *
   9:Src/stm32f4xx_it.c ****   * Redistribution and use in source and binary forms, with or without modification,
  10:Src/stm32f4xx_it.c ****   * are permitted provided that the following conditions are met:
  11:Src/stm32f4xx_it.c ****   *   1. Redistributions of source code must retain the above copyright notice,
  12:Src/stm32f4xx_it.c ****   *      this list of conditions and the following disclaimer.
  13:Src/stm32f4xx_it.c ****   *   2. Redistributions in binary form must reproduce the above copyright notice,
  14:Src/stm32f4xx_it.c ****   *      this list of conditions and the following disclaimer in the documentation
  15:Src/stm32f4xx_it.c ****   *      and/or other materials provided with the distribution.
  16:Src/stm32f4xx_it.c ****   *   3. Neither the name of STMicroelectronics nor the names of its contributors
  17:Src/stm32f4xx_it.c ****   *      may be used to endorse or promote products derived from this software
  18:Src/stm32f4xx_it.c ****   *      without specific prior written permission.
  19:Src/stm32f4xx_it.c ****   *
  20:Src/stm32f4xx_it.c ****   * THIS SOFTWARE IS PROVIDED BY THE COPYRIGHT HOLDERS AND CONTRIBUTORS "AS IS"
  21:Src/stm32f4xx_it.c ****   * AND ANY EXPRESS OR IMPLIED WARRANTIES, INCLUDING, BUT NOT LIMITED TO, THE
  22:Src/stm32f4xx_it.c ****   * IMPLIED WARRANTIES OF MERCHANTABILITY AND FITNESS FOR A PARTICULAR PURPOSE ARE
  23:Src/stm32f4xx_it.c ****   * DISCLAIMED. IN NO EVENT SHALL THE COPYRIGHT HOLDER OR CONTRIBUTORS BE LIABLE
  24:Src/stm32f4xx_it.c ****   * FOR ANY DIRECT, INDIRECT, INCIDENTAL, SPECIAL, EXEMPLARY, OR CONSEQUENTIAL
  25:Src/stm32f4xx_it.c ****   * DAMAGES (INCLUDING, BUT NOT LIMITED TO, PROCUREMENT OF SUBSTITUTE GOODS OR
  26:Src/stm32f4xx_it.c ****   * SERVICES; LOSS OF USE, DATA, OR PROFITS; OR BUSINESS INTERRUPTION) HOWEVER
  27:Src/stm32f4xx_it.c ****   * CAUSED AND ON ANY THEORY OF LIABILITY, WHETHER IN CONTRACT, STRICT LIABILITY,
  28:Src/stm32f4xx_it.c ****   * OR TORT (INCLUDING NEGLIGENCE OR OTHERWISE) ARISING IN ANY WAY OUT OF THE USE
  29:Src/stm32f4xx_it.c ****   * OF THIS SOFTWARE, EVEN IF ADVISED OF THE POSSIBILITY OF SUCH DAMAGE.
ARM GAS  C:\Users\shun2\AppData\Local\Temp\ccUqxCT0.s 			page 2


  30:Src/stm32f4xx_it.c ****   *
  31:Src/stm32f4xx_it.c ****   ******************************************************************************
  32:Src/stm32f4xx_it.c ****   */
  33:Src/stm32f4xx_it.c **** /* Includes ------------------------------------------------------------------*/
  34:Src/stm32f4xx_it.c **** #include "stm32f4xx_hal.h"
  35:Src/stm32f4xx_it.c **** #include "stm32f4xx.h"
  36:Src/stm32f4xx_it.c **** #include "stm32f4xx_it.h"
  37:Src/stm32f4xx_it.c **** 
  38:Src/stm32f4xx_it.c **** /* USER CODE BEGIN 0 */
  39:Src/stm32f4xx_it.c **** #include "peripheral.hpp"
  40:Src/stm32f4xx_it.c **** /* USER CODE END 0 */
  41:Src/stm32f4xx_it.c **** 
  42:Src/stm32f4xx_it.c **** /* External variables --------------------------------------------------------*/
  43:Src/stm32f4xx_it.c **** extern TIM_HandleTypeDef htim2;
  44:Src/stm32f4xx_it.c **** extern TIM_HandleTypeDef htim13;
  45:Src/stm32f4xx_it.c **** 
  46:Src/stm32f4xx_it.c **** extern TIM_HandleTypeDef htim14;
  47:Src/stm32f4xx_it.c **** 
  48:Src/stm32f4xx_it.c **** /******************************************************************************/
  49:Src/stm32f4xx_it.c **** /*            Cortex-M4 Processor Interruption and Exception Handlers         */ 
  50:Src/stm32f4xx_it.c **** /******************************************************************************/
  51:Src/stm32f4xx_it.c **** 
  52:Src/stm32f4xx_it.c **** /**
  53:Src/stm32f4xx_it.c **** * @brief This function handles Non maskable interrupt.
  54:Src/stm32f4xx_it.c **** */
  55:Src/stm32f4xx_it.c **** void NMI_Handler(void)
  56:Src/stm32f4xx_it.c **** {
  30              		.loc 1 56 0
  31              		.cfi_startproc
  32              		@ args = 0, pretend = 0, frame = 0
  33              		@ frame_needed = 0, uses_anonymous_args = 0
  34              		@ link register save eliminated.
  35 0000 7047     		bx	lr
  36              		.cfi_endproc
  37              	.LFE124:
  39 0002 00BF     		.section	.text.HardFault_Handler,"ax",%progbits
  40              		.align	2
  41              		.global	HardFault_Handler
  42              		.thumb
  43              		.thumb_func
  45              	HardFault_Handler:
  46              	.LFB125:
  57:Src/stm32f4xx_it.c ****   /* USER CODE BEGIN NonMaskableInt_IRQn 0 */
  58:Src/stm32f4xx_it.c **** 
  59:Src/stm32f4xx_it.c ****   /* USER CODE END NonMaskableInt_IRQn 0 */
  60:Src/stm32f4xx_it.c ****   /* USER CODE BEGIN NonMaskableInt_IRQn 1 */
  61:Src/stm32f4xx_it.c **** 
  62:Src/stm32f4xx_it.c ****   /* USER CODE END NonMaskableInt_IRQn 1 */
  63:Src/stm32f4xx_it.c **** }
  64:Src/stm32f4xx_it.c **** 
  65:Src/stm32f4xx_it.c **** /**
  66:Src/stm32f4xx_it.c **** * @brief This function handles Hard fault interrupt.
  67:Src/stm32f4xx_it.c **** */
  68:Src/stm32f4xx_it.c **** void HardFault_Handler(void)
  69:Src/stm32f4xx_it.c **** {
  47              		.loc 1 69 0
  48              		.cfi_startproc
ARM GAS  C:\Users\shun2\AppData\Local\Temp\ccUqxCT0.s 			page 3


  49              		@ args = 0, pretend = 0, frame = 0
  50              		@ frame_needed = 0, uses_anonymous_args = 0
  51              		.loc 1 69 0
  52 0000 08B5     		push	{r3, lr}
  53              	.LCFI0:
  54              		.cfi_def_cfa_offset 8
  55              		.cfi_offset 3, -8
  56              		.cfi_offset 14, -4
  57              	.L3:
  58              	.LBB2:
  70:Src/stm32f4xx_it.c ****   /* USER CODE BEGIN HardFault_IRQn 0 */
  71:Src/stm32f4xx_it.c **** 
  72:Src/stm32f4xx_it.c **** 	char *da;
  73:Src/stm32f4xx_it.c **** 	da = "hard fault\n\r";
  74:Src/stm32f4xx_it.c ****   /* USER CODE END HardFault_IRQn 0 */
  75:Src/stm32f4xx_it.c ****   while (1)
  76:Src/stm32f4xx_it.c ****   {
  77:Src/stm32f4xx_it.c ****     /* USER CODE BEGIN W1_HardFault_IRQn 0 */
  78:Src/stm32f4xx_it.c **** 
  79:Src/stm32f4xx_it.c **** 		HAL_UART_Transmit(&huart1, (uint8_t*)da, strlen(da), 0xFFFF);
  59              		.loc 1 79 0 discriminator 1
  60 0002 4FF6FF73 		movw	r3, #65535
  61 0006 0C22     		movs	r2, #12
  62 0008 0249     		ldr	r1, .L5
  63 000a 0348     		ldr	r0, .L5+4
  64 000c FFF7FEFF 		bl	HAL_UART_Transmit
  65              	.LVL0:
  66 0010 F7E7     		b	.L3
  67              	.L6:
  68 0012 00BF     		.align	2
  69              	.L5:
  70 0014 00000000 		.word	.LC0
  71 0018 00000000 		.word	huart1
  72              	.LBE2:
  73              		.cfi_endproc
  74              	.LFE125:
  76              		.section	.text.MemManage_Handler,"ax",%progbits
  77              		.align	2
  78              		.global	MemManage_Handler
  79              		.thumb
  80              		.thumb_func
  82              	MemManage_Handler:
  83              	.LFB126:
  80:Src/stm32f4xx_it.c ****     /* USER CODE END W1_HardFault_IRQn 0 */
  81:Src/stm32f4xx_it.c ****   }
  82:Src/stm32f4xx_it.c ****   /* USER CODE BEGIN HardFault_IRQn 1 */
  83:Src/stm32f4xx_it.c **** 
  84:Src/stm32f4xx_it.c ****   /* USER CODE END HardFault_IRQn 1 */
  85:Src/stm32f4xx_it.c **** }
  86:Src/stm32f4xx_it.c **** 
  87:Src/stm32f4xx_it.c **** /**
  88:Src/stm32f4xx_it.c **** * @brief This function handles Memory management fault.
  89:Src/stm32f4xx_it.c **** */
  90:Src/stm32f4xx_it.c **** void MemManage_Handler(void)
  91:Src/stm32f4xx_it.c **** {
  84              		.loc 1 91 0
  85              		.cfi_startproc
ARM GAS  C:\Users\shun2\AppData\Local\Temp\ccUqxCT0.s 			page 4


  86              		@ args = 0, pretend = 0, frame = 0
  87              		@ frame_needed = 0, uses_anonymous_args = 0
  88 0000 08B5     		push	{r3, lr}
  89              	.LCFI1:
  90              		.cfi_def_cfa_offset 8
  91              		.cfi_offset 3, -8
  92              		.cfi_offset 14, -4
  93              	.LVL1:
  92:Src/stm32f4xx_it.c ****   /* USER CODE BEGIN MemoryManagement_IRQn 0 */
  93:Src/stm32f4xx_it.c **** 
  94:Src/stm32f4xx_it.c **** 	char *da;
  95:Src/stm32f4xx_it.c **** 	da = "MemManage fault\n\r";
  96:Src/stm32f4xx_it.c **** 	HAL_UART_Transmit(&huart1, (uint8_t*)da, strlen(da), 0xFFFF);
  94              		.loc 1 96 0
  95 0002 4FF6FF73 		movw	r3, #65535
  96 0006 1122     		movs	r2, #17
  97 0008 0249     		ldr	r1, .L10
  98 000a 0348     		ldr	r0, .L10+4
  99 000c FFF7FEFF 		bl	HAL_UART_Transmit
 100              	.LVL2:
 101              	.L8:
 102 0010 FEE7     		b	.L8
 103              	.L11:
 104 0012 00BF     		.align	2
 105              	.L10:
 106 0014 10000000 		.word	.LC1
 107 0018 00000000 		.word	huart1
 108              		.cfi_endproc
 109              	.LFE126:
 111              		.section	.text.BusFault_Handler,"ax",%progbits
 112              		.align	2
 113              		.global	BusFault_Handler
 114              		.thumb
 115              		.thumb_func
 117              	BusFault_Handler:
 118              	.LFB127:
  97:Src/stm32f4xx_it.c ****   /* USER CODE END MemoryManagement_IRQn 0 */
  98:Src/stm32f4xx_it.c ****   while (1)
  99:Src/stm32f4xx_it.c ****   {
 100:Src/stm32f4xx_it.c ****     /* USER CODE BEGIN W1_MemoryManagement_IRQn 0 */
 101:Src/stm32f4xx_it.c ****     /* USER CODE END W1_MemoryManagement_IRQn 0 */
 102:Src/stm32f4xx_it.c ****   }
 103:Src/stm32f4xx_it.c ****   /* USER CODE BEGIN MemoryManagement_IRQn 1 */
 104:Src/stm32f4xx_it.c **** 
 105:Src/stm32f4xx_it.c ****   /* USER CODE END MemoryManagement_IRQn 1 */
 106:Src/stm32f4xx_it.c **** }
 107:Src/stm32f4xx_it.c **** 
 108:Src/stm32f4xx_it.c **** /**
 109:Src/stm32f4xx_it.c **** * @brief This function handles Pre-fetch fault, memory access fault.
 110:Src/stm32f4xx_it.c **** */
 111:Src/stm32f4xx_it.c **** void BusFault_Handler(void)
 112:Src/stm32f4xx_it.c **** {
 119              		.loc 1 112 0
 120              		.cfi_startproc
 121              		@ Volatile: function does not return.
 122              		@ args = 0, pretend = 0, frame = 0
 123              		@ frame_needed = 0, uses_anonymous_args = 0
ARM GAS  C:\Users\shun2\AppData\Local\Temp\ccUqxCT0.s 			page 5


 124              		@ link register save eliminated.
 125              	.L13:
 126 0000 FEE7     		b	.L13
 127              		.cfi_endproc
 128              	.LFE127:
 130 0002 00BF     		.section	.text.UsageFault_Handler,"ax",%progbits
 131              		.align	2
 132              		.global	UsageFault_Handler
 133              		.thumb
 134              		.thumb_func
 136              	UsageFault_Handler:
 137              	.LFB128:
 113:Src/stm32f4xx_it.c ****   /* USER CODE BEGIN BusFault_IRQn 0 */
 114:Src/stm32f4xx_it.c **** 
 115:Src/stm32f4xx_it.c ****   /* USER CODE END BusFault_IRQn 0 */
 116:Src/stm32f4xx_it.c ****   while (1)
 117:Src/stm32f4xx_it.c ****   {
 118:Src/stm32f4xx_it.c ****     /* USER CODE BEGIN W1_BusFault_IRQn 0 */
 119:Src/stm32f4xx_it.c ****     /* USER CODE END W1_BusFault_IRQn 0 */
 120:Src/stm32f4xx_it.c ****   }
 121:Src/stm32f4xx_it.c ****   /* USER CODE BEGIN BusFault_IRQn 1 */
 122:Src/stm32f4xx_it.c **** 
 123:Src/stm32f4xx_it.c ****   /* USER CODE END BusFault_IRQn 1 */
 124:Src/stm32f4xx_it.c **** }
 125:Src/stm32f4xx_it.c **** 
 126:Src/stm32f4xx_it.c **** /**
 127:Src/stm32f4xx_it.c **** * @brief This function handles Undefined instruction or illegal state.
 128:Src/stm32f4xx_it.c **** */
 129:Src/stm32f4xx_it.c **** void UsageFault_Handler(void)
 130:Src/stm32f4xx_it.c **** {
 138              		.loc 1 130 0
 139              		.cfi_startproc
 140              		@ Volatile: function does not return.
 141              		@ args = 0, pretend = 0, frame = 0
 142              		@ frame_needed = 0, uses_anonymous_args = 0
 143              		@ link register save eliminated.
 144              	.L15:
 145 0000 FEE7     		b	.L15
 146              		.cfi_endproc
 147              	.LFE128:
 149 0002 00BF     		.section	.text.SVC_Handler,"ax",%progbits
 150              		.align	2
 151              		.global	SVC_Handler
 152              		.thumb
 153              		.thumb_func
 155              	SVC_Handler:
 156              	.LFB129:
 131:Src/stm32f4xx_it.c ****   /* USER CODE BEGIN UsageFault_IRQn 0 */
 132:Src/stm32f4xx_it.c **** 
 133:Src/stm32f4xx_it.c ****   /* USER CODE END UsageFault_IRQn 0 */
 134:Src/stm32f4xx_it.c ****   while (1)
 135:Src/stm32f4xx_it.c ****   {
 136:Src/stm32f4xx_it.c ****     /* USER CODE BEGIN W1_UsageFault_IRQn 0 */
 137:Src/stm32f4xx_it.c ****     /* USER CODE END W1_UsageFault_IRQn 0 */
 138:Src/stm32f4xx_it.c ****   }
 139:Src/stm32f4xx_it.c ****   /* USER CODE BEGIN UsageFault_IRQn 1 */
 140:Src/stm32f4xx_it.c **** 
ARM GAS  C:\Users\shun2\AppData\Local\Temp\ccUqxCT0.s 			page 6


 141:Src/stm32f4xx_it.c ****   /* USER CODE END UsageFault_IRQn 1 */
 142:Src/stm32f4xx_it.c **** }
 143:Src/stm32f4xx_it.c **** 
 144:Src/stm32f4xx_it.c **** /**
 145:Src/stm32f4xx_it.c **** * @brief This function handles System service call via SWI instruction.
 146:Src/stm32f4xx_it.c **** */
 147:Src/stm32f4xx_it.c **** void SVC_Handler(void)
 148:Src/stm32f4xx_it.c **** {
 157              		.loc 1 148 0
 158              		.cfi_startproc
 159              		@ args = 0, pretend = 0, frame = 0
 160              		@ frame_needed = 0, uses_anonymous_args = 0
 161              		@ link register save eliminated.
 162 0000 7047     		bx	lr
 163              		.cfi_endproc
 164              	.LFE129:
 166 0002 00BF     		.section	.text.DebugMon_Handler,"ax",%progbits
 167              		.align	2
 168              		.global	DebugMon_Handler
 169              		.thumb
 170              		.thumb_func
 172              	DebugMon_Handler:
 173              	.LFB130:
 149:Src/stm32f4xx_it.c ****   /* USER CODE BEGIN SVCall_IRQn 0 */
 150:Src/stm32f4xx_it.c **** 
 151:Src/stm32f4xx_it.c ****   /* USER CODE END SVCall_IRQn 0 */
 152:Src/stm32f4xx_it.c ****   /* USER CODE BEGIN SVCall_IRQn 1 */
 153:Src/stm32f4xx_it.c **** 
 154:Src/stm32f4xx_it.c ****   /* USER CODE END SVCall_IRQn 1 */
 155:Src/stm32f4xx_it.c **** }
 156:Src/stm32f4xx_it.c **** 
 157:Src/stm32f4xx_it.c **** /**
 158:Src/stm32f4xx_it.c **** * @brief This function handles Debug monitor.
 159:Src/stm32f4xx_it.c **** */
 160:Src/stm32f4xx_it.c **** void DebugMon_Handler(void)
 161:Src/stm32f4xx_it.c **** {
 174              		.loc 1 161 0
 175              		.cfi_startproc
 176              		@ args = 0, pretend = 0, frame = 0
 177              		@ frame_needed = 0, uses_anonymous_args = 0
 178              		@ link register save eliminated.
 179 0000 7047     		bx	lr
 180              		.cfi_endproc
 181              	.LFE130:
 183 0002 00BF     		.section	.text.PendSV_Handler,"ax",%progbits
 184              		.align	2
 185              		.global	PendSV_Handler
 186              		.thumb
 187              		.thumb_func
 189              	PendSV_Handler:
 190              	.LFB131:
 162:Src/stm32f4xx_it.c ****   /* USER CODE BEGIN DebugMonitor_IRQn 0 */
 163:Src/stm32f4xx_it.c **** 
 164:Src/stm32f4xx_it.c ****   /* USER CODE END DebugMonitor_IRQn 0 */
 165:Src/stm32f4xx_it.c ****   /* USER CODE BEGIN DebugMonitor_IRQn 1 */
 166:Src/stm32f4xx_it.c **** 
 167:Src/stm32f4xx_it.c ****   /* USER CODE END DebugMonitor_IRQn 1 */
ARM GAS  C:\Users\shun2\AppData\Local\Temp\ccUqxCT0.s 			page 7


 168:Src/stm32f4xx_it.c **** }
 169:Src/stm32f4xx_it.c **** 
 170:Src/stm32f4xx_it.c **** /**
 171:Src/stm32f4xx_it.c **** * @brief This function handles Pendable request for system service.
 172:Src/stm32f4xx_it.c **** */
 173:Src/stm32f4xx_it.c **** void PendSV_Handler(void)
 174:Src/stm32f4xx_it.c **** {
 191              		.loc 1 174 0
 192              		.cfi_startproc
 193              		@ args = 0, pretend = 0, frame = 0
 194              		@ frame_needed = 0, uses_anonymous_args = 0
 195              		@ link register save eliminated.
 196 0000 7047     		bx	lr
 197              		.cfi_endproc
 198              	.LFE131:
 200 0002 00BF     		.section	.text.SysTick_Handler,"ax",%progbits
 201              		.align	2
 202              		.global	SysTick_Handler
 203              		.thumb
 204              		.thumb_func
 206              	SysTick_Handler:
 207              	.LFB132:
 175:Src/stm32f4xx_it.c ****   /* USER CODE BEGIN PendSV_IRQn 0 */
 176:Src/stm32f4xx_it.c **** 
 177:Src/stm32f4xx_it.c ****   /* USER CODE END PendSV_IRQn 0 */
 178:Src/stm32f4xx_it.c ****   /* USER CODE BEGIN PendSV_IRQn 1 */
 179:Src/stm32f4xx_it.c **** 
 180:Src/stm32f4xx_it.c ****   /* USER CODE END PendSV_IRQn 1 */
 181:Src/stm32f4xx_it.c **** }
 182:Src/stm32f4xx_it.c **** 
 183:Src/stm32f4xx_it.c **** /**
 184:Src/stm32f4xx_it.c **** * @brief This function handles System tick timer.
 185:Src/stm32f4xx_it.c **** */
 186:Src/stm32f4xx_it.c **** void SysTick_Handler(void)
 187:Src/stm32f4xx_it.c **** {
 208              		.loc 1 187 0
 209              		.cfi_startproc
 210              		@ args = 0, pretend = 0, frame = 0
 211              		@ frame_needed = 0, uses_anonymous_args = 0
 212              		.loc 1 187 0
 213 0000 08B5     		push	{r3, lr}
 214              	.LCFI2:
 215              		.cfi_def_cfa_offset 8
 216              		.cfi_offset 3, -8
 217              		.cfi_offset 14, -4
 188:Src/stm32f4xx_it.c ****   /* USER CODE BEGIN SysTick_IRQn 0 */
 189:Src/stm32f4xx_it.c **** 
 190:Src/stm32f4xx_it.c ****   /* USER CODE END SysTick_IRQn 0 */
 191:Src/stm32f4xx_it.c ****   HAL_SYSTICK_IRQHandler();
 218              		.loc 1 191 0
 219 0002 FFF7FEFF 		bl	HAL_SYSTICK_IRQHandler
 220              	.LVL3:
 221 0006 08BD     		pop	{r3, pc}
 222              		.cfi_endproc
 223              	.LFE132:
 225              		.section	.text.EXTI2_IRQHandler,"ax",%progbits
 226              		.align	2
ARM GAS  C:\Users\shun2\AppData\Local\Temp\ccUqxCT0.s 			page 8


 227              		.global	EXTI2_IRQHandler
 228              		.thumb
 229              		.thumb_func
 231              	EXTI2_IRQHandler:
 232              	.LFB133:
 192:Src/stm32f4xx_it.c ****   /* USER CODE BEGIN SysTick_IRQn 1 */
 193:Src/stm32f4xx_it.c **** 
 194:Src/stm32f4xx_it.c ****   /* USER CODE END SysTick_IRQn 1 */
 195:Src/stm32f4xx_it.c **** }
 196:Src/stm32f4xx_it.c **** 
 197:Src/stm32f4xx_it.c **** /******************************************************************************/
 198:Src/stm32f4xx_it.c **** /* STM32F4xx Peripheral Interrupt Handlers                                    */
 199:Src/stm32f4xx_it.c **** /* Add here the Interrupt Handlers for the used peripherals.                  */
 200:Src/stm32f4xx_it.c **** /* For the available peripheral interrupt handler names,                      */
 201:Src/stm32f4xx_it.c **** /* please refer to the startup file (startup_stm32f4xx.s).                    */
 202:Src/stm32f4xx_it.c **** /******************************************************************************/
 203:Src/stm32f4xx_it.c **** 
 204:Src/stm32f4xx_it.c **** /**
 205:Src/stm32f4xx_it.c **** * @brief This function handles EXTI line2 interrupt.
 206:Src/stm32f4xx_it.c **** */
 207:Src/stm32f4xx_it.c **** void EXTI2_IRQHandler(void)
 208:Src/stm32f4xx_it.c **** {
 233              		.loc 1 208 0
 234              		.cfi_startproc
 235              		@ args = 0, pretend = 0, frame = 0
 236              		@ frame_needed = 0, uses_anonymous_args = 0
 237 0000 08B5     		push	{r3, lr}
 238              	.LCFI3:
 239              		.cfi_def_cfa_offset 8
 240              		.cfi_offset 3, -8
 241              		.cfi_offset 14, -4
 209:Src/stm32f4xx_it.c ****   /* USER CODE BEGIN EXTI2_IRQn 0 */
 210:Src/stm32f4xx_it.c **** 
 211:Src/stm32f4xx_it.c ****   /* USER CODE END EXTI2_IRQn 0 */
 212:Src/stm32f4xx_it.c ****   HAL_GPIO_EXTI_IRQHandler(GPIO_PIN_2);
 242              		.loc 1 212 0
 243 0002 0420     		movs	r0, #4
 244 0004 FFF7FEFF 		bl	HAL_GPIO_EXTI_IRQHandler
 245              	.LVL4:
 246 0008 08BD     		pop	{r3, pc}
 247              		.cfi_endproc
 248              	.LFE133:
 250 000a 00BF     		.section	.text.EXTI3_IRQHandler,"ax",%progbits
 251              		.align	2
 252              		.global	EXTI3_IRQHandler
 253              		.thumb
 254              		.thumb_func
 256              	EXTI3_IRQHandler:
 257              	.LFB134:
 213:Src/stm32f4xx_it.c ****   /* USER CODE BEGIN EXTI2_IRQn 1 */
 214:Src/stm32f4xx_it.c **** 
 215:Src/stm32f4xx_it.c ****   /* USER CODE END EXTI2_IRQn 1 */
 216:Src/stm32f4xx_it.c **** }
 217:Src/stm32f4xx_it.c **** 
 218:Src/stm32f4xx_it.c **** /**
 219:Src/stm32f4xx_it.c **** * @brief This function handles EXTI line3 interrupt.
 220:Src/stm32f4xx_it.c **** */
ARM GAS  C:\Users\shun2\AppData\Local\Temp\ccUqxCT0.s 			page 9


 221:Src/stm32f4xx_it.c **** void EXTI3_IRQHandler(void)
 222:Src/stm32f4xx_it.c **** {
 258              		.loc 1 222 0
 259              		.cfi_startproc
 260              		@ args = 0, pretend = 0, frame = 0
 261              		@ frame_needed = 0, uses_anonymous_args = 0
 262 0000 08B5     		push	{r3, lr}
 263              	.LCFI4:
 264              		.cfi_def_cfa_offset 8
 265              		.cfi_offset 3, -8
 266              		.cfi_offset 14, -4
 223:Src/stm32f4xx_it.c ****   /* USER CODE BEGIN EXTI3_IRQn 0 */
 224:Src/stm32f4xx_it.c **** 
 225:Src/stm32f4xx_it.c ****   /* USER CODE END EXTI3_IRQn 0 */
 226:Src/stm32f4xx_it.c ****   HAL_GPIO_EXTI_IRQHandler(GPIO_PIN_3);
 267              		.loc 1 226 0
 268 0002 0820     		movs	r0, #8
 269 0004 FFF7FEFF 		bl	HAL_GPIO_EXTI_IRQHandler
 270              	.LVL5:
 271 0008 08BD     		pop	{r3, pc}
 272              		.cfi_endproc
 273              	.LFE134:
 275 000a 00BF     		.section	.text.EXTI4_IRQHandler,"ax",%progbits
 276              		.align	2
 277              		.global	EXTI4_IRQHandler
 278              		.thumb
 279              		.thumb_func
 281              	EXTI4_IRQHandler:
 282              	.LFB135:
 227:Src/stm32f4xx_it.c ****   /* USER CODE BEGIN EXTI3_IRQn 1 */
 228:Src/stm32f4xx_it.c **** 
 229:Src/stm32f4xx_it.c ****   /* USER CODE END EXTI3_IRQn 1 */
 230:Src/stm32f4xx_it.c **** }
 231:Src/stm32f4xx_it.c **** 
 232:Src/stm32f4xx_it.c **** /**
 233:Src/stm32f4xx_it.c **** * @brief This function handles EXTI line4 interrupt.
 234:Src/stm32f4xx_it.c **** */
 235:Src/stm32f4xx_it.c **** void EXTI4_IRQHandler(void)
 236:Src/stm32f4xx_it.c **** {
 283              		.loc 1 236 0
 284              		.cfi_startproc
 285              		@ args = 0, pretend = 0, frame = 0
 286              		@ frame_needed = 0, uses_anonymous_args = 0
 287 0000 08B5     		push	{r3, lr}
 288              	.LCFI5:
 289              		.cfi_def_cfa_offset 8
 290              		.cfi_offset 3, -8
 291              		.cfi_offset 14, -4
 237:Src/stm32f4xx_it.c ****   /* USER CODE BEGIN EXTI4_IRQn 0 */
 238:Src/stm32f4xx_it.c **** 
 239:Src/stm32f4xx_it.c ****   /* USER CODE END EXTI4_IRQn 0 */
 240:Src/stm32f4xx_it.c ****   HAL_GPIO_EXTI_IRQHandler(GPIO_PIN_4);
 292              		.loc 1 240 0
 293 0002 1020     		movs	r0, #16
 294 0004 FFF7FEFF 		bl	HAL_GPIO_EXTI_IRQHandler
 295              	.LVL6:
 296 0008 08BD     		pop	{r3, pc}
ARM GAS  C:\Users\shun2\AppData\Local\Temp\ccUqxCT0.s 			page 10


 297              		.cfi_endproc
 298              	.LFE135:
 300 000a 00BF     		.section	.text.TIM2_IRQHandler,"ax",%progbits
 301              		.align	2
 302              		.global	TIM2_IRQHandler
 303              		.thumb
 304              		.thumb_func
 306              	TIM2_IRQHandler:
 307              	.LFB136:
 241:Src/stm32f4xx_it.c ****   /* USER CODE BEGIN EXTI4_IRQn 1 */
 242:Src/stm32f4xx_it.c ****   /* USER CODE END EXTI4_IRQn 1 */
 243:Src/stm32f4xx_it.c **** }
 244:Src/stm32f4xx_it.c **** 
 245:Src/stm32f4xx_it.c **** /**
 246:Src/stm32f4xx_it.c **** * @brief This function handles TIM2 global interrupt.
 247:Src/stm32f4xx_it.c **** */
 248:Src/stm32f4xx_it.c **** void TIM2_IRQHandler(void)
 249:Src/stm32f4xx_it.c **** {
 308              		.loc 1 249 0
 309              		.cfi_startproc
 310              		@ args = 0, pretend = 0, frame = 0
 311              		@ frame_needed = 0, uses_anonymous_args = 0
 312 0000 08B5     		push	{r3, lr}
 313              	.LCFI6:
 314              		.cfi_def_cfa_offset 8
 315              		.cfi_offset 3, -8
 316              		.cfi_offset 14, -4
 250:Src/stm32f4xx_it.c ****   /* USER CODE BEGIN TIM2_IRQn 0 */
 251:Src/stm32f4xx_it.c **** 
 252:Src/stm32f4xx_it.c ****   /* USER CODE END TIM2_IRQn 0 */
 253:Src/stm32f4xx_it.c ****   HAL_TIM_IRQHandler(&htim2);
 317              		.loc 1 253 0
 318 0002 0248     		ldr	r0, .L29
 319 0004 FFF7FEFF 		bl	HAL_TIM_IRQHandler
 320              	.LVL7:
 321 0008 08BD     		pop	{r3, pc}
 322              	.L30:
 323 000a 00BF     		.align	2
 324              	.L29:
 325 000c 00000000 		.word	htim2
 326              		.cfi_endproc
 327              	.LFE136:
 329              		.section	.text.TIM8_UP_TIM13_IRQHandler,"ax",%progbits
 330              		.align	2
 331              		.global	TIM8_UP_TIM13_IRQHandler
 332              		.thumb
 333              		.thumb_func
 335              	TIM8_UP_TIM13_IRQHandler:
 336              	.LFB137:
 254:Src/stm32f4xx_it.c ****   /* USER CODE BEGIN TIM2_IRQn 1 */
 255:Src/stm32f4xx_it.c **** 
 256:Src/stm32f4xx_it.c ****   /* USER CODE END TIM2_IRQn 1 */
 257:Src/stm32f4xx_it.c **** }
 258:Src/stm32f4xx_it.c **** 
 259:Src/stm32f4xx_it.c **** /**
 260:Src/stm32f4xx_it.c **** * @brief This function handles TIM8 update interrupt and TIM13 global interrupt.
 261:Src/stm32f4xx_it.c **** */
ARM GAS  C:\Users\shun2\AppData\Local\Temp\ccUqxCT0.s 			page 11


 262:Src/stm32f4xx_it.c **** void TIM8_UP_TIM13_IRQHandler(void)
 263:Src/stm32f4xx_it.c **** {
 337              		.loc 1 263 0
 338              		.cfi_startproc
 339              		@ args = 0, pretend = 0, frame = 0
 340              		@ frame_needed = 0, uses_anonymous_args = 0
 341 0000 08B5     		push	{r3, lr}
 342              	.LCFI7:
 343              		.cfi_def_cfa_offset 8
 344              		.cfi_offset 3, -8
 345              		.cfi_offset 14, -4
 264:Src/stm32f4xx_it.c ****   /* USER CODE BEGIN TIM8_UP_TIM13_IRQn 0 */
 265:Src/stm32f4xx_it.c **** 
 266:Src/stm32f4xx_it.c ****   /* USER CODE END TIM8_UP_TIM13_IRQn 0 */
 267:Src/stm32f4xx_it.c ****   HAL_TIM_IRQHandler(&htim13);
 346              		.loc 1 267 0
 347 0002 0248     		ldr	r0, .L33
 348 0004 FFF7FEFF 		bl	HAL_TIM_IRQHandler
 349              	.LVL8:
 350 0008 08BD     		pop	{r3, pc}
 351              	.L34:
 352 000a 00BF     		.align	2
 353              	.L33:
 354 000c 00000000 		.word	htim13
 355              		.cfi_endproc
 356              	.LFE137:
 358              		.section	.text.TIM8_TRG_COM_TIM14_IRQHandler,"ax",%progbits
 359              		.align	2
 360              		.global	TIM8_TRG_COM_TIM14_IRQHandler
 361              		.thumb
 362              		.thumb_func
 364              	TIM8_TRG_COM_TIM14_IRQHandler:
 365              	.LFB138:
 268:Src/stm32f4xx_it.c ****   /* USER CODE BEGIN TIM8_UP_TIM13_IRQn 1 */
 269:Src/stm32f4xx_it.c **** 
 270:Src/stm32f4xx_it.c ****   /* USER CODE END TIM8_UP_TIM13_IRQn 1 */
 271:Src/stm32f4xx_it.c **** }
 272:Src/stm32f4xx_it.c **** 
 273:Src/stm32f4xx_it.c **** /**
 274:Src/stm32f4xx_it.c **** * @brief This function handles TIM8 trigger and commutation interrupts and TIM14 global interrupt.
 275:Src/stm32f4xx_it.c **** */
 276:Src/stm32f4xx_it.c **** void TIM8_TRG_COM_TIM14_IRQHandler(void)
 277:Src/stm32f4xx_it.c **** {
 366              		.loc 1 277 0
 367              		.cfi_startproc
 368              		@ args = 0, pretend = 0, frame = 0
 369              		@ frame_needed = 0, uses_anonymous_args = 0
 370 0000 08B5     		push	{r3, lr}
 371              	.LCFI8:
 372              		.cfi_def_cfa_offset 8
 373              		.cfi_offset 3, -8
 374              		.cfi_offset 14, -4
 278:Src/stm32f4xx_it.c ****   /* USER CODE BEGIN TIM8_TRG_COM_TIM14_IRQn 0 */
 279:Src/stm32f4xx_it.c **** 
 280:Src/stm32f4xx_it.c ****   /* USER CODE END TIM8_TRG_COM_TIM14_IRQn 0 */
 281:Src/stm32f4xx_it.c ****   HAL_TIM_IRQHandler(&htim14);
 375              		.loc 1 281 0
ARM GAS  C:\Users\shun2\AppData\Local\Temp\ccUqxCT0.s 			page 12


 376 0002 0248     		ldr	r0, .L37
 377 0004 FFF7FEFF 		bl	HAL_TIM_IRQHandler
 378              	.LVL9:
 379 0008 08BD     		pop	{r3, pc}
 380              	.L38:
 381 000a 00BF     		.align	2
 382              	.L37:
 383 000c 00000000 		.word	htim14
 384              		.cfi_endproc
 385              	.LFE138:
 387              		.section	.rodata.str1.4,"aMS",%progbits,1
 388              		.align	2
 389              	.LC0:
 390 0000 68617264 		.ascii	"hard fault\012\015\000"
 390      20666175 
 390      6C740A0D 
 390      00
 391 000d 000000   		.space	3
 392              	.LC1:
 393 0010 4D656D4D 		.ascii	"MemManage fault\012\015\000"
 393      616E6167 
 393      65206661 
 393      756C740A 
 393      0D00
 394              		.text
 395              	.Letext0:
 396              		.file 2 "c:\\program files (x86)\\gnu tools arm embedded\\5.4 2016q3\\arm-none-eabi\\include\\mach
 397              		.file 3 "c:\\program files (x86)\\gnu tools arm embedded\\5.4 2016q3\\arm-none-eabi\\include\\sys\
 398              		.file 4 "Drivers/CMSIS/Device/ST/STM32F4xx/Include/stm32f429xx.h"
 399              		.file 5 "Drivers/STM32F4xx_HAL_Driver/Inc/stm32f4xx_hal_def.h"
 400              		.file 6 "Drivers/STM32F4xx_HAL_Driver/Inc/stm32f4xx_hal_dma.h"
 401              		.file 7 "Drivers/STM32F4xx_HAL_Driver/Inc/stm32f4xx_hal_tim.h"
 402              		.file 8 "Drivers/STM32F4xx_HAL_Driver/Inc/stm32f4xx_hal_uart.h"
 403              		.file 9 "<built-in>"
 404              		.file 10 "Drivers/CMSIS/Include/core_cm4.h"
 405              		.file 11 "Src/peripheral.hpp"
 406              		.file 12 "Drivers/STM32F4xx_HAL_Driver/Inc/stm32f4xx_hal_cortex.h"
 407              		.file 13 "Drivers/STM32F4xx_HAL_Driver/Inc/stm32f4xx_hal_gpio.h"
ARM GAS  C:\Users\shun2\AppData\Local\Temp\ccUqxCT0.s 			page 13


DEFINED SYMBOLS
                            *ABS*:00000000 stm32f4xx_it.c
C:\Users\shun2\AppData\Local\Temp\ccUqxCT0.s:22     .text.NMI_Handler:00000000 $t
C:\Users\shun2\AppData\Local\Temp\ccUqxCT0.s:27     .text.NMI_Handler:00000000 NMI_Handler
C:\Users\shun2\AppData\Local\Temp\ccUqxCT0.s:40     .text.HardFault_Handler:00000000 $t
C:\Users\shun2\AppData\Local\Temp\ccUqxCT0.s:45     .text.HardFault_Handler:00000000 HardFault_Handler
C:\Users\shun2\AppData\Local\Temp\ccUqxCT0.s:70     .text.HardFault_Handler:00000014 $d
C:\Users\shun2\AppData\Local\Temp\ccUqxCT0.s:77     .text.MemManage_Handler:00000000 $t
C:\Users\shun2\AppData\Local\Temp\ccUqxCT0.s:82     .text.MemManage_Handler:00000000 MemManage_Handler
C:\Users\shun2\AppData\Local\Temp\ccUqxCT0.s:106    .text.MemManage_Handler:00000014 $d
C:\Users\shun2\AppData\Local\Temp\ccUqxCT0.s:112    .text.BusFault_Handler:00000000 $t
C:\Users\shun2\AppData\Local\Temp\ccUqxCT0.s:117    .text.BusFault_Handler:00000000 BusFault_Handler
C:\Users\shun2\AppData\Local\Temp\ccUqxCT0.s:131    .text.UsageFault_Handler:00000000 $t
C:\Users\shun2\AppData\Local\Temp\ccUqxCT0.s:136    .text.UsageFault_Handler:00000000 UsageFault_Handler
C:\Users\shun2\AppData\Local\Temp\ccUqxCT0.s:150    .text.SVC_Handler:00000000 $t
C:\Users\shun2\AppData\Local\Temp\ccUqxCT0.s:155    .text.SVC_Handler:00000000 SVC_Handler
C:\Users\shun2\AppData\Local\Temp\ccUqxCT0.s:167    .text.DebugMon_Handler:00000000 $t
C:\Users\shun2\AppData\Local\Temp\ccUqxCT0.s:172    .text.DebugMon_Handler:00000000 DebugMon_Handler
C:\Users\shun2\AppData\Local\Temp\ccUqxCT0.s:184    .text.PendSV_Handler:00000000 $t
C:\Users\shun2\AppData\Local\Temp\ccUqxCT0.s:189    .text.PendSV_Handler:00000000 PendSV_Handler
C:\Users\shun2\AppData\Local\Temp\ccUqxCT0.s:201    .text.SysTick_Handler:00000000 $t
C:\Users\shun2\AppData\Local\Temp\ccUqxCT0.s:206    .text.SysTick_Handler:00000000 SysTick_Handler
C:\Users\shun2\AppData\Local\Temp\ccUqxCT0.s:226    .text.EXTI2_IRQHandler:00000000 $t
C:\Users\shun2\AppData\Local\Temp\ccUqxCT0.s:231    .text.EXTI2_IRQHandler:00000000 EXTI2_IRQHandler
C:\Users\shun2\AppData\Local\Temp\ccUqxCT0.s:251    .text.EXTI3_IRQHandler:00000000 $t
C:\Users\shun2\AppData\Local\Temp\ccUqxCT0.s:256    .text.EXTI3_IRQHandler:00000000 EXTI3_IRQHandler
C:\Users\shun2\AppData\Local\Temp\ccUqxCT0.s:276    .text.EXTI4_IRQHandler:00000000 $t
C:\Users\shun2\AppData\Local\Temp\ccUqxCT0.s:281    .text.EXTI4_IRQHandler:00000000 EXTI4_IRQHandler
C:\Users\shun2\AppData\Local\Temp\ccUqxCT0.s:301    .text.TIM2_IRQHandler:00000000 $t
C:\Users\shun2\AppData\Local\Temp\ccUqxCT0.s:306    .text.TIM2_IRQHandler:00000000 TIM2_IRQHandler
C:\Users\shun2\AppData\Local\Temp\ccUqxCT0.s:325    .text.TIM2_IRQHandler:0000000c $d
C:\Users\shun2\AppData\Local\Temp\ccUqxCT0.s:330    .text.TIM8_UP_TIM13_IRQHandler:00000000 $t
C:\Users\shun2\AppData\Local\Temp\ccUqxCT0.s:335    .text.TIM8_UP_TIM13_IRQHandler:00000000 TIM8_UP_TIM13_IRQHandler
C:\Users\shun2\AppData\Local\Temp\ccUqxCT0.s:354    .text.TIM8_UP_TIM13_IRQHandler:0000000c $d
C:\Users\shun2\AppData\Local\Temp\ccUqxCT0.s:359    .text.TIM8_TRG_COM_TIM14_IRQHandler:00000000 $t
C:\Users\shun2\AppData\Local\Temp\ccUqxCT0.s:364    .text.TIM8_TRG_COM_TIM14_IRQHandler:00000000 TIM8_TRG_COM_TIM14_IRQHandler
C:\Users\shun2\AppData\Local\Temp\ccUqxCT0.s:383    .text.TIM8_TRG_COM_TIM14_IRQHandler:0000000c $d
C:\Users\shun2\AppData\Local\Temp\ccUqxCT0.s:388    .rodata.str1.4:00000000 $d
                     .debug_frame:00000010 $d

UNDEFINED SYMBOLS
HAL_UART_Transmit
huart1
HAL_SYSTICK_IRQHandler
HAL_GPIO_EXTI_IRQHandler
HAL_TIM_IRQHandler
htim2
htim13
htim14
