ARM GAS  C:\Users\shun2\AppData\Local\Temp\ccF5Boou.s 			page 1


   1              		.syntax unified
   2              		.cpu cortex-m4
   3              		.eabi_attribute 27, 1
   4              		.eabi_attribute 28, 1
   5              		.fpu fpv4-sp-d16
   6              		.eabi_attribute 20, 1
   7              		.eabi_attribute 21, 1
   8              		.eabi_attribute 23, 3
   9              		.eabi_attribute 24, 1
  10              		.eabi_attribute 25, 1
  11              		.eabi_attribute 26, 1
  12              		.eabi_attribute 30, 1
  13              		.eabi_attribute 34, 1
  14              		.eabi_attribute 18, 4
  15              		.thumb
  16              		.syntax unified
  17              		.file	"stm32f4xx_hal.c"
  18              		.text
  19              	.Ltext0:
  20              		.cfi_sections	.debug_frame
  21              		.section	.text.HAL_MspInit,"ax",%progbits
  22              		.align	2
  23              		.weak	HAL_MspInit
  24              		.thumb
  25              		.thumb_func
  27              	HAL_MspInit:
  28              	.LFB126:
  29              		.file 1 "Drivers/STM32F4xx_HAL_Driver/Src/stm32f4xx_hal.c"
   1:Drivers/STM32F4xx_HAL_Driver/Src/stm32f4xx_hal.c **** /**
   2:Drivers/STM32F4xx_HAL_Driver/Src/stm32f4xx_hal.c ****   ******************************************************************************
   3:Drivers/STM32F4xx_HAL_Driver/Src/stm32f4xx_hal.c ****   * @file    stm32f4xx_hal.c
   4:Drivers/STM32F4xx_HAL_Driver/Src/stm32f4xx_hal.c ****   * @author  MCD Application Team
   5:Drivers/STM32F4xx_HAL_Driver/Src/stm32f4xx_hal.c ****   * @brief   HAL module driver.
   6:Drivers/STM32F4xx_HAL_Driver/Src/stm32f4xx_hal.c ****   *          This is the common part of the HAL initialization
   7:Drivers/STM32F4xx_HAL_Driver/Src/stm32f4xx_hal.c ****   *
   8:Drivers/STM32F4xx_HAL_Driver/Src/stm32f4xx_hal.c ****   @verbatim
   9:Drivers/STM32F4xx_HAL_Driver/Src/stm32f4xx_hal.c ****   ==============================================================================
  10:Drivers/STM32F4xx_HAL_Driver/Src/stm32f4xx_hal.c ****                      ##### How to use this driver #####
  11:Drivers/STM32F4xx_HAL_Driver/Src/stm32f4xx_hal.c ****   ==============================================================================
  12:Drivers/STM32F4xx_HAL_Driver/Src/stm32f4xx_hal.c ****     [..]
  13:Drivers/STM32F4xx_HAL_Driver/Src/stm32f4xx_hal.c ****     The common HAL driver contains a set of generic and common APIs that can be
  14:Drivers/STM32F4xx_HAL_Driver/Src/stm32f4xx_hal.c ****     used by the PPP peripheral drivers and the user to start using the HAL. 
  15:Drivers/STM32F4xx_HAL_Driver/Src/stm32f4xx_hal.c ****     [..]
  16:Drivers/STM32F4xx_HAL_Driver/Src/stm32f4xx_hal.c ****     The HAL contains two APIs' categories: 
  17:Drivers/STM32F4xx_HAL_Driver/Src/stm32f4xx_hal.c ****          (+) Common HAL APIs
  18:Drivers/STM32F4xx_HAL_Driver/Src/stm32f4xx_hal.c ****          (+) Services HAL APIs
  19:Drivers/STM32F4xx_HAL_Driver/Src/stm32f4xx_hal.c **** 
  20:Drivers/STM32F4xx_HAL_Driver/Src/stm32f4xx_hal.c ****   @endverbatim
  21:Drivers/STM32F4xx_HAL_Driver/Src/stm32f4xx_hal.c ****   ******************************************************************************
  22:Drivers/STM32F4xx_HAL_Driver/Src/stm32f4xx_hal.c ****   * @attention
  23:Drivers/STM32F4xx_HAL_Driver/Src/stm32f4xx_hal.c ****   *
  24:Drivers/STM32F4xx_HAL_Driver/Src/stm32f4xx_hal.c ****   * <h2><center>&copy; COPYRIGHT(c) 2017 STMicroelectronics</center></h2>
  25:Drivers/STM32F4xx_HAL_Driver/Src/stm32f4xx_hal.c ****   *
  26:Drivers/STM32F4xx_HAL_Driver/Src/stm32f4xx_hal.c ****   * Redistribution and use in source and binary forms, with or without modification,
  27:Drivers/STM32F4xx_HAL_Driver/Src/stm32f4xx_hal.c ****   * are permitted provided that the following conditions are met:
  28:Drivers/STM32F4xx_HAL_Driver/Src/stm32f4xx_hal.c ****   *   1. Redistributions of source code must retain the above copyright notice,
  29:Drivers/STM32F4xx_HAL_Driver/Src/stm32f4xx_hal.c ****   *      this list of conditions and the following disclaimer.
ARM GAS  C:\Users\shun2\AppData\Local\Temp\ccF5Boou.s 			page 2


  30:Drivers/STM32F4xx_HAL_Driver/Src/stm32f4xx_hal.c ****   *   2. Redistributions in binary form must reproduce the above copyright notice,
  31:Drivers/STM32F4xx_HAL_Driver/Src/stm32f4xx_hal.c ****   *      this list of conditions and the following disclaimer in the documentation
  32:Drivers/STM32F4xx_HAL_Driver/Src/stm32f4xx_hal.c ****   *      and/or other materials provided with the distribution.
  33:Drivers/STM32F4xx_HAL_Driver/Src/stm32f4xx_hal.c ****   *   3. Neither the name of STMicroelectronics nor the names of its contributors
  34:Drivers/STM32F4xx_HAL_Driver/Src/stm32f4xx_hal.c ****   *      may be used to endorse or promote products derived from this software
  35:Drivers/STM32F4xx_HAL_Driver/Src/stm32f4xx_hal.c ****   *      without specific prior written permission.
  36:Drivers/STM32F4xx_HAL_Driver/Src/stm32f4xx_hal.c ****   *
  37:Drivers/STM32F4xx_HAL_Driver/Src/stm32f4xx_hal.c ****   * THIS SOFTWARE IS PROVIDED BY THE COPYRIGHT HOLDERS AND CONTRIBUTORS "AS IS"
  38:Drivers/STM32F4xx_HAL_Driver/Src/stm32f4xx_hal.c ****   * AND ANY EXPRESS OR IMPLIED WARRANTIES, INCLUDING, BUT NOT LIMITED TO, THE
  39:Drivers/STM32F4xx_HAL_Driver/Src/stm32f4xx_hal.c ****   * IMPLIED WARRANTIES OF MERCHANTABILITY AND FITNESS FOR A PARTICULAR PURPOSE ARE
  40:Drivers/STM32F4xx_HAL_Driver/Src/stm32f4xx_hal.c ****   * DISCLAIMED. IN NO EVENT SHALL THE COPYRIGHT HOLDER OR CONTRIBUTORS BE LIABLE
  41:Drivers/STM32F4xx_HAL_Driver/Src/stm32f4xx_hal.c ****   * FOR ANY DIRECT, INDIRECT, INCIDENTAL, SPECIAL, EXEMPLARY, OR CONSEQUENTIAL
  42:Drivers/STM32F4xx_HAL_Driver/Src/stm32f4xx_hal.c ****   * DAMAGES (INCLUDING, BUT NOT LIMITED TO, PROCUREMENT OF SUBSTITUTE GOODS OR
  43:Drivers/STM32F4xx_HAL_Driver/Src/stm32f4xx_hal.c ****   * SERVICES; LOSS OF USE, DATA, OR PROFITS; OR BUSINESS INTERRUPTION) HOWEVER
  44:Drivers/STM32F4xx_HAL_Driver/Src/stm32f4xx_hal.c ****   * CAUSED AND ON ANY THEORY OF LIABILITY, WHETHER IN CONTRACT, STRICT LIABILITY,
  45:Drivers/STM32F4xx_HAL_Driver/Src/stm32f4xx_hal.c ****   * OR TORT (INCLUDING NEGLIGENCE OR OTHERWISE) ARISING IN ANY WAY OUT OF THE USE
  46:Drivers/STM32F4xx_HAL_Driver/Src/stm32f4xx_hal.c ****   * OF THIS SOFTWARE, EVEN IF ADVISED OF THE POSSIBILITY OF SUCH DAMAGE.
  47:Drivers/STM32F4xx_HAL_Driver/Src/stm32f4xx_hal.c ****   *
  48:Drivers/STM32F4xx_HAL_Driver/Src/stm32f4xx_hal.c ****   ******************************************************************************
  49:Drivers/STM32F4xx_HAL_Driver/Src/stm32f4xx_hal.c ****   */ 
  50:Drivers/STM32F4xx_HAL_Driver/Src/stm32f4xx_hal.c **** 
  51:Drivers/STM32F4xx_HAL_Driver/Src/stm32f4xx_hal.c **** /* Includes ------------------------------------------------------------------*/
  52:Drivers/STM32F4xx_HAL_Driver/Src/stm32f4xx_hal.c **** #include "stm32f4xx_hal.h"
  53:Drivers/STM32F4xx_HAL_Driver/Src/stm32f4xx_hal.c **** 
  54:Drivers/STM32F4xx_HAL_Driver/Src/stm32f4xx_hal.c **** /** @addtogroup STM32F4xx_HAL_Driver
  55:Drivers/STM32F4xx_HAL_Driver/Src/stm32f4xx_hal.c ****   * @{
  56:Drivers/STM32F4xx_HAL_Driver/Src/stm32f4xx_hal.c ****   */
  57:Drivers/STM32F4xx_HAL_Driver/Src/stm32f4xx_hal.c **** 
  58:Drivers/STM32F4xx_HAL_Driver/Src/stm32f4xx_hal.c **** /** @defgroup HAL HAL
  59:Drivers/STM32F4xx_HAL_Driver/Src/stm32f4xx_hal.c ****   * @brief HAL module driver.
  60:Drivers/STM32F4xx_HAL_Driver/Src/stm32f4xx_hal.c ****   * @{
  61:Drivers/STM32F4xx_HAL_Driver/Src/stm32f4xx_hal.c ****   */
  62:Drivers/STM32F4xx_HAL_Driver/Src/stm32f4xx_hal.c **** 
  63:Drivers/STM32F4xx_HAL_Driver/Src/stm32f4xx_hal.c **** /* Private typedef -----------------------------------------------------------*/
  64:Drivers/STM32F4xx_HAL_Driver/Src/stm32f4xx_hal.c **** /* Private define ------------------------------------------------------------*/
  65:Drivers/STM32F4xx_HAL_Driver/Src/stm32f4xx_hal.c **** /** @addtogroup HAL_Private_Constants
  66:Drivers/STM32F4xx_HAL_Driver/Src/stm32f4xx_hal.c ****   * @{
  67:Drivers/STM32F4xx_HAL_Driver/Src/stm32f4xx_hal.c ****   */
  68:Drivers/STM32F4xx_HAL_Driver/Src/stm32f4xx_hal.c **** /**
  69:Drivers/STM32F4xx_HAL_Driver/Src/stm32f4xx_hal.c ****   * @brief STM32F4xx HAL Driver version number V1.7.4
  70:Drivers/STM32F4xx_HAL_Driver/Src/stm32f4xx_hal.c ****   */
  71:Drivers/STM32F4xx_HAL_Driver/Src/stm32f4xx_hal.c **** #define __STM32F4xx_HAL_VERSION_MAIN   (0x01U) /*!< [31:24] main version */
  72:Drivers/STM32F4xx_HAL_Driver/Src/stm32f4xx_hal.c **** #define __STM32F4xx_HAL_VERSION_SUB1   (0x07U) /*!< [23:16] sub1 version */
  73:Drivers/STM32F4xx_HAL_Driver/Src/stm32f4xx_hal.c **** #define __STM32F4xx_HAL_VERSION_SUB2   (0x04U) /*!< [15:8]  sub2 version */
  74:Drivers/STM32F4xx_HAL_Driver/Src/stm32f4xx_hal.c **** #define __STM32F4xx_HAL_VERSION_RC     (0x00U) /*!< [7:0]  release candidate */ 
  75:Drivers/STM32F4xx_HAL_Driver/Src/stm32f4xx_hal.c **** #define __STM32F4xx_HAL_VERSION         ((__STM32F4xx_HAL_VERSION_MAIN << 24U)\
  76:Drivers/STM32F4xx_HAL_Driver/Src/stm32f4xx_hal.c ****                                         |(__STM32F4xx_HAL_VERSION_SUB1 << 16U)\
  77:Drivers/STM32F4xx_HAL_Driver/Src/stm32f4xx_hal.c ****                                         |(__STM32F4xx_HAL_VERSION_SUB2 << 8U )\
  78:Drivers/STM32F4xx_HAL_Driver/Src/stm32f4xx_hal.c ****                                         |(__STM32F4xx_HAL_VERSION_RC))
  79:Drivers/STM32F4xx_HAL_Driver/Src/stm32f4xx_hal.c ****                                         
  80:Drivers/STM32F4xx_HAL_Driver/Src/stm32f4xx_hal.c **** #define IDCODE_DEVID_MASK    0x00000FFFU
  81:Drivers/STM32F4xx_HAL_Driver/Src/stm32f4xx_hal.c **** 
  82:Drivers/STM32F4xx_HAL_Driver/Src/stm32f4xx_hal.c **** /* ------------ RCC registers bit address in the alias region ----------- */
  83:Drivers/STM32F4xx_HAL_Driver/Src/stm32f4xx_hal.c **** #define SYSCFG_OFFSET             (SYSCFG_BASE - PERIPH_BASE)
  84:Drivers/STM32F4xx_HAL_Driver/Src/stm32f4xx_hal.c **** /* ---  MEMRMP Register ---*/ 
  85:Drivers/STM32F4xx_HAL_Driver/Src/stm32f4xx_hal.c **** /* Alias word address of UFB_MODE bit */ 
  86:Drivers/STM32F4xx_HAL_Driver/Src/stm32f4xx_hal.c **** #define MEMRMP_OFFSET             SYSCFG_OFFSET 
ARM GAS  C:\Users\shun2\AppData\Local\Temp\ccF5Boou.s 			page 3


  87:Drivers/STM32F4xx_HAL_Driver/Src/stm32f4xx_hal.c **** #define UFB_MODE_BIT_NUMBER       SYSCFG_MEMRMP_UFB_MODE_Pos
  88:Drivers/STM32F4xx_HAL_Driver/Src/stm32f4xx_hal.c **** #define UFB_MODE_BB               (uint32_t)(PERIPH_BB_BASE + (MEMRMP_OFFSET * 32U) + (UFB_MODE_BIT
  89:Drivers/STM32F4xx_HAL_Driver/Src/stm32f4xx_hal.c **** 
  90:Drivers/STM32F4xx_HAL_Driver/Src/stm32f4xx_hal.c **** /* ---  CMPCR Register ---*/ 
  91:Drivers/STM32F4xx_HAL_Driver/Src/stm32f4xx_hal.c **** /* Alias word address of CMP_PD bit */ 
  92:Drivers/STM32F4xx_HAL_Driver/Src/stm32f4xx_hal.c **** #define CMPCR_OFFSET              (SYSCFG_OFFSET + 0x20U) 
  93:Drivers/STM32F4xx_HAL_Driver/Src/stm32f4xx_hal.c **** #define CMP_PD_BIT_NUMBER         SYSCFG_CMPCR_CMP_PD_Pos
  94:Drivers/STM32F4xx_HAL_Driver/Src/stm32f4xx_hal.c **** #define CMPCR_CMP_PD_BB           (uint32_t)(PERIPH_BB_BASE + (CMPCR_OFFSET * 32U) + (CMP_PD_BIT_NU
  95:Drivers/STM32F4xx_HAL_Driver/Src/stm32f4xx_hal.c **** 
  96:Drivers/STM32F4xx_HAL_Driver/Src/stm32f4xx_hal.c **** /* ---  MCHDLYCR Register ---*/ 
  97:Drivers/STM32F4xx_HAL_Driver/Src/stm32f4xx_hal.c **** /* Alias word address of BSCKSEL bit */ 
  98:Drivers/STM32F4xx_HAL_Driver/Src/stm32f4xx_hal.c **** #define MCHDLYCR_OFFSET            (SYSCFG_OFFSET + 0x30U) 
  99:Drivers/STM32F4xx_HAL_Driver/Src/stm32f4xx_hal.c **** #define BSCKSEL_BIT_NUMBER         SYSCFG_MCHDLYCR_BSCKSEL_Pos
 100:Drivers/STM32F4xx_HAL_Driver/Src/stm32f4xx_hal.c **** #define MCHDLYCR_BSCKSEL_BB        (uint32_t)(PERIPH_BB_BASE + (MCHDLYCR_OFFSET * 32U) + (BSCKSEL_B
 101:Drivers/STM32F4xx_HAL_Driver/Src/stm32f4xx_hal.c **** /**
 102:Drivers/STM32F4xx_HAL_Driver/Src/stm32f4xx_hal.c ****   * @}
 103:Drivers/STM32F4xx_HAL_Driver/Src/stm32f4xx_hal.c ****   */
 104:Drivers/STM32F4xx_HAL_Driver/Src/stm32f4xx_hal.c **** 
 105:Drivers/STM32F4xx_HAL_Driver/Src/stm32f4xx_hal.c **** /* Private macro -------------------------------------------------------------*/
 106:Drivers/STM32F4xx_HAL_Driver/Src/stm32f4xx_hal.c **** /* Private variables ---------------------------------------------------------*/
 107:Drivers/STM32F4xx_HAL_Driver/Src/stm32f4xx_hal.c **** /** @addtogroup HAL_Private_Variables
 108:Drivers/STM32F4xx_HAL_Driver/Src/stm32f4xx_hal.c ****   * @{
 109:Drivers/STM32F4xx_HAL_Driver/Src/stm32f4xx_hal.c ****   */
 110:Drivers/STM32F4xx_HAL_Driver/Src/stm32f4xx_hal.c **** __IO uint32_t uwTick;
 111:Drivers/STM32F4xx_HAL_Driver/Src/stm32f4xx_hal.c **** uint32_t uwTickPrio   = (1UL << __NVIC_PRIO_BITS); /* Invalid PRIO */
 112:Drivers/STM32F4xx_HAL_Driver/Src/stm32f4xx_hal.c **** HAL_TickFreqTypeDef uwTickFreq = HAL_TICK_FREQ_DEFAULT;  /* 1KHz */
 113:Drivers/STM32F4xx_HAL_Driver/Src/stm32f4xx_hal.c **** /**
 114:Drivers/STM32F4xx_HAL_Driver/Src/stm32f4xx_hal.c ****   * @}
 115:Drivers/STM32F4xx_HAL_Driver/Src/stm32f4xx_hal.c ****   */
 116:Drivers/STM32F4xx_HAL_Driver/Src/stm32f4xx_hal.c **** /* Private function prototypes -----------------------------------------------*/
 117:Drivers/STM32F4xx_HAL_Driver/Src/stm32f4xx_hal.c **** /* Private functions ---------------------------------------------------------*/
 118:Drivers/STM32F4xx_HAL_Driver/Src/stm32f4xx_hal.c **** 
 119:Drivers/STM32F4xx_HAL_Driver/Src/stm32f4xx_hal.c **** /** @defgroup HAL_Exported_Functions HAL Exported Functions
 120:Drivers/STM32F4xx_HAL_Driver/Src/stm32f4xx_hal.c ****   * @{
 121:Drivers/STM32F4xx_HAL_Driver/Src/stm32f4xx_hal.c ****   */
 122:Drivers/STM32F4xx_HAL_Driver/Src/stm32f4xx_hal.c **** 
 123:Drivers/STM32F4xx_HAL_Driver/Src/stm32f4xx_hal.c **** /** @defgroup HAL_Exported_Functions_Group1 Initialization and de-initialization Functions 
 124:Drivers/STM32F4xx_HAL_Driver/Src/stm32f4xx_hal.c ****  *  @brief    Initialization and de-initialization functions
 125:Drivers/STM32F4xx_HAL_Driver/Src/stm32f4xx_hal.c ****  *
 126:Drivers/STM32F4xx_HAL_Driver/Src/stm32f4xx_hal.c **** @verbatim    
 127:Drivers/STM32F4xx_HAL_Driver/Src/stm32f4xx_hal.c ****  ===============================================================================
 128:Drivers/STM32F4xx_HAL_Driver/Src/stm32f4xx_hal.c ****               ##### Initialization and Configuration functions #####
 129:Drivers/STM32F4xx_HAL_Driver/Src/stm32f4xx_hal.c ****  ===============================================================================
 130:Drivers/STM32F4xx_HAL_Driver/Src/stm32f4xx_hal.c ****     [..]  This section provides functions allowing to:
 131:Drivers/STM32F4xx_HAL_Driver/Src/stm32f4xx_hal.c ****       (+) Initializes the Flash interface the NVIC allocation and initial clock 
 132:Drivers/STM32F4xx_HAL_Driver/Src/stm32f4xx_hal.c ****           configuration. It initializes the systick also when timeout is needed 
 133:Drivers/STM32F4xx_HAL_Driver/Src/stm32f4xx_hal.c ****           and the backup domain when enabled.
 134:Drivers/STM32F4xx_HAL_Driver/Src/stm32f4xx_hal.c ****       (+) De-Initializes common part of the HAL.
 135:Drivers/STM32F4xx_HAL_Driver/Src/stm32f4xx_hal.c ****       (+) Configure the time base source to have 1ms time base with a dedicated 
 136:Drivers/STM32F4xx_HAL_Driver/Src/stm32f4xx_hal.c ****           Tick interrupt priority. 
 137:Drivers/STM32F4xx_HAL_Driver/Src/stm32f4xx_hal.c ****         (++) SysTick timer is used by default as source of time base, but user
 138:Drivers/STM32F4xx_HAL_Driver/Src/stm32f4xx_hal.c ****              can eventually implement his proper time base source (a general purpose 
 139:Drivers/STM32F4xx_HAL_Driver/Src/stm32f4xx_hal.c ****              timer for example or other time source), keeping in mind that Time base 
 140:Drivers/STM32F4xx_HAL_Driver/Src/stm32f4xx_hal.c ****              duration should be kept 1ms since PPP_TIMEOUT_VALUEs are defined and 
 141:Drivers/STM32F4xx_HAL_Driver/Src/stm32f4xx_hal.c ****              handled in milliseconds basis.
 142:Drivers/STM32F4xx_HAL_Driver/Src/stm32f4xx_hal.c ****         (++) Time base configuration function (HAL_InitTick ()) is called automatically 
 143:Drivers/STM32F4xx_HAL_Driver/Src/stm32f4xx_hal.c ****              at the beginning of the program after reset by HAL_Init() or at any time 
ARM GAS  C:\Users\shun2\AppData\Local\Temp\ccF5Boou.s 			page 4


 144:Drivers/STM32F4xx_HAL_Driver/Src/stm32f4xx_hal.c ****              when clock is configured, by HAL_RCC_ClockConfig(). 
 145:Drivers/STM32F4xx_HAL_Driver/Src/stm32f4xx_hal.c ****         (++) Source of time base is configured  to generate interrupts at regular 
 146:Drivers/STM32F4xx_HAL_Driver/Src/stm32f4xx_hal.c ****              time intervals. Care must be taken if HAL_Delay() is called from a 
 147:Drivers/STM32F4xx_HAL_Driver/Src/stm32f4xx_hal.c ****              peripheral ISR process, the Tick interrupt line must have higher priority 
 148:Drivers/STM32F4xx_HAL_Driver/Src/stm32f4xx_hal.c ****             (numerically lower) than the peripheral interrupt. Otherwise the caller 
 149:Drivers/STM32F4xx_HAL_Driver/Src/stm32f4xx_hal.c ****             ISR process will be blocked. 
 150:Drivers/STM32F4xx_HAL_Driver/Src/stm32f4xx_hal.c ****        (++) functions affecting time base configurations are declared as __weak  
 151:Drivers/STM32F4xx_HAL_Driver/Src/stm32f4xx_hal.c ****              to make  override possible  in case of other  implementations in user file.
 152:Drivers/STM32F4xx_HAL_Driver/Src/stm32f4xx_hal.c **** @endverbatim
 153:Drivers/STM32F4xx_HAL_Driver/Src/stm32f4xx_hal.c ****   * @{
 154:Drivers/STM32F4xx_HAL_Driver/Src/stm32f4xx_hal.c ****   */
 155:Drivers/STM32F4xx_HAL_Driver/Src/stm32f4xx_hal.c **** 
 156:Drivers/STM32F4xx_HAL_Driver/Src/stm32f4xx_hal.c **** /**
 157:Drivers/STM32F4xx_HAL_Driver/Src/stm32f4xx_hal.c ****   * @brief  This function is used to initialize the HAL Library; it must be the first 
 158:Drivers/STM32F4xx_HAL_Driver/Src/stm32f4xx_hal.c ****   *         instruction to be executed in the main program (before to call any other
 159:Drivers/STM32F4xx_HAL_Driver/Src/stm32f4xx_hal.c ****   *         HAL function), it performs the following:
 160:Drivers/STM32F4xx_HAL_Driver/Src/stm32f4xx_hal.c ****   *           Configure the Flash prefetch, instruction and Data caches.
 161:Drivers/STM32F4xx_HAL_Driver/Src/stm32f4xx_hal.c ****   *           Configures the SysTick to generate an interrupt each 1 millisecond,
 162:Drivers/STM32F4xx_HAL_Driver/Src/stm32f4xx_hal.c ****   *           which is clocked by the HSI (at this stage, the clock is not yet
 163:Drivers/STM32F4xx_HAL_Driver/Src/stm32f4xx_hal.c ****   *           configured and thus the system is running from the internal HSI at 16 MHz).
 164:Drivers/STM32F4xx_HAL_Driver/Src/stm32f4xx_hal.c ****   *           Set NVIC Group Priority to 4.
 165:Drivers/STM32F4xx_HAL_Driver/Src/stm32f4xx_hal.c ****   *           Calls the HAL_MspInit() callback function defined in user file 
 166:Drivers/STM32F4xx_HAL_Driver/Src/stm32f4xx_hal.c ****   *           "stm32f4xx_hal_msp.c" to do the global low level hardware initialization 
 167:Drivers/STM32F4xx_HAL_Driver/Src/stm32f4xx_hal.c ****   *            
 168:Drivers/STM32F4xx_HAL_Driver/Src/stm32f4xx_hal.c ****   * @note   SysTick is used as time base for the HAL_Delay() function, the application
 169:Drivers/STM32F4xx_HAL_Driver/Src/stm32f4xx_hal.c ****   *         need to ensure that the SysTick time base is always set to 1 millisecond
 170:Drivers/STM32F4xx_HAL_Driver/Src/stm32f4xx_hal.c ****   *         to have correct HAL operation.
 171:Drivers/STM32F4xx_HAL_Driver/Src/stm32f4xx_hal.c ****   * @retval HAL status
 172:Drivers/STM32F4xx_HAL_Driver/Src/stm32f4xx_hal.c ****   */
 173:Drivers/STM32F4xx_HAL_Driver/Src/stm32f4xx_hal.c **** HAL_StatusTypeDef HAL_Init(void)
 174:Drivers/STM32F4xx_HAL_Driver/Src/stm32f4xx_hal.c **** {
 175:Drivers/STM32F4xx_HAL_Driver/Src/stm32f4xx_hal.c ****   /* Configure Flash prefetch, Instruction cache, Data cache */ 
 176:Drivers/STM32F4xx_HAL_Driver/Src/stm32f4xx_hal.c **** #if (INSTRUCTION_CACHE_ENABLE != 0U)
 177:Drivers/STM32F4xx_HAL_Driver/Src/stm32f4xx_hal.c ****   __HAL_FLASH_INSTRUCTION_CACHE_ENABLE();
 178:Drivers/STM32F4xx_HAL_Driver/Src/stm32f4xx_hal.c **** #endif /* INSTRUCTION_CACHE_ENABLE */
 179:Drivers/STM32F4xx_HAL_Driver/Src/stm32f4xx_hal.c **** 
 180:Drivers/STM32F4xx_HAL_Driver/Src/stm32f4xx_hal.c **** #if (DATA_CACHE_ENABLE != 0U)
 181:Drivers/STM32F4xx_HAL_Driver/Src/stm32f4xx_hal.c ****   __HAL_FLASH_DATA_CACHE_ENABLE();
 182:Drivers/STM32F4xx_HAL_Driver/Src/stm32f4xx_hal.c **** #endif /* DATA_CACHE_ENABLE */
 183:Drivers/STM32F4xx_HAL_Driver/Src/stm32f4xx_hal.c **** 
 184:Drivers/STM32F4xx_HAL_Driver/Src/stm32f4xx_hal.c **** #if (PREFETCH_ENABLE != 0U)
 185:Drivers/STM32F4xx_HAL_Driver/Src/stm32f4xx_hal.c ****   __HAL_FLASH_PREFETCH_BUFFER_ENABLE();
 186:Drivers/STM32F4xx_HAL_Driver/Src/stm32f4xx_hal.c **** #endif /* PREFETCH_ENABLE */
 187:Drivers/STM32F4xx_HAL_Driver/Src/stm32f4xx_hal.c **** 
 188:Drivers/STM32F4xx_HAL_Driver/Src/stm32f4xx_hal.c ****   /* Set Interrupt Group Priority */
 189:Drivers/STM32F4xx_HAL_Driver/Src/stm32f4xx_hal.c ****   HAL_NVIC_SetPriorityGrouping(NVIC_PRIORITYGROUP_4);
 190:Drivers/STM32F4xx_HAL_Driver/Src/stm32f4xx_hal.c **** 
 191:Drivers/STM32F4xx_HAL_Driver/Src/stm32f4xx_hal.c ****   /* Use systick as time base source and configure 1ms tick (default clock after Reset is HSI) */
 192:Drivers/STM32F4xx_HAL_Driver/Src/stm32f4xx_hal.c ****   HAL_InitTick(TICK_INT_PRIORITY);
 193:Drivers/STM32F4xx_HAL_Driver/Src/stm32f4xx_hal.c **** 
 194:Drivers/STM32F4xx_HAL_Driver/Src/stm32f4xx_hal.c ****   /* Init the low level hardware */
 195:Drivers/STM32F4xx_HAL_Driver/Src/stm32f4xx_hal.c ****   HAL_MspInit();
 196:Drivers/STM32F4xx_HAL_Driver/Src/stm32f4xx_hal.c **** 
 197:Drivers/STM32F4xx_HAL_Driver/Src/stm32f4xx_hal.c ****   /* Return function status */
 198:Drivers/STM32F4xx_HAL_Driver/Src/stm32f4xx_hal.c ****   return HAL_OK;
 199:Drivers/STM32F4xx_HAL_Driver/Src/stm32f4xx_hal.c **** }
 200:Drivers/STM32F4xx_HAL_Driver/Src/stm32f4xx_hal.c **** 
ARM GAS  C:\Users\shun2\AppData\Local\Temp\ccF5Boou.s 			page 5


 201:Drivers/STM32F4xx_HAL_Driver/Src/stm32f4xx_hal.c **** /**
 202:Drivers/STM32F4xx_HAL_Driver/Src/stm32f4xx_hal.c ****   * @brief  This function de-Initializes common part of the HAL and stops the systick.
 203:Drivers/STM32F4xx_HAL_Driver/Src/stm32f4xx_hal.c ****   *         This function is optional.   
 204:Drivers/STM32F4xx_HAL_Driver/Src/stm32f4xx_hal.c ****   * @retval HAL status
 205:Drivers/STM32F4xx_HAL_Driver/Src/stm32f4xx_hal.c ****   */
 206:Drivers/STM32F4xx_HAL_Driver/Src/stm32f4xx_hal.c **** HAL_StatusTypeDef HAL_DeInit(void)
 207:Drivers/STM32F4xx_HAL_Driver/Src/stm32f4xx_hal.c **** {
 208:Drivers/STM32F4xx_HAL_Driver/Src/stm32f4xx_hal.c ****   /* Reset of all peripherals */
 209:Drivers/STM32F4xx_HAL_Driver/Src/stm32f4xx_hal.c ****   __HAL_RCC_APB1_FORCE_RESET();
 210:Drivers/STM32F4xx_HAL_Driver/Src/stm32f4xx_hal.c ****   __HAL_RCC_APB1_RELEASE_RESET();
 211:Drivers/STM32F4xx_HAL_Driver/Src/stm32f4xx_hal.c **** 
 212:Drivers/STM32F4xx_HAL_Driver/Src/stm32f4xx_hal.c ****   __HAL_RCC_APB2_FORCE_RESET();
 213:Drivers/STM32F4xx_HAL_Driver/Src/stm32f4xx_hal.c ****   __HAL_RCC_APB2_RELEASE_RESET();
 214:Drivers/STM32F4xx_HAL_Driver/Src/stm32f4xx_hal.c **** 
 215:Drivers/STM32F4xx_HAL_Driver/Src/stm32f4xx_hal.c ****   __HAL_RCC_AHB1_FORCE_RESET();
 216:Drivers/STM32F4xx_HAL_Driver/Src/stm32f4xx_hal.c ****   __HAL_RCC_AHB1_RELEASE_RESET();
 217:Drivers/STM32F4xx_HAL_Driver/Src/stm32f4xx_hal.c **** 
 218:Drivers/STM32F4xx_HAL_Driver/Src/stm32f4xx_hal.c ****   __HAL_RCC_AHB2_FORCE_RESET();
 219:Drivers/STM32F4xx_HAL_Driver/Src/stm32f4xx_hal.c ****   __HAL_RCC_AHB2_RELEASE_RESET();
 220:Drivers/STM32F4xx_HAL_Driver/Src/stm32f4xx_hal.c **** 
 221:Drivers/STM32F4xx_HAL_Driver/Src/stm32f4xx_hal.c ****   __HAL_RCC_AHB3_FORCE_RESET();
 222:Drivers/STM32F4xx_HAL_Driver/Src/stm32f4xx_hal.c ****   __HAL_RCC_AHB3_RELEASE_RESET();
 223:Drivers/STM32F4xx_HAL_Driver/Src/stm32f4xx_hal.c **** 
 224:Drivers/STM32F4xx_HAL_Driver/Src/stm32f4xx_hal.c ****   /* De-Init the low level hardware */
 225:Drivers/STM32F4xx_HAL_Driver/Src/stm32f4xx_hal.c ****   HAL_MspDeInit();
 226:Drivers/STM32F4xx_HAL_Driver/Src/stm32f4xx_hal.c ****     
 227:Drivers/STM32F4xx_HAL_Driver/Src/stm32f4xx_hal.c ****   /* Return function status */
 228:Drivers/STM32F4xx_HAL_Driver/Src/stm32f4xx_hal.c ****   return HAL_OK;
 229:Drivers/STM32F4xx_HAL_Driver/Src/stm32f4xx_hal.c **** }
 230:Drivers/STM32F4xx_HAL_Driver/Src/stm32f4xx_hal.c **** 
 231:Drivers/STM32F4xx_HAL_Driver/Src/stm32f4xx_hal.c **** /**
 232:Drivers/STM32F4xx_HAL_Driver/Src/stm32f4xx_hal.c ****   * @brief  Initialize the MSP.
 233:Drivers/STM32F4xx_HAL_Driver/Src/stm32f4xx_hal.c ****   * @retval None
 234:Drivers/STM32F4xx_HAL_Driver/Src/stm32f4xx_hal.c ****   */
 235:Drivers/STM32F4xx_HAL_Driver/Src/stm32f4xx_hal.c **** __weak void HAL_MspInit(void)
 236:Drivers/STM32F4xx_HAL_Driver/Src/stm32f4xx_hal.c **** {
  30              		.loc 1 236 0
  31              		.cfi_startproc
  32              		@ args = 0, pretend = 0, frame = 0
  33              		@ frame_needed = 0, uses_anonymous_args = 0
  34              		@ link register save eliminated.
  35 0000 7047     		bx	lr
  36              		.cfi_endproc
  37              	.LFE126:
  39 0002 00BF     		.section	.text.HAL_MspDeInit,"ax",%progbits
  40              		.align	2
  41              		.weak	HAL_MspDeInit
  42              		.thumb
  43              		.thumb_func
  45              	HAL_MspDeInit:
  46              	.LFB127:
 237:Drivers/STM32F4xx_HAL_Driver/Src/stm32f4xx_hal.c ****   /* NOTE : This function should not be modified, when the callback is needed,
 238:Drivers/STM32F4xx_HAL_Driver/Src/stm32f4xx_hal.c ****             the HAL_MspInit could be implemented in the user file
 239:Drivers/STM32F4xx_HAL_Driver/Src/stm32f4xx_hal.c ****    */
 240:Drivers/STM32F4xx_HAL_Driver/Src/stm32f4xx_hal.c **** }
 241:Drivers/STM32F4xx_HAL_Driver/Src/stm32f4xx_hal.c **** 
 242:Drivers/STM32F4xx_HAL_Driver/Src/stm32f4xx_hal.c **** /**
ARM GAS  C:\Users\shun2\AppData\Local\Temp\ccF5Boou.s 			page 6


 243:Drivers/STM32F4xx_HAL_Driver/Src/stm32f4xx_hal.c ****   * @brief  DeInitializes the MSP.
 244:Drivers/STM32F4xx_HAL_Driver/Src/stm32f4xx_hal.c ****   * @retval None
 245:Drivers/STM32F4xx_HAL_Driver/Src/stm32f4xx_hal.c ****   */
 246:Drivers/STM32F4xx_HAL_Driver/Src/stm32f4xx_hal.c **** __weak void HAL_MspDeInit(void)
 247:Drivers/STM32F4xx_HAL_Driver/Src/stm32f4xx_hal.c **** {
  47              		.loc 1 247 0
  48              		.cfi_startproc
  49              		@ args = 0, pretend = 0, frame = 0
  50              		@ frame_needed = 0, uses_anonymous_args = 0
  51              		@ link register save eliminated.
  52 0000 7047     		bx	lr
  53              		.cfi_endproc
  54              	.LFE127:
  56 0002 00BF     		.section	.text.HAL_DeInit,"ax",%progbits
  57              		.align	2
  58              		.global	HAL_DeInit
  59              		.thumb
  60              		.thumb_func
  62              	HAL_DeInit:
  63              	.LFB125:
 207:Drivers/STM32F4xx_HAL_Driver/Src/stm32f4xx_hal.c ****   /* Reset of all peripherals */
  64              		.loc 1 207 0
  65              		.cfi_startproc
  66              		@ args = 0, pretend = 0, frame = 0
  67              		@ frame_needed = 0, uses_anonymous_args = 0
 207:Drivers/STM32F4xx_HAL_Driver/Src/stm32f4xx_hal.c ****   /* Reset of all peripherals */
  68              		.loc 1 207 0
  69 0000 10B5     		push	{r4, lr}
  70              	.LCFI0:
  71              		.cfi_def_cfa_offset 8
  72              		.cfi_offset 4, -8
  73              		.cfi_offset 14, -4
 209:Drivers/STM32F4xx_HAL_Driver/Src/stm32f4xx_hal.c ****   __HAL_RCC_APB1_RELEASE_RESET();
  74              		.loc 1 209 0
  75 0002 094B     		ldr	r3, .L5
  76 0004 4FF0FF32 		mov	r2, #-1
  77 0008 1A62     		str	r2, [r3, #32]
 210:Drivers/STM32F4xx_HAL_Driver/Src/stm32f4xx_hal.c **** 
  78              		.loc 1 210 0
  79 000a 0024     		movs	r4, #0
  80 000c 1C62     		str	r4, [r3, #32]
 212:Drivers/STM32F4xx_HAL_Driver/Src/stm32f4xx_hal.c ****   __HAL_RCC_APB2_RELEASE_RESET();
  81              		.loc 1 212 0
  82 000e 5A62     		str	r2, [r3, #36]
 213:Drivers/STM32F4xx_HAL_Driver/Src/stm32f4xx_hal.c **** 
  83              		.loc 1 213 0
  84 0010 5C62     		str	r4, [r3, #36]
 215:Drivers/STM32F4xx_HAL_Driver/Src/stm32f4xx_hal.c ****   __HAL_RCC_AHB1_RELEASE_RESET();
  85              		.loc 1 215 0
  86 0012 1A61     		str	r2, [r3, #16]
 216:Drivers/STM32F4xx_HAL_Driver/Src/stm32f4xx_hal.c **** 
  87              		.loc 1 216 0
  88 0014 1C61     		str	r4, [r3, #16]
 218:Drivers/STM32F4xx_HAL_Driver/Src/stm32f4xx_hal.c ****   __HAL_RCC_AHB2_RELEASE_RESET();
  89              		.loc 1 218 0
  90 0016 5A61     		str	r2, [r3, #20]
 219:Drivers/STM32F4xx_HAL_Driver/Src/stm32f4xx_hal.c **** 
ARM GAS  C:\Users\shun2\AppData\Local\Temp\ccF5Boou.s 			page 7


  91              		.loc 1 219 0
  92 0018 5C61     		str	r4, [r3, #20]
 221:Drivers/STM32F4xx_HAL_Driver/Src/stm32f4xx_hal.c ****   __HAL_RCC_AHB3_RELEASE_RESET();
  93              		.loc 1 221 0
  94 001a 9A61     		str	r2, [r3, #24]
 222:Drivers/STM32F4xx_HAL_Driver/Src/stm32f4xx_hal.c **** 
  95              		.loc 1 222 0
  96 001c 9C61     		str	r4, [r3, #24]
 225:Drivers/STM32F4xx_HAL_Driver/Src/stm32f4xx_hal.c ****     
  97              		.loc 1 225 0
  98 001e FFF7FEFF 		bl	HAL_MspDeInit
  99              	.LVL0:
 229:Drivers/STM32F4xx_HAL_Driver/Src/stm32f4xx_hal.c **** 
 100              		.loc 1 229 0
 101 0022 2046     		mov	r0, r4
 102 0024 10BD     		pop	{r4, pc}
 103              	.L6:
 104 0026 00BF     		.align	2
 105              	.L5:
 106 0028 00380240 		.word	1073887232
 107              		.cfi_endproc
 108              	.LFE125:
 110              		.section	.text.HAL_InitTick,"ax",%progbits
 111              		.align	2
 112              		.weak	HAL_InitTick
 113              		.thumb
 114              		.thumb_func
 116              	HAL_InitTick:
 117              	.LFB128:
 248:Drivers/STM32F4xx_HAL_Driver/Src/stm32f4xx_hal.c ****   /* NOTE : This function should not be modified, when the callback is needed,
 249:Drivers/STM32F4xx_HAL_Driver/Src/stm32f4xx_hal.c ****             the HAL_MspDeInit could be implemented in the user file
 250:Drivers/STM32F4xx_HAL_Driver/Src/stm32f4xx_hal.c ****    */ 
 251:Drivers/STM32F4xx_HAL_Driver/Src/stm32f4xx_hal.c **** }
 252:Drivers/STM32F4xx_HAL_Driver/Src/stm32f4xx_hal.c **** 
 253:Drivers/STM32F4xx_HAL_Driver/Src/stm32f4xx_hal.c **** /**
 254:Drivers/STM32F4xx_HAL_Driver/Src/stm32f4xx_hal.c ****   * @brief This function configures the source of the time base.
 255:Drivers/STM32F4xx_HAL_Driver/Src/stm32f4xx_hal.c ****   *        The time source is configured  to have 1ms time base with a dedicated 
 256:Drivers/STM32F4xx_HAL_Driver/Src/stm32f4xx_hal.c ****   *        Tick interrupt priority.
 257:Drivers/STM32F4xx_HAL_Driver/Src/stm32f4xx_hal.c ****   * @note This function is called  automatically at the beginning of program after
 258:Drivers/STM32F4xx_HAL_Driver/Src/stm32f4xx_hal.c ****   *       reset by HAL_Init() or at any time when clock is reconfigured  by HAL_RCC_ClockConfig().
 259:Drivers/STM32F4xx_HAL_Driver/Src/stm32f4xx_hal.c ****   * @note In the default implementation, SysTick timer is the source of time base. 
 260:Drivers/STM32F4xx_HAL_Driver/Src/stm32f4xx_hal.c ****   *       It is used to generate interrupts at regular time intervals. 
 261:Drivers/STM32F4xx_HAL_Driver/Src/stm32f4xx_hal.c ****   *       Care must be taken if HAL_Delay() is called from a peripheral ISR process, 
 262:Drivers/STM32F4xx_HAL_Driver/Src/stm32f4xx_hal.c ****   *       The SysTick interrupt must have higher priority (numerically lower)
 263:Drivers/STM32F4xx_HAL_Driver/Src/stm32f4xx_hal.c ****   *       than the peripheral interrupt. Otherwise the caller ISR process will be blocked.
 264:Drivers/STM32F4xx_HAL_Driver/Src/stm32f4xx_hal.c ****   *       The function is declared as __weak  to be overwritten  in case of other
 265:Drivers/STM32F4xx_HAL_Driver/Src/stm32f4xx_hal.c ****   *       implementation  in user file.
 266:Drivers/STM32F4xx_HAL_Driver/Src/stm32f4xx_hal.c ****   * @param TickPriority Tick interrupt priority.
 267:Drivers/STM32F4xx_HAL_Driver/Src/stm32f4xx_hal.c ****   * @retval HAL status
 268:Drivers/STM32F4xx_HAL_Driver/Src/stm32f4xx_hal.c ****   */
 269:Drivers/STM32F4xx_HAL_Driver/Src/stm32f4xx_hal.c **** __weak HAL_StatusTypeDef HAL_InitTick(uint32_t TickPriority)
 270:Drivers/STM32F4xx_HAL_Driver/Src/stm32f4xx_hal.c **** {
 118              		.loc 1 270 0
 119              		.cfi_startproc
 120              		@ args = 0, pretend = 0, frame = 0
 121              		@ frame_needed = 0, uses_anonymous_args = 0
 122              	.LVL1:
ARM GAS  C:\Users\shun2\AppData\Local\Temp\ccF5Boou.s 			page 8


 123 0000 10B5     		push	{r4, lr}
 124              	.LCFI1:
 125              		.cfi_def_cfa_offset 8
 126              		.cfi_offset 4, -8
 127              		.cfi_offset 14, -4
 128 0002 0446     		mov	r4, r0
 271:Drivers/STM32F4xx_HAL_Driver/Src/stm32f4xx_hal.c ****   /* Configure the SysTick to have interrupt in 1ms time basis*/
 272:Drivers/STM32F4xx_HAL_Driver/Src/stm32f4xx_hal.c ****   if (HAL_SYSTICK_Config(SystemCoreClock / (1000U / uwTickFreq)) > 0U)
 129              		.loc 1 272 0
 130 0004 0E4B     		ldr	r3, .L12
 131 0006 1878     		ldrb	r0, [r3]	@ zero_extendqisi2
 132              	.LVL2:
 133 0008 4FF47A73 		mov	r3, #1000
 134 000c B3FBF0F3 		udiv	r3, r3, r0
 135 0010 0C4A     		ldr	r2, .L12+4
 136 0012 1068     		ldr	r0, [r2]
 137 0014 B0FBF3F0 		udiv	r0, r0, r3
 138 0018 FFF7FEFF 		bl	HAL_SYSTICK_Config
 139              	.LVL3:
 140 001c 58B9     		cbnz	r0, .L9
 273:Drivers/STM32F4xx_HAL_Driver/Src/stm32f4xx_hal.c ****   {
 274:Drivers/STM32F4xx_HAL_Driver/Src/stm32f4xx_hal.c ****     return HAL_ERROR;
 275:Drivers/STM32F4xx_HAL_Driver/Src/stm32f4xx_hal.c ****   }
 276:Drivers/STM32F4xx_HAL_Driver/Src/stm32f4xx_hal.c **** 
 277:Drivers/STM32F4xx_HAL_Driver/Src/stm32f4xx_hal.c ****   /* Configure the SysTick IRQ priority */
 278:Drivers/STM32F4xx_HAL_Driver/Src/stm32f4xx_hal.c ****   if (TickPriority < (1UL << __NVIC_PRIO_BITS))
 141              		.loc 1 278 0
 142 001e 0F2C     		cmp	r4, #15
 143 0020 0BD8     		bhi	.L10
 279:Drivers/STM32F4xx_HAL_Driver/Src/stm32f4xx_hal.c ****   {
 280:Drivers/STM32F4xx_HAL_Driver/Src/stm32f4xx_hal.c ****     HAL_NVIC_SetPriority(SysTick_IRQn, TickPriority, 0U);
 144              		.loc 1 280 0
 145 0022 0022     		movs	r2, #0
 146 0024 2146     		mov	r1, r4
 147 0026 4FF0FF30 		mov	r0, #-1
 148 002a FFF7FEFF 		bl	HAL_NVIC_SetPriority
 149              	.LVL4:
 281:Drivers/STM32F4xx_HAL_Driver/Src/stm32f4xx_hal.c ****     uwTickPrio = TickPriority;
 150              		.loc 1 281 0
 151 002e 064B     		ldr	r3, .L12+8
 152 0030 1C60     		str	r4, [r3]
 282:Drivers/STM32F4xx_HAL_Driver/Src/stm32f4xx_hal.c ****   }
 283:Drivers/STM32F4xx_HAL_Driver/Src/stm32f4xx_hal.c ****   else
 284:Drivers/STM32F4xx_HAL_Driver/Src/stm32f4xx_hal.c ****   {
 285:Drivers/STM32F4xx_HAL_Driver/Src/stm32f4xx_hal.c ****     return HAL_ERROR;
 286:Drivers/STM32F4xx_HAL_Driver/Src/stm32f4xx_hal.c ****   }
 287:Drivers/STM32F4xx_HAL_Driver/Src/stm32f4xx_hal.c **** 
 288:Drivers/STM32F4xx_HAL_Driver/Src/stm32f4xx_hal.c ****   /* Return function status */
 289:Drivers/STM32F4xx_HAL_Driver/Src/stm32f4xx_hal.c ****   return HAL_OK;
 153              		.loc 1 289 0
 154 0032 0020     		movs	r0, #0
 155 0034 10BD     		pop	{r4, pc}
 156              	.LVL5:
 157              	.L9:
 274:Drivers/STM32F4xx_HAL_Driver/Src/stm32f4xx_hal.c ****   }
 158              		.loc 1 274 0
 159 0036 0120     		movs	r0, #1
ARM GAS  C:\Users\shun2\AppData\Local\Temp\ccF5Boou.s 			page 9


 160 0038 10BD     		pop	{r4, pc}
 161              	.LVL6:
 162              	.L10:
 285:Drivers/STM32F4xx_HAL_Driver/Src/stm32f4xx_hal.c ****   }
 163              		.loc 1 285 0
 164 003a 0120     		movs	r0, #1
 290:Drivers/STM32F4xx_HAL_Driver/Src/stm32f4xx_hal.c **** }
 165              		.loc 1 290 0
 166 003c 10BD     		pop	{r4, pc}
 167              	.LVL7:
 168              	.L13:
 169 003e 00BF     		.align	2
 170              	.L12:
 171 0040 00000000 		.word	.LANCHOR0
 172 0044 00000000 		.word	SystemCoreClock
 173 0048 00000000 		.word	.LANCHOR1
 174              		.cfi_endproc
 175              	.LFE128:
 177              		.section	.text.HAL_Init,"ax",%progbits
 178              		.align	2
 179              		.global	HAL_Init
 180              		.thumb
 181              		.thumb_func
 183              	HAL_Init:
 184              	.LFB124:
 174:Drivers/STM32F4xx_HAL_Driver/Src/stm32f4xx_hal.c ****   /* Configure Flash prefetch, Instruction cache, Data cache */ 
 185              		.loc 1 174 0
 186              		.cfi_startproc
 187              		@ args = 0, pretend = 0, frame = 0
 188              		@ frame_needed = 0, uses_anonymous_args = 0
 189 0000 08B5     		push	{r3, lr}
 190              	.LCFI2:
 191              		.cfi_def_cfa_offset 8
 192              		.cfi_offset 3, -8
 193              		.cfi_offset 14, -4
 177:Drivers/STM32F4xx_HAL_Driver/Src/stm32f4xx_hal.c **** #endif /* INSTRUCTION_CACHE_ENABLE */
 194              		.loc 1 177 0
 195 0002 0B4B     		ldr	r3, .L16
 196 0004 1A68     		ldr	r2, [r3]
 197 0006 42F40072 		orr	r2, r2, #512
 198 000a 1A60     		str	r2, [r3]
 181:Drivers/STM32F4xx_HAL_Driver/Src/stm32f4xx_hal.c **** #endif /* DATA_CACHE_ENABLE */
 199              		.loc 1 181 0
 200 000c 1A68     		ldr	r2, [r3]
 201 000e 42F48062 		orr	r2, r2, #1024
 202 0012 1A60     		str	r2, [r3]
 185:Drivers/STM32F4xx_HAL_Driver/Src/stm32f4xx_hal.c **** #endif /* PREFETCH_ENABLE */
 203              		.loc 1 185 0
 204 0014 1A68     		ldr	r2, [r3]
 205 0016 42F48072 		orr	r2, r2, #256
 206 001a 1A60     		str	r2, [r3]
 189:Drivers/STM32F4xx_HAL_Driver/Src/stm32f4xx_hal.c **** 
 207              		.loc 1 189 0
 208 001c 0320     		movs	r0, #3
 209 001e FFF7FEFF 		bl	HAL_NVIC_SetPriorityGrouping
 210              	.LVL8:
 192:Drivers/STM32F4xx_HAL_Driver/Src/stm32f4xx_hal.c **** 
ARM GAS  C:\Users\shun2\AppData\Local\Temp\ccF5Boou.s 			page 10


 211              		.loc 1 192 0
 212 0022 0020     		movs	r0, #0
 213 0024 FFF7FEFF 		bl	HAL_InitTick
 214              	.LVL9:
 195:Drivers/STM32F4xx_HAL_Driver/Src/stm32f4xx_hal.c **** 
 215              		.loc 1 195 0
 216 0028 FFF7FEFF 		bl	HAL_MspInit
 217              	.LVL10:
 199:Drivers/STM32F4xx_HAL_Driver/Src/stm32f4xx_hal.c **** 
 218              		.loc 1 199 0
 219 002c 0020     		movs	r0, #0
 220 002e 08BD     		pop	{r3, pc}
 221              	.L17:
 222              		.align	2
 223              	.L16:
 224 0030 003C0240 		.word	1073888256
 225              		.cfi_endproc
 226              	.LFE124:
 228              		.section	.text.HAL_IncTick,"ax",%progbits
 229              		.align	2
 230              		.weak	HAL_IncTick
 231              		.thumb
 232              		.thumb_func
 234              	HAL_IncTick:
 235              	.LFB129:
 291:Drivers/STM32F4xx_HAL_Driver/Src/stm32f4xx_hal.c **** 
 292:Drivers/STM32F4xx_HAL_Driver/Src/stm32f4xx_hal.c **** /**
 293:Drivers/STM32F4xx_HAL_Driver/Src/stm32f4xx_hal.c ****   * @}
 294:Drivers/STM32F4xx_HAL_Driver/Src/stm32f4xx_hal.c ****   */
 295:Drivers/STM32F4xx_HAL_Driver/Src/stm32f4xx_hal.c **** 
 296:Drivers/STM32F4xx_HAL_Driver/Src/stm32f4xx_hal.c **** /** @defgroup HAL_Exported_Functions_Group2 HAL Control functions 
 297:Drivers/STM32F4xx_HAL_Driver/Src/stm32f4xx_hal.c ****  *  @brief    HAL Control functions
 298:Drivers/STM32F4xx_HAL_Driver/Src/stm32f4xx_hal.c ****  *
 299:Drivers/STM32F4xx_HAL_Driver/Src/stm32f4xx_hal.c **** @verbatim
 300:Drivers/STM32F4xx_HAL_Driver/Src/stm32f4xx_hal.c ****  ===============================================================================
 301:Drivers/STM32F4xx_HAL_Driver/Src/stm32f4xx_hal.c ****                       ##### HAL Control functions #####
 302:Drivers/STM32F4xx_HAL_Driver/Src/stm32f4xx_hal.c ****  ===============================================================================
 303:Drivers/STM32F4xx_HAL_Driver/Src/stm32f4xx_hal.c ****     [..]  This section provides functions allowing to:
 304:Drivers/STM32F4xx_HAL_Driver/Src/stm32f4xx_hal.c ****       (+) Provide a tick value in millisecond
 305:Drivers/STM32F4xx_HAL_Driver/Src/stm32f4xx_hal.c ****       (+) Provide a blocking delay in millisecond
 306:Drivers/STM32F4xx_HAL_Driver/Src/stm32f4xx_hal.c ****       (+) Suspend the time base source interrupt
 307:Drivers/STM32F4xx_HAL_Driver/Src/stm32f4xx_hal.c ****       (+) Resume the time base source interrupt
 308:Drivers/STM32F4xx_HAL_Driver/Src/stm32f4xx_hal.c ****       (+) Get the HAL API driver version
 309:Drivers/STM32F4xx_HAL_Driver/Src/stm32f4xx_hal.c ****       (+) Get the device identifier
 310:Drivers/STM32F4xx_HAL_Driver/Src/stm32f4xx_hal.c ****       (+) Get the device revision identifier
 311:Drivers/STM32F4xx_HAL_Driver/Src/stm32f4xx_hal.c ****       (+) Enable/Disable Debug module during SLEEP mode
 312:Drivers/STM32F4xx_HAL_Driver/Src/stm32f4xx_hal.c ****       (+) Enable/Disable Debug module during STOP mode
 313:Drivers/STM32F4xx_HAL_Driver/Src/stm32f4xx_hal.c ****       (+) Enable/Disable Debug module during STANDBY mode
 314:Drivers/STM32F4xx_HAL_Driver/Src/stm32f4xx_hal.c **** 
 315:Drivers/STM32F4xx_HAL_Driver/Src/stm32f4xx_hal.c **** @endverbatim
 316:Drivers/STM32F4xx_HAL_Driver/Src/stm32f4xx_hal.c ****   * @{
 317:Drivers/STM32F4xx_HAL_Driver/Src/stm32f4xx_hal.c ****   */
 318:Drivers/STM32F4xx_HAL_Driver/Src/stm32f4xx_hal.c **** 
 319:Drivers/STM32F4xx_HAL_Driver/Src/stm32f4xx_hal.c **** /**
 320:Drivers/STM32F4xx_HAL_Driver/Src/stm32f4xx_hal.c ****   * @brief This function is called to increment  a global variable "uwTick"
 321:Drivers/STM32F4xx_HAL_Driver/Src/stm32f4xx_hal.c ****   *        used as application time base.
 322:Drivers/STM32F4xx_HAL_Driver/Src/stm32f4xx_hal.c ****   * @note In the default implementation, this variable is incremented each 1ms
ARM GAS  C:\Users\shun2\AppData\Local\Temp\ccF5Boou.s 			page 11


 323:Drivers/STM32F4xx_HAL_Driver/Src/stm32f4xx_hal.c ****   *       in SysTick ISR.
 324:Drivers/STM32F4xx_HAL_Driver/Src/stm32f4xx_hal.c ****  * @note This function is declared as __weak to be overwritten in case of other 
 325:Drivers/STM32F4xx_HAL_Driver/Src/stm32f4xx_hal.c ****   *      implementations in user file.
 326:Drivers/STM32F4xx_HAL_Driver/Src/stm32f4xx_hal.c ****   * @retval None
 327:Drivers/STM32F4xx_HAL_Driver/Src/stm32f4xx_hal.c ****   */
 328:Drivers/STM32F4xx_HAL_Driver/Src/stm32f4xx_hal.c **** __weak void HAL_IncTick(void)
 329:Drivers/STM32F4xx_HAL_Driver/Src/stm32f4xx_hal.c **** {
 236              		.loc 1 329 0
 237              		.cfi_startproc
 238              		@ args = 0, pretend = 0, frame = 0
 239              		@ frame_needed = 0, uses_anonymous_args = 0
 240              		@ link register save eliminated.
 330:Drivers/STM32F4xx_HAL_Driver/Src/stm32f4xx_hal.c ****   uwTick += uwTickFreq;
 241              		.loc 1 330 0
 242 0000 034A     		ldr	r2, .L19
 243 0002 1368     		ldr	r3, [r2]
 244 0004 0349     		ldr	r1, .L19+4
 245 0006 0978     		ldrb	r1, [r1]	@ zero_extendqisi2
 246 0008 0B44     		add	r3, r3, r1
 247 000a 1360     		str	r3, [r2]
 248 000c 7047     		bx	lr
 249              	.L20:
 250 000e 00BF     		.align	2
 251              	.L19:
 252 0010 00000000 		.word	uwTick
 253 0014 00000000 		.word	.LANCHOR0
 254              		.cfi_endproc
 255              	.LFE129:
 257              		.section	.text.HAL_GetTick,"ax",%progbits
 258              		.align	2
 259              		.weak	HAL_GetTick
 260              		.thumb
 261              		.thumb_func
 263              	HAL_GetTick:
 264              	.LFB130:
 331:Drivers/STM32F4xx_HAL_Driver/Src/stm32f4xx_hal.c **** }
 332:Drivers/STM32F4xx_HAL_Driver/Src/stm32f4xx_hal.c **** 
 333:Drivers/STM32F4xx_HAL_Driver/Src/stm32f4xx_hal.c **** /**
 334:Drivers/STM32F4xx_HAL_Driver/Src/stm32f4xx_hal.c ****   * @brief Provides a tick value in millisecond.
 335:Drivers/STM32F4xx_HAL_Driver/Src/stm32f4xx_hal.c ****   * @note This function is declared as __weak to be overwritten in case of other 
 336:Drivers/STM32F4xx_HAL_Driver/Src/stm32f4xx_hal.c ****   *       implementations in user file.
 337:Drivers/STM32F4xx_HAL_Driver/Src/stm32f4xx_hal.c ****   * @retval tick value
 338:Drivers/STM32F4xx_HAL_Driver/Src/stm32f4xx_hal.c ****   */
 339:Drivers/STM32F4xx_HAL_Driver/Src/stm32f4xx_hal.c **** __weak uint32_t HAL_GetTick(void)
 340:Drivers/STM32F4xx_HAL_Driver/Src/stm32f4xx_hal.c **** {
 265              		.loc 1 340 0
 266              		.cfi_startproc
 267              		@ args = 0, pretend = 0, frame = 0
 268              		@ frame_needed = 0, uses_anonymous_args = 0
 269              		@ link register save eliminated.
 341:Drivers/STM32F4xx_HAL_Driver/Src/stm32f4xx_hal.c ****   return uwTick;
 270              		.loc 1 341 0
 271 0000 014B     		ldr	r3, .L22
 272 0002 1868     		ldr	r0, [r3]
 342:Drivers/STM32F4xx_HAL_Driver/Src/stm32f4xx_hal.c **** }
 273              		.loc 1 342 0
 274 0004 7047     		bx	lr
ARM GAS  C:\Users\shun2\AppData\Local\Temp\ccF5Boou.s 			page 12


 275              	.L23:
 276 0006 00BF     		.align	2
 277              	.L22:
 278 0008 00000000 		.word	uwTick
 279              		.cfi_endproc
 280              	.LFE130:
 282              		.section	.text.HAL_GetTickPrio,"ax",%progbits
 283              		.align	2
 284              		.global	HAL_GetTickPrio
 285              		.thumb
 286              		.thumb_func
 288              	HAL_GetTickPrio:
 289              	.LFB131:
 343:Drivers/STM32F4xx_HAL_Driver/Src/stm32f4xx_hal.c **** 
 344:Drivers/STM32F4xx_HAL_Driver/Src/stm32f4xx_hal.c **** /**
 345:Drivers/STM32F4xx_HAL_Driver/Src/stm32f4xx_hal.c ****   * @brief This function returns a tick priority.
 346:Drivers/STM32F4xx_HAL_Driver/Src/stm32f4xx_hal.c ****   * @retval tick priority
 347:Drivers/STM32F4xx_HAL_Driver/Src/stm32f4xx_hal.c ****   */
 348:Drivers/STM32F4xx_HAL_Driver/Src/stm32f4xx_hal.c **** uint32_t HAL_GetTickPrio(void)
 349:Drivers/STM32F4xx_HAL_Driver/Src/stm32f4xx_hal.c **** {
 290              		.loc 1 349 0
 291              		.cfi_startproc
 292              		@ args = 0, pretend = 0, frame = 0
 293              		@ frame_needed = 0, uses_anonymous_args = 0
 294              		@ link register save eliminated.
 350:Drivers/STM32F4xx_HAL_Driver/Src/stm32f4xx_hal.c ****   return uwTickPrio;
 351:Drivers/STM32F4xx_HAL_Driver/Src/stm32f4xx_hal.c **** }
 295              		.loc 1 351 0
 296 0000 014B     		ldr	r3, .L25
 297 0002 1868     		ldr	r0, [r3]
 298 0004 7047     		bx	lr
 299              	.L26:
 300 0006 00BF     		.align	2
 301              	.L25:
 302 0008 00000000 		.word	.LANCHOR1
 303              		.cfi_endproc
 304              	.LFE131:
 306              		.section	.text.HAL_SetTickFreq,"ax",%progbits
 307              		.align	2
 308              		.global	HAL_SetTickFreq
 309              		.thumb
 310              		.thumb_func
 312              	HAL_SetTickFreq:
 313              	.LFB132:
 352:Drivers/STM32F4xx_HAL_Driver/Src/stm32f4xx_hal.c **** 
 353:Drivers/STM32F4xx_HAL_Driver/Src/stm32f4xx_hal.c **** /**
 354:Drivers/STM32F4xx_HAL_Driver/Src/stm32f4xx_hal.c ****   * @brief Set new tick Freq.
 355:Drivers/STM32F4xx_HAL_Driver/Src/stm32f4xx_hal.c ****   * @retval Status
 356:Drivers/STM32F4xx_HAL_Driver/Src/stm32f4xx_hal.c ****   */
 357:Drivers/STM32F4xx_HAL_Driver/Src/stm32f4xx_hal.c **** HAL_StatusTypeDef HAL_SetTickFreq(HAL_TickFreqTypeDef Freq)
 358:Drivers/STM32F4xx_HAL_Driver/Src/stm32f4xx_hal.c **** {
 314              		.loc 1 358 0
 315              		.cfi_startproc
 316              		@ args = 0, pretend = 0, frame = 0
 317              		@ frame_needed = 0, uses_anonymous_args = 0
 318              	.LVL11:
 319 0000 08B5     		push	{r3, lr}
ARM GAS  C:\Users\shun2\AppData\Local\Temp\ccF5Boou.s 			page 13


 320              	.LCFI3:
 321              		.cfi_def_cfa_offset 8
 322              		.cfi_offset 3, -8
 323              		.cfi_offset 14, -4
 324              	.LVL12:
 359:Drivers/STM32F4xx_HAL_Driver/Src/stm32f4xx_hal.c ****   HAL_StatusTypeDef status  = HAL_OK;
 360:Drivers/STM32F4xx_HAL_Driver/Src/stm32f4xx_hal.c ****   assert_param(IS_TICKFREQ(Freq));
 361:Drivers/STM32F4xx_HAL_Driver/Src/stm32f4xx_hal.c **** 
 362:Drivers/STM32F4xx_HAL_Driver/Src/stm32f4xx_hal.c ****   if (uwTickFreq != Freq)
 325              		.loc 1 362 0
 326 0002 064B     		ldr	r3, .L31
 327 0004 1B78     		ldrb	r3, [r3]	@ zero_extendqisi2
 328 0006 8342     		cmp	r3, r0
 329 0008 06D0     		beq	.L29
 363:Drivers/STM32F4xx_HAL_Driver/Src/stm32f4xx_hal.c ****   {
 364:Drivers/STM32F4xx_HAL_Driver/Src/stm32f4xx_hal.c ****     uwTickFreq = Freq;
 330              		.loc 1 364 0
 331 000a 044B     		ldr	r3, .L31
 332 000c 1870     		strb	r0, [r3]
 365:Drivers/STM32F4xx_HAL_Driver/Src/stm32f4xx_hal.c **** 
 366:Drivers/STM32F4xx_HAL_Driver/Src/stm32f4xx_hal.c ****     /* Apply the new tick Freq  */
 367:Drivers/STM32F4xx_HAL_Driver/Src/stm32f4xx_hal.c ****     status = HAL_InitTick(uwTickPrio);
 333              		.loc 1 367 0
 334 000e 044B     		ldr	r3, .L31+4
 335 0010 1868     		ldr	r0, [r3]
 336              	.LVL13:
 337 0012 FFF7FEFF 		bl	HAL_InitTick
 338              	.LVL14:
 339 0016 08BD     		pop	{r3, pc}
 340              	.LVL15:
 341              	.L29:
 359:Drivers/STM32F4xx_HAL_Driver/Src/stm32f4xx_hal.c ****   assert_param(IS_TICKFREQ(Freq));
 342              		.loc 1 359 0
 343 0018 0020     		movs	r0, #0
 344              	.LVL16:
 368:Drivers/STM32F4xx_HAL_Driver/Src/stm32f4xx_hal.c ****   }
 369:Drivers/STM32F4xx_HAL_Driver/Src/stm32f4xx_hal.c **** 
 370:Drivers/STM32F4xx_HAL_Driver/Src/stm32f4xx_hal.c ****   return status;
 371:Drivers/STM32F4xx_HAL_Driver/Src/stm32f4xx_hal.c **** }
 345              		.loc 1 371 0
 346 001a 08BD     		pop	{r3, pc}
 347              	.L32:
 348              		.align	2
 349              	.L31:
 350 001c 00000000 		.word	.LANCHOR0
 351 0020 00000000 		.word	.LANCHOR1
 352              		.cfi_endproc
 353              	.LFE132:
 355              		.section	.text.HAL_GetTickFreq,"ax",%progbits
 356              		.align	2
 357              		.global	HAL_GetTickFreq
 358              		.thumb
 359              		.thumb_func
 361              	HAL_GetTickFreq:
 362              	.LFB133:
 372:Drivers/STM32F4xx_HAL_Driver/Src/stm32f4xx_hal.c **** 
 373:Drivers/STM32F4xx_HAL_Driver/Src/stm32f4xx_hal.c **** /**
ARM GAS  C:\Users\shun2\AppData\Local\Temp\ccF5Boou.s 			page 14


 374:Drivers/STM32F4xx_HAL_Driver/Src/stm32f4xx_hal.c ****   * @brief Return tick frequency.
 375:Drivers/STM32F4xx_HAL_Driver/Src/stm32f4xx_hal.c ****   * @retval tick period in Hz
 376:Drivers/STM32F4xx_HAL_Driver/Src/stm32f4xx_hal.c ****   */
 377:Drivers/STM32F4xx_HAL_Driver/Src/stm32f4xx_hal.c **** HAL_TickFreqTypeDef HAL_GetTickFreq(void)
 378:Drivers/STM32F4xx_HAL_Driver/Src/stm32f4xx_hal.c **** {
 363              		.loc 1 378 0
 364              		.cfi_startproc
 365              		@ args = 0, pretend = 0, frame = 0
 366              		@ frame_needed = 0, uses_anonymous_args = 0
 367              		@ link register save eliminated.
 379:Drivers/STM32F4xx_HAL_Driver/Src/stm32f4xx_hal.c ****   return uwTickFreq;
 380:Drivers/STM32F4xx_HAL_Driver/Src/stm32f4xx_hal.c **** }
 368              		.loc 1 380 0
 369 0000 014B     		ldr	r3, .L34
 370 0002 1878     		ldrb	r0, [r3]	@ zero_extendqisi2
 371 0004 7047     		bx	lr
 372              	.L35:
 373 0006 00BF     		.align	2
 374              	.L34:
 375 0008 00000000 		.word	.LANCHOR0
 376              		.cfi_endproc
 377              	.LFE133:
 379              		.section	.text.HAL_Delay,"ax",%progbits
 380              		.align	2
 381              		.weak	HAL_Delay
 382              		.thumb
 383              		.thumb_func
 385              	HAL_Delay:
 386              	.LFB134:
 381:Drivers/STM32F4xx_HAL_Driver/Src/stm32f4xx_hal.c **** 
 382:Drivers/STM32F4xx_HAL_Driver/Src/stm32f4xx_hal.c **** /**
 383:Drivers/STM32F4xx_HAL_Driver/Src/stm32f4xx_hal.c ****   * @brief This function provides minimum delay (in milliseconds) based 
 384:Drivers/STM32F4xx_HAL_Driver/Src/stm32f4xx_hal.c ****   *        on variable incremented.
 385:Drivers/STM32F4xx_HAL_Driver/Src/stm32f4xx_hal.c ****   * @note In the default implementation , SysTick timer is the source of time base.
 386:Drivers/STM32F4xx_HAL_Driver/Src/stm32f4xx_hal.c ****   *       It is used to generate interrupts at regular time intervals where uwTick
 387:Drivers/STM32F4xx_HAL_Driver/Src/stm32f4xx_hal.c ****   *       is incremented.
 388:Drivers/STM32F4xx_HAL_Driver/Src/stm32f4xx_hal.c ****   * @note This function is declared as __weak to be overwritten in case of other
 389:Drivers/STM32F4xx_HAL_Driver/Src/stm32f4xx_hal.c ****   *       implementations in user file.
 390:Drivers/STM32F4xx_HAL_Driver/Src/stm32f4xx_hal.c ****   * @param Delay specifies the delay time length, in milliseconds.
 391:Drivers/STM32F4xx_HAL_Driver/Src/stm32f4xx_hal.c ****   * @retval None
 392:Drivers/STM32F4xx_HAL_Driver/Src/stm32f4xx_hal.c ****   */
 393:Drivers/STM32F4xx_HAL_Driver/Src/stm32f4xx_hal.c **** __weak void HAL_Delay(uint32_t Delay)
 394:Drivers/STM32F4xx_HAL_Driver/Src/stm32f4xx_hal.c **** {
 387              		.loc 1 394 0
 388              		.cfi_startproc
 389              		@ args = 0, pretend = 0, frame = 0
 390              		@ frame_needed = 0, uses_anonymous_args = 0
 391              	.LVL17:
 392 0000 38B5     		push	{r3, r4, r5, lr}
 393              	.LCFI4:
 394              		.cfi_def_cfa_offset 16
 395              		.cfi_offset 3, -16
 396              		.cfi_offset 4, -12
 397              		.cfi_offset 5, -8
 398              		.cfi_offset 14, -4
 399 0002 0446     		mov	r4, r0
 395:Drivers/STM32F4xx_HAL_Driver/Src/stm32f4xx_hal.c ****   uint32_t tickstart = HAL_GetTick();
ARM GAS  C:\Users\shun2\AppData\Local\Temp\ccF5Boou.s 			page 15


 400              		.loc 1 395 0
 401 0004 FFF7FEFF 		bl	HAL_GetTick
 402              	.LVL18:
 403 0008 0546     		mov	r5, r0
 404              	.LVL19:
 396:Drivers/STM32F4xx_HAL_Driver/Src/stm32f4xx_hal.c ****   uint32_t wait = Delay;
 397:Drivers/STM32F4xx_HAL_Driver/Src/stm32f4xx_hal.c **** 
 398:Drivers/STM32F4xx_HAL_Driver/Src/stm32f4xx_hal.c ****   /* Add a freq to guarantee minimum wait */
 399:Drivers/STM32F4xx_HAL_Driver/Src/stm32f4xx_hal.c ****   if (wait < HAL_MAX_DELAY)
 405              		.loc 1 399 0
 406 000a B4F1FF3F 		cmp	r4, #-1
 407 000e 02D0     		beq	.L38
 400:Drivers/STM32F4xx_HAL_Driver/Src/stm32f4xx_hal.c ****   {
 401:Drivers/STM32F4xx_HAL_Driver/Src/stm32f4xx_hal.c ****     wait += (uint32_t)(uwTickFreq);
 408              		.loc 1 401 0
 409 0010 044B     		ldr	r3, .L40
 410 0012 1B78     		ldrb	r3, [r3]	@ zero_extendqisi2
 411 0014 1C44     		add	r4, r4, r3
 412              	.LVL20:
 413              	.L38:
 402:Drivers/STM32F4xx_HAL_Driver/Src/stm32f4xx_hal.c ****   }
 403:Drivers/STM32F4xx_HAL_Driver/Src/stm32f4xx_hal.c **** 
 404:Drivers/STM32F4xx_HAL_Driver/Src/stm32f4xx_hal.c ****   while((HAL_GetTick() - tickstart) < wait)
 414              		.loc 1 404 0 discriminator 1
 415 0016 FFF7FEFF 		bl	HAL_GetTick
 416              	.LVL21:
 417 001a 401B     		subs	r0, r0, r5
 418 001c 8442     		cmp	r4, r0
 419 001e FAD8     		bhi	.L38
 405:Drivers/STM32F4xx_HAL_Driver/Src/stm32f4xx_hal.c ****   {
 406:Drivers/STM32F4xx_HAL_Driver/Src/stm32f4xx_hal.c ****   }
 407:Drivers/STM32F4xx_HAL_Driver/Src/stm32f4xx_hal.c **** }
 420              		.loc 1 407 0
 421 0020 38BD     		pop	{r3, r4, r5, pc}
 422              	.LVL22:
 423              	.L41:
 424 0022 00BF     		.align	2
 425              	.L40:
 426 0024 00000000 		.word	.LANCHOR0
 427              		.cfi_endproc
 428              	.LFE134:
 430              		.section	.text.HAL_SuspendTick,"ax",%progbits
 431              		.align	2
 432              		.weak	HAL_SuspendTick
 433              		.thumb
 434              		.thumb_func
 436              	HAL_SuspendTick:
 437              	.LFB135:
 408:Drivers/STM32F4xx_HAL_Driver/Src/stm32f4xx_hal.c **** 
 409:Drivers/STM32F4xx_HAL_Driver/Src/stm32f4xx_hal.c **** /**
 410:Drivers/STM32F4xx_HAL_Driver/Src/stm32f4xx_hal.c ****   * @brief Suspend Tick increment.
 411:Drivers/STM32F4xx_HAL_Driver/Src/stm32f4xx_hal.c ****   * @note In the default implementation , SysTick timer is the source of time base. It is
 412:Drivers/STM32F4xx_HAL_Driver/Src/stm32f4xx_hal.c ****   *       used to generate interrupts at regular time intervals. Once HAL_SuspendTick()
 413:Drivers/STM32F4xx_HAL_Driver/Src/stm32f4xx_hal.c ****   *       is called, the SysTick interrupt will be disabled and so Tick increment 
 414:Drivers/STM32F4xx_HAL_Driver/Src/stm32f4xx_hal.c ****   *       is suspended.
 415:Drivers/STM32F4xx_HAL_Driver/Src/stm32f4xx_hal.c ****   * @note This function is declared as __weak to be overwritten in case of other
 416:Drivers/STM32F4xx_HAL_Driver/Src/stm32f4xx_hal.c ****   *       implementations in user file.
ARM GAS  C:\Users\shun2\AppData\Local\Temp\ccF5Boou.s 			page 16


 417:Drivers/STM32F4xx_HAL_Driver/Src/stm32f4xx_hal.c ****   * @retval None
 418:Drivers/STM32F4xx_HAL_Driver/Src/stm32f4xx_hal.c ****   */
 419:Drivers/STM32F4xx_HAL_Driver/Src/stm32f4xx_hal.c **** __weak void HAL_SuspendTick(void)
 420:Drivers/STM32F4xx_HAL_Driver/Src/stm32f4xx_hal.c **** {
 438              		.loc 1 420 0
 439              		.cfi_startproc
 440              		@ args = 0, pretend = 0, frame = 0
 441              		@ frame_needed = 0, uses_anonymous_args = 0
 442              		@ link register save eliminated.
 421:Drivers/STM32F4xx_HAL_Driver/Src/stm32f4xx_hal.c ****   /* Disable SysTick Interrupt */
 422:Drivers/STM32F4xx_HAL_Driver/Src/stm32f4xx_hal.c ****   SysTick->CTRL &= ~SysTick_CTRL_TICKINT_Msk;
 443              		.loc 1 422 0
 444 0000 024A     		ldr	r2, .L43
 445 0002 1368     		ldr	r3, [r2]
 446 0004 23F00203 		bic	r3, r3, #2
 447 0008 1360     		str	r3, [r2]
 448 000a 7047     		bx	lr
 449              	.L44:
 450              		.align	2
 451              	.L43:
 452 000c 10E000E0 		.word	-536813552
 453              		.cfi_endproc
 454              	.LFE135:
 456              		.section	.text.HAL_ResumeTick,"ax",%progbits
 457              		.align	2
 458              		.weak	HAL_ResumeTick
 459              		.thumb
 460              		.thumb_func
 462              	HAL_ResumeTick:
 463              	.LFB136:
 423:Drivers/STM32F4xx_HAL_Driver/Src/stm32f4xx_hal.c **** }
 424:Drivers/STM32F4xx_HAL_Driver/Src/stm32f4xx_hal.c **** 
 425:Drivers/STM32F4xx_HAL_Driver/Src/stm32f4xx_hal.c **** /**
 426:Drivers/STM32F4xx_HAL_Driver/Src/stm32f4xx_hal.c ****   * @brief Resume Tick increment.
 427:Drivers/STM32F4xx_HAL_Driver/Src/stm32f4xx_hal.c ****   * @note In the default implementation , SysTick timer is the source of time base. It is
 428:Drivers/STM32F4xx_HAL_Driver/Src/stm32f4xx_hal.c ****   *       used to generate interrupts at regular time intervals. Once HAL_ResumeTick()
 429:Drivers/STM32F4xx_HAL_Driver/Src/stm32f4xx_hal.c ****   *       is called, the SysTick interrupt will be enabled and so Tick increment 
 430:Drivers/STM32F4xx_HAL_Driver/Src/stm32f4xx_hal.c ****   *       is resumed.
 431:Drivers/STM32F4xx_HAL_Driver/Src/stm32f4xx_hal.c ****   * @note This function is declared as __weak to be overwritten in case of other
 432:Drivers/STM32F4xx_HAL_Driver/Src/stm32f4xx_hal.c ****   *       implementations in user file.
 433:Drivers/STM32F4xx_HAL_Driver/Src/stm32f4xx_hal.c ****   * @retval None
 434:Drivers/STM32F4xx_HAL_Driver/Src/stm32f4xx_hal.c ****   */
 435:Drivers/STM32F4xx_HAL_Driver/Src/stm32f4xx_hal.c **** __weak void HAL_ResumeTick(void)
 436:Drivers/STM32F4xx_HAL_Driver/Src/stm32f4xx_hal.c **** {
 464              		.loc 1 436 0
 465              		.cfi_startproc
 466              		@ args = 0, pretend = 0, frame = 0
 467              		@ frame_needed = 0, uses_anonymous_args = 0
 468              		@ link register save eliminated.
 437:Drivers/STM32F4xx_HAL_Driver/Src/stm32f4xx_hal.c ****   /* Enable SysTick Interrupt */
 438:Drivers/STM32F4xx_HAL_Driver/Src/stm32f4xx_hal.c ****   SysTick->CTRL  |= SysTick_CTRL_TICKINT_Msk;
 469              		.loc 1 438 0
 470 0000 024A     		ldr	r2, .L46
 471 0002 1368     		ldr	r3, [r2]
 472 0004 43F00203 		orr	r3, r3, #2
 473 0008 1360     		str	r3, [r2]
 474 000a 7047     		bx	lr
ARM GAS  C:\Users\shun2\AppData\Local\Temp\ccF5Boou.s 			page 17


 475              	.L47:
 476              		.align	2
 477              	.L46:
 478 000c 10E000E0 		.word	-536813552
 479              		.cfi_endproc
 480              	.LFE136:
 482              		.section	.text.HAL_GetHalVersion,"ax",%progbits
 483              		.align	2
 484              		.global	HAL_GetHalVersion
 485              		.thumb
 486              		.thumb_func
 488              	HAL_GetHalVersion:
 489              	.LFB137:
 439:Drivers/STM32F4xx_HAL_Driver/Src/stm32f4xx_hal.c **** }
 440:Drivers/STM32F4xx_HAL_Driver/Src/stm32f4xx_hal.c **** 
 441:Drivers/STM32F4xx_HAL_Driver/Src/stm32f4xx_hal.c **** /**
 442:Drivers/STM32F4xx_HAL_Driver/Src/stm32f4xx_hal.c ****   * @brief  Returns the HAL revision
 443:Drivers/STM32F4xx_HAL_Driver/Src/stm32f4xx_hal.c ****   * @retval version : 0xXYZR (8bits for each decimal, R for RC)
 444:Drivers/STM32F4xx_HAL_Driver/Src/stm32f4xx_hal.c ****   */
 445:Drivers/STM32F4xx_HAL_Driver/Src/stm32f4xx_hal.c **** uint32_t HAL_GetHalVersion(void)
 446:Drivers/STM32F4xx_HAL_Driver/Src/stm32f4xx_hal.c **** {
 490              		.loc 1 446 0
 491              		.cfi_startproc
 492              		@ args = 0, pretend = 0, frame = 0
 493              		@ frame_needed = 0, uses_anonymous_args = 0
 494              		@ link register save eliminated.
 447:Drivers/STM32F4xx_HAL_Driver/Src/stm32f4xx_hal.c ****   return __STM32F4xx_HAL_VERSION;
 448:Drivers/STM32F4xx_HAL_Driver/Src/stm32f4xx_hal.c **** }
 495              		.loc 1 448 0
 496 0000 0048     		ldr	r0, .L49
 497 0002 7047     		bx	lr
 498              	.L50:
 499              		.align	2
 500              	.L49:
 501 0004 00040701 		.word	17236992
 502              		.cfi_endproc
 503              	.LFE137:
 505              		.section	.text.HAL_GetREVID,"ax",%progbits
 506              		.align	2
 507              		.global	HAL_GetREVID
 508              		.thumb
 509              		.thumb_func
 511              	HAL_GetREVID:
 512              	.LFB138:
 449:Drivers/STM32F4xx_HAL_Driver/Src/stm32f4xx_hal.c **** 
 450:Drivers/STM32F4xx_HAL_Driver/Src/stm32f4xx_hal.c **** /**
 451:Drivers/STM32F4xx_HAL_Driver/Src/stm32f4xx_hal.c ****   * @brief  Returns the device revision identifier.
 452:Drivers/STM32F4xx_HAL_Driver/Src/stm32f4xx_hal.c ****   * @retval Device revision identifier
 453:Drivers/STM32F4xx_HAL_Driver/Src/stm32f4xx_hal.c ****   */
 454:Drivers/STM32F4xx_HAL_Driver/Src/stm32f4xx_hal.c **** uint32_t HAL_GetREVID(void)
 455:Drivers/STM32F4xx_HAL_Driver/Src/stm32f4xx_hal.c **** {
 513              		.loc 1 455 0
 514              		.cfi_startproc
 515              		@ args = 0, pretend = 0, frame = 0
 516              		@ frame_needed = 0, uses_anonymous_args = 0
 517              		@ link register save eliminated.
 456:Drivers/STM32F4xx_HAL_Driver/Src/stm32f4xx_hal.c ****   return((DBGMCU->IDCODE) >> 16U);
ARM GAS  C:\Users\shun2\AppData\Local\Temp\ccF5Boou.s 			page 18


 518              		.loc 1 456 0
 519 0000 014B     		ldr	r3, .L52
 520 0002 1868     		ldr	r0, [r3]
 457:Drivers/STM32F4xx_HAL_Driver/Src/stm32f4xx_hal.c **** }
 521              		.loc 1 457 0
 522 0004 000C     		lsrs	r0, r0, #16
 523 0006 7047     		bx	lr
 524              	.L53:
 525              		.align	2
 526              	.L52:
 527 0008 002004E0 		.word	-536600576
 528              		.cfi_endproc
 529              	.LFE138:
 531              		.section	.text.HAL_GetDEVID,"ax",%progbits
 532              		.align	2
 533              		.global	HAL_GetDEVID
 534              		.thumb
 535              		.thumb_func
 537              	HAL_GetDEVID:
 538              	.LFB139:
 458:Drivers/STM32F4xx_HAL_Driver/Src/stm32f4xx_hal.c **** 
 459:Drivers/STM32F4xx_HAL_Driver/Src/stm32f4xx_hal.c **** /**
 460:Drivers/STM32F4xx_HAL_Driver/Src/stm32f4xx_hal.c ****   * @brief  Returns the device identifier.
 461:Drivers/STM32F4xx_HAL_Driver/Src/stm32f4xx_hal.c ****   * @retval Device identifier
 462:Drivers/STM32F4xx_HAL_Driver/Src/stm32f4xx_hal.c ****   */
 463:Drivers/STM32F4xx_HAL_Driver/Src/stm32f4xx_hal.c **** uint32_t HAL_GetDEVID(void)
 464:Drivers/STM32F4xx_HAL_Driver/Src/stm32f4xx_hal.c **** {
 539              		.loc 1 464 0
 540              		.cfi_startproc
 541              		@ args = 0, pretend = 0, frame = 0
 542              		@ frame_needed = 0, uses_anonymous_args = 0
 543              		@ link register save eliminated.
 465:Drivers/STM32F4xx_HAL_Driver/Src/stm32f4xx_hal.c ****   return((DBGMCU->IDCODE) & IDCODE_DEVID_MASK);
 544              		.loc 1 465 0
 545 0000 024B     		ldr	r3, .L55
 546 0002 1868     		ldr	r0, [r3]
 466:Drivers/STM32F4xx_HAL_Driver/Src/stm32f4xx_hal.c **** }
 547              		.loc 1 466 0
 548 0004 C0F30B00 		ubfx	r0, r0, #0, #12
 549 0008 7047     		bx	lr
 550              	.L56:
 551 000a 00BF     		.align	2
 552              	.L55:
 553 000c 002004E0 		.word	-536600576
 554              		.cfi_endproc
 555              	.LFE139:
 557              		.section	.text.HAL_DBGMCU_EnableDBGSleepMode,"ax",%progbits
 558              		.align	2
 559              		.global	HAL_DBGMCU_EnableDBGSleepMode
 560              		.thumb
 561              		.thumb_func
 563              	HAL_DBGMCU_EnableDBGSleepMode:
 564              	.LFB140:
 467:Drivers/STM32F4xx_HAL_Driver/Src/stm32f4xx_hal.c **** 
 468:Drivers/STM32F4xx_HAL_Driver/Src/stm32f4xx_hal.c **** /**
 469:Drivers/STM32F4xx_HAL_Driver/Src/stm32f4xx_hal.c ****   * @brief  Enable the Debug Module during SLEEP mode
 470:Drivers/STM32F4xx_HAL_Driver/Src/stm32f4xx_hal.c ****   * @retval None
ARM GAS  C:\Users\shun2\AppData\Local\Temp\ccF5Boou.s 			page 19


 471:Drivers/STM32F4xx_HAL_Driver/Src/stm32f4xx_hal.c ****   */
 472:Drivers/STM32F4xx_HAL_Driver/Src/stm32f4xx_hal.c **** void HAL_DBGMCU_EnableDBGSleepMode(void)
 473:Drivers/STM32F4xx_HAL_Driver/Src/stm32f4xx_hal.c **** {
 565              		.loc 1 473 0
 566              		.cfi_startproc
 567              		@ args = 0, pretend = 0, frame = 0
 568              		@ frame_needed = 0, uses_anonymous_args = 0
 569              		@ link register save eliminated.
 474:Drivers/STM32F4xx_HAL_Driver/Src/stm32f4xx_hal.c ****   SET_BIT(DBGMCU->CR, DBGMCU_CR_DBG_SLEEP);
 570              		.loc 1 474 0
 571 0000 024A     		ldr	r2, .L58
 572 0002 5368     		ldr	r3, [r2, #4]
 573 0004 43F00103 		orr	r3, r3, #1
 574 0008 5360     		str	r3, [r2, #4]
 575 000a 7047     		bx	lr
 576              	.L59:
 577              		.align	2
 578              	.L58:
 579 000c 002004E0 		.word	-536600576
 580              		.cfi_endproc
 581              	.LFE140:
 583              		.section	.text.HAL_DBGMCU_DisableDBGSleepMode,"ax",%progbits
 584              		.align	2
 585              		.global	HAL_DBGMCU_DisableDBGSleepMode
 586              		.thumb
 587              		.thumb_func
 589              	HAL_DBGMCU_DisableDBGSleepMode:
 590              	.LFB141:
 475:Drivers/STM32F4xx_HAL_Driver/Src/stm32f4xx_hal.c **** }
 476:Drivers/STM32F4xx_HAL_Driver/Src/stm32f4xx_hal.c **** 
 477:Drivers/STM32F4xx_HAL_Driver/Src/stm32f4xx_hal.c **** /**
 478:Drivers/STM32F4xx_HAL_Driver/Src/stm32f4xx_hal.c ****   * @brief  Disable the Debug Module during SLEEP mode
 479:Drivers/STM32F4xx_HAL_Driver/Src/stm32f4xx_hal.c ****   * @retval None
 480:Drivers/STM32F4xx_HAL_Driver/Src/stm32f4xx_hal.c ****   */
 481:Drivers/STM32F4xx_HAL_Driver/Src/stm32f4xx_hal.c **** void HAL_DBGMCU_DisableDBGSleepMode(void)
 482:Drivers/STM32F4xx_HAL_Driver/Src/stm32f4xx_hal.c **** {
 591              		.loc 1 482 0
 592              		.cfi_startproc
 593              		@ args = 0, pretend = 0, frame = 0
 594              		@ frame_needed = 0, uses_anonymous_args = 0
 595              		@ link register save eliminated.
 483:Drivers/STM32F4xx_HAL_Driver/Src/stm32f4xx_hal.c ****   CLEAR_BIT(DBGMCU->CR, DBGMCU_CR_DBG_SLEEP);
 596              		.loc 1 483 0
 597 0000 024A     		ldr	r2, .L61
 598 0002 5368     		ldr	r3, [r2, #4]
 599 0004 23F00103 		bic	r3, r3, #1
 600 0008 5360     		str	r3, [r2, #4]
 601 000a 7047     		bx	lr
 602              	.L62:
 603              		.align	2
 604              	.L61:
 605 000c 002004E0 		.word	-536600576
 606              		.cfi_endproc
 607              	.LFE141:
 609              		.section	.text.HAL_DBGMCU_EnableDBGStopMode,"ax",%progbits
 610              		.align	2
 611              		.global	HAL_DBGMCU_EnableDBGStopMode
ARM GAS  C:\Users\shun2\AppData\Local\Temp\ccF5Boou.s 			page 20


 612              		.thumb
 613              		.thumb_func
 615              	HAL_DBGMCU_EnableDBGStopMode:
 616              	.LFB142:
 484:Drivers/STM32F4xx_HAL_Driver/Src/stm32f4xx_hal.c **** }
 485:Drivers/STM32F4xx_HAL_Driver/Src/stm32f4xx_hal.c **** 
 486:Drivers/STM32F4xx_HAL_Driver/Src/stm32f4xx_hal.c **** /**
 487:Drivers/STM32F4xx_HAL_Driver/Src/stm32f4xx_hal.c ****   * @brief  Enable the Debug Module during STOP mode
 488:Drivers/STM32F4xx_HAL_Driver/Src/stm32f4xx_hal.c ****   * @retval None
 489:Drivers/STM32F4xx_HAL_Driver/Src/stm32f4xx_hal.c ****   */
 490:Drivers/STM32F4xx_HAL_Driver/Src/stm32f4xx_hal.c **** void HAL_DBGMCU_EnableDBGStopMode(void)
 491:Drivers/STM32F4xx_HAL_Driver/Src/stm32f4xx_hal.c **** {
 617              		.loc 1 491 0
 618              		.cfi_startproc
 619              		@ args = 0, pretend = 0, frame = 0
 620              		@ frame_needed = 0, uses_anonymous_args = 0
 621              		@ link register save eliminated.
 492:Drivers/STM32F4xx_HAL_Driver/Src/stm32f4xx_hal.c ****   SET_BIT(DBGMCU->CR, DBGMCU_CR_DBG_STOP);
 622              		.loc 1 492 0
 623 0000 024A     		ldr	r2, .L64
 624 0002 5368     		ldr	r3, [r2, #4]
 625 0004 43F00203 		orr	r3, r3, #2
 626 0008 5360     		str	r3, [r2, #4]
 627 000a 7047     		bx	lr
 628              	.L65:
 629              		.align	2
 630              	.L64:
 631 000c 002004E0 		.word	-536600576
 632              		.cfi_endproc
 633              	.LFE142:
 635              		.section	.text.HAL_DBGMCU_DisableDBGStopMode,"ax",%progbits
 636              		.align	2
 637              		.global	HAL_DBGMCU_DisableDBGStopMode
 638              		.thumb
 639              		.thumb_func
 641              	HAL_DBGMCU_DisableDBGStopMode:
 642              	.LFB143:
 493:Drivers/STM32F4xx_HAL_Driver/Src/stm32f4xx_hal.c **** }
 494:Drivers/STM32F4xx_HAL_Driver/Src/stm32f4xx_hal.c **** 
 495:Drivers/STM32F4xx_HAL_Driver/Src/stm32f4xx_hal.c **** /**
 496:Drivers/STM32F4xx_HAL_Driver/Src/stm32f4xx_hal.c ****   * @brief  Disable the Debug Module during STOP mode
 497:Drivers/STM32F4xx_HAL_Driver/Src/stm32f4xx_hal.c ****   * @retval None
 498:Drivers/STM32F4xx_HAL_Driver/Src/stm32f4xx_hal.c ****   */
 499:Drivers/STM32F4xx_HAL_Driver/Src/stm32f4xx_hal.c **** void HAL_DBGMCU_DisableDBGStopMode(void)
 500:Drivers/STM32F4xx_HAL_Driver/Src/stm32f4xx_hal.c **** {
 643              		.loc 1 500 0
 644              		.cfi_startproc
 645              		@ args = 0, pretend = 0, frame = 0
 646              		@ frame_needed = 0, uses_anonymous_args = 0
 647              		@ link register save eliminated.
 501:Drivers/STM32F4xx_HAL_Driver/Src/stm32f4xx_hal.c ****   CLEAR_BIT(DBGMCU->CR, DBGMCU_CR_DBG_STOP);
 648              		.loc 1 501 0
 649 0000 024A     		ldr	r2, .L67
 650 0002 5368     		ldr	r3, [r2, #4]
 651 0004 23F00203 		bic	r3, r3, #2
 652 0008 5360     		str	r3, [r2, #4]
 653 000a 7047     		bx	lr
ARM GAS  C:\Users\shun2\AppData\Local\Temp\ccF5Boou.s 			page 21


 654              	.L68:
 655              		.align	2
 656              	.L67:
 657 000c 002004E0 		.word	-536600576
 658              		.cfi_endproc
 659              	.LFE143:
 661              		.section	.text.HAL_DBGMCU_EnableDBGStandbyMode,"ax",%progbits
 662              		.align	2
 663              		.global	HAL_DBGMCU_EnableDBGStandbyMode
 664              		.thumb
 665              		.thumb_func
 667              	HAL_DBGMCU_EnableDBGStandbyMode:
 668              	.LFB144:
 502:Drivers/STM32F4xx_HAL_Driver/Src/stm32f4xx_hal.c **** }
 503:Drivers/STM32F4xx_HAL_Driver/Src/stm32f4xx_hal.c **** 
 504:Drivers/STM32F4xx_HAL_Driver/Src/stm32f4xx_hal.c **** /**
 505:Drivers/STM32F4xx_HAL_Driver/Src/stm32f4xx_hal.c ****   * @brief  Enable the Debug Module during STANDBY mode
 506:Drivers/STM32F4xx_HAL_Driver/Src/stm32f4xx_hal.c ****   * @retval None
 507:Drivers/STM32F4xx_HAL_Driver/Src/stm32f4xx_hal.c ****   */
 508:Drivers/STM32F4xx_HAL_Driver/Src/stm32f4xx_hal.c **** void HAL_DBGMCU_EnableDBGStandbyMode(void)
 509:Drivers/STM32F4xx_HAL_Driver/Src/stm32f4xx_hal.c **** {
 669              		.loc 1 509 0
 670              		.cfi_startproc
 671              		@ args = 0, pretend = 0, frame = 0
 672              		@ frame_needed = 0, uses_anonymous_args = 0
 673              		@ link register save eliminated.
 510:Drivers/STM32F4xx_HAL_Driver/Src/stm32f4xx_hal.c ****   SET_BIT(DBGMCU->CR, DBGMCU_CR_DBG_STANDBY);
 674              		.loc 1 510 0
 675 0000 024A     		ldr	r2, .L70
 676 0002 5368     		ldr	r3, [r2, #4]
 677 0004 43F00403 		orr	r3, r3, #4
 678 0008 5360     		str	r3, [r2, #4]
 679 000a 7047     		bx	lr
 680              	.L71:
 681              		.align	2
 682              	.L70:
 683 000c 002004E0 		.word	-536600576
 684              		.cfi_endproc
 685              	.LFE144:
 687              		.section	.text.HAL_DBGMCU_DisableDBGStandbyMode,"ax",%progbits
 688              		.align	2
 689              		.global	HAL_DBGMCU_DisableDBGStandbyMode
 690              		.thumb
 691              		.thumb_func
 693              	HAL_DBGMCU_DisableDBGStandbyMode:
 694              	.LFB145:
 511:Drivers/STM32F4xx_HAL_Driver/Src/stm32f4xx_hal.c **** }
 512:Drivers/STM32F4xx_HAL_Driver/Src/stm32f4xx_hal.c **** 
 513:Drivers/STM32F4xx_HAL_Driver/Src/stm32f4xx_hal.c **** /**
 514:Drivers/STM32F4xx_HAL_Driver/Src/stm32f4xx_hal.c ****   * @brief  Disable the Debug Module during STANDBY mode
 515:Drivers/STM32F4xx_HAL_Driver/Src/stm32f4xx_hal.c ****   * @retval None
 516:Drivers/STM32F4xx_HAL_Driver/Src/stm32f4xx_hal.c ****   */
 517:Drivers/STM32F4xx_HAL_Driver/Src/stm32f4xx_hal.c **** void HAL_DBGMCU_DisableDBGStandbyMode(void)
 518:Drivers/STM32F4xx_HAL_Driver/Src/stm32f4xx_hal.c **** {
 695              		.loc 1 518 0
 696              		.cfi_startproc
 697              		@ args = 0, pretend = 0, frame = 0
ARM GAS  C:\Users\shun2\AppData\Local\Temp\ccF5Boou.s 			page 22


 698              		@ frame_needed = 0, uses_anonymous_args = 0
 699              		@ link register save eliminated.
 519:Drivers/STM32F4xx_HAL_Driver/Src/stm32f4xx_hal.c ****   CLEAR_BIT(DBGMCU->CR, DBGMCU_CR_DBG_STANDBY);
 700              		.loc 1 519 0
 701 0000 024A     		ldr	r2, .L73
 702 0002 5368     		ldr	r3, [r2, #4]
 703 0004 23F00403 		bic	r3, r3, #4
 704 0008 5360     		str	r3, [r2, #4]
 705 000a 7047     		bx	lr
 706              	.L74:
 707              		.align	2
 708              	.L73:
 709 000c 002004E0 		.word	-536600576
 710              		.cfi_endproc
 711              	.LFE145:
 713              		.section	.text.HAL_EnableCompensationCell,"ax",%progbits
 714              		.align	2
 715              		.global	HAL_EnableCompensationCell
 716              		.thumb
 717              		.thumb_func
 719              	HAL_EnableCompensationCell:
 720              	.LFB146:
 520:Drivers/STM32F4xx_HAL_Driver/Src/stm32f4xx_hal.c **** }
 521:Drivers/STM32F4xx_HAL_Driver/Src/stm32f4xx_hal.c **** 
 522:Drivers/STM32F4xx_HAL_Driver/Src/stm32f4xx_hal.c **** /**
 523:Drivers/STM32F4xx_HAL_Driver/Src/stm32f4xx_hal.c ****   * @brief  Enables the I/O Compensation Cell.
 524:Drivers/STM32F4xx_HAL_Driver/Src/stm32f4xx_hal.c ****   * @note   The I/O compensation cell can be used only when the device supply
 525:Drivers/STM32F4xx_HAL_Driver/Src/stm32f4xx_hal.c ****   *         voltage ranges from 2.4 to 3.6 V.  
 526:Drivers/STM32F4xx_HAL_Driver/Src/stm32f4xx_hal.c ****   * @retval None
 527:Drivers/STM32F4xx_HAL_Driver/Src/stm32f4xx_hal.c ****   */
 528:Drivers/STM32F4xx_HAL_Driver/Src/stm32f4xx_hal.c **** void HAL_EnableCompensationCell(void)
 529:Drivers/STM32F4xx_HAL_Driver/Src/stm32f4xx_hal.c **** {
 721              		.loc 1 529 0
 722              		.cfi_startproc
 723              		@ args = 0, pretend = 0, frame = 0
 724              		@ frame_needed = 0, uses_anonymous_args = 0
 725              		@ link register save eliminated.
 530:Drivers/STM32F4xx_HAL_Driver/Src/stm32f4xx_hal.c ****   *(__IO uint32_t *)CMPCR_CMP_PD_BB = (uint32_t)ENABLE;
 726              		.loc 1 530 0
 727 0000 0122     		movs	r2, #1
 728 0002 014B     		ldr	r3, .L76
 729 0004 1A60     		str	r2, [r3]
 730 0006 7047     		bx	lr
 731              	.L77:
 732              		.align	2
 733              	.L76:
 734 0008 00042742 		.word	1109853184
 735              		.cfi_endproc
 736              	.LFE146:
 738              		.section	.text.HAL_DisableCompensationCell,"ax",%progbits
 739              		.align	2
 740              		.global	HAL_DisableCompensationCell
 741              		.thumb
 742              		.thumb_func
 744              	HAL_DisableCompensationCell:
 745              	.LFB147:
 531:Drivers/STM32F4xx_HAL_Driver/Src/stm32f4xx_hal.c **** }
ARM GAS  C:\Users\shun2\AppData\Local\Temp\ccF5Boou.s 			page 23


 532:Drivers/STM32F4xx_HAL_Driver/Src/stm32f4xx_hal.c **** 
 533:Drivers/STM32F4xx_HAL_Driver/Src/stm32f4xx_hal.c **** /**
 534:Drivers/STM32F4xx_HAL_Driver/Src/stm32f4xx_hal.c ****   * @brief  Power-down the I/O Compensation Cell.
 535:Drivers/STM32F4xx_HAL_Driver/Src/stm32f4xx_hal.c ****   * @note   The I/O compensation cell can be used only when the device supply
 536:Drivers/STM32F4xx_HAL_Driver/Src/stm32f4xx_hal.c ****   *         voltage ranges from 2.4 to 3.6 V.  
 537:Drivers/STM32F4xx_HAL_Driver/Src/stm32f4xx_hal.c ****   * @retval None
 538:Drivers/STM32F4xx_HAL_Driver/Src/stm32f4xx_hal.c ****   */
 539:Drivers/STM32F4xx_HAL_Driver/Src/stm32f4xx_hal.c **** void HAL_DisableCompensationCell(void)
 540:Drivers/STM32F4xx_HAL_Driver/Src/stm32f4xx_hal.c **** {
 746              		.loc 1 540 0
 747              		.cfi_startproc
 748              		@ args = 0, pretend = 0, frame = 0
 749              		@ frame_needed = 0, uses_anonymous_args = 0
 750              		@ link register save eliminated.
 541:Drivers/STM32F4xx_HAL_Driver/Src/stm32f4xx_hal.c ****   *(__IO uint32_t *)CMPCR_CMP_PD_BB = (uint32_t)DISABLE;
 751              		.loc 1 541 0
 752 0000 0022     		movs	r2, #0
 753 0002 014B     		ldr	r3, .L79
 754 0004 1A60     		str	r2, [r3]
 755 0006 7047     		bx	lr
 756              	.L80:
 757              		.align	2
 758              	.L79:
 759 0008 00042742 		.word	1109853184
 760              		.cfi_endproc
 761              	.LFE147:
 763              		.section	.text.HAL_GetUID,"ax",%progbits
 764              		.align	2
 765              		.global	HAL_GetUID
 766              		.thumb
 767              		.thumb_func
 769              	HAL_GetUID:
 770              	.LFB148:
 542:Drivers/STM32F4xx_HAL_Driver/Src/stm32f4xx_hal.c **** }
 543:Drivers/STM32F4xx_HAL_Driver/Src/stm32f4xx_hal.c **** 
 544:Drivers/STM32F4xx_HAL_Driver/Src/stm32f4xx_hal.c **** /**
 545:Drivers/STM32F4xx_HAL_Driver/Src/stm32f4xx_hal.c ****   * @brief Return the unique device identifier (UID based on 96 bits)
 546:Drivers/STM32F4xx_HAL_Driver/Src/stm32f4xx_hal.c ****   * @param UID pointer to 3 words array.
 547:Drivers/STM32F4xx_HAL_Driver/Src/stm32f4xx_hal.c ****   * @retval Device identifier
 548:Drivers/STM32F4xx_HAL_Driver/Src/stm32f4xx_hal.c ****   */
 549:Drivers/STM32F4xx_HAL_Driver/Src/stm32f4xx_hal.c **** void HAL_GetUID(uint32_t *UID)
 550:Drivers/STM32F4xx_HAL_Driver/Src/stm32f4xx_hal.c **** {
 771              		.loc 1 550 0
 772              		.cfi_startproc
 773              		@ args = 0, pretend = 0, frame = 0
 774              		@ frame_needed = 0, uses_anonymous_args = 0
 775              		@ link register save eliminated.
 776              	.LVL23:
 551:Drivers/STM32F4xx_HAL_Driver/Src/stm32f4xx_hal.c ****   UID[0] = (uint32_t)(READ_REG(*((uint32_t *)UID_BASE)));
 777              		.loc 1 551 0
 778 0000 044B     		ldr	r3, .L82
 779 0002 1B68     		ldr	r3, [r3]
 780 0004 0360     		str	r3, [r0]
 552:Drivers/STM32F4xx_HAL_Driver/Src/stm32f4xx_hal.c ****   UID[1] = (uint32_t)(READ_REG(*((uint32_t *)(UID_BASE + 4U))));
 781              		.loc 1 552 0
 782 0006 044B     		ldr	r3, .L82+4
 783 0008 1B68     		ldr	r3, [r3]
ARM GAS  C:\Users\shun2\AppData\Local\Temp\ccF5Boou.s 			page 24


 784 000a 4360     		str	r3, [r0, #4]
 553:Drivers/STM32F4xx_HAL_Driver/Src/stm32f4xx_hal.c ****   UID[2] = (uint32_t)(READ_REG(*((uint32_t *)(UID_BASE + 8U))));
 785              		.loc 1 553 0
 786 000c 034B     		ldr	r3, .L82+8
 787 000e 1B68     		ldr	r3, [r3]
 788 0010 8360     		str	r3, [r0, #8]
 789 0012 7047     		bx	lr
 790              	.L83:
 791              		.align	2
 792              	.L82:
 793 0014 107AFF1F 		.word	536836624
 794 0018 147AFF1F 		.word	536836628
 795 001c 187AFF1F 		.word	536836632
 796              		.cfi_endproc
 797              	.LFE148:
 799              		.section	.text.HAL_EnableMemorySwappingBank,"ax",%progbits
 800              		.align	2
 801              		.global	HAL_EnableMemorySwappingBank
 802              		.thumb
 803              		.thumb_func
 805              	HAL_EnableMemorySwappingBank:
 806              	.LFB149:
 554:Drivers/STM32F4xx_HAL_Driver/Src/stm32f4xx_hal.c **** }
 555:Drivers/STM32F4xx_HAL_Driver/Src/stm32f4xx_hal.c **** 
 556:Drivers/STM32F4xx_HAL_Driver/Src/stm32f4xx_hal.c **** #if defined(STM32F427xx) || defined(STM32F437xx) || defined(STM32F429xx)|| defined(STM32F439xx) ||\
 557:Drivers/STM32F4xx_HAL_Driver/Src/stm32f4xx_hal.c ****     defined(STM32F469xx) || defined(STM32F479xx)
 558:Drivers/STM32F4xx_HAL_Driver/Src/stm32f4xx_hal.c **** /**
 559:Drivers/STM32F4xx_HAL_Driver/Src/stm32f4xx_hal.c ****   * @brief  Enables the Internal FLASH Bank Swapping.
 560:Drivers/STM32F4xx_HAL_Driver/Src/stm32f4xx_hal.c ****   *   
 561:Drivers/STM32F4xx_HAL_Driver/Src/stm32f4xx_hal.c ****   * @note   This function can be used only for STM32F42xxx/43xxx devices. 
 562:Drivers/STM32F4xx_HAL_Driver/Src/stm32f4xx_hal.c ****   *
 563:Drivers/STM32F4xx_HAL_Driver/Src/stm32f4xx_hal.c ****   * @note   Flash Bank2 mapped at 0x08000000 (and aliased @0x00000000) 
 564:Drivers/STM32F4xx_HAL_Driver/Src/stm32f4xx_hal.c ****   *         and Flash Bank1 mapped at 0x08100000 (and aliased at 0x00100000)   
 565:Drivers/STM32F4xx_HAL_Driver/Src/stm32f4xx_hal.c ****   *
 566:Drivers/STM32F4xx_HAL_Driver/Src/stm32f4xx_hal.c ****   * @retval None
 567:Drivers/STM32F4xx_HAL_Driver/Src/stm32f4xx_hal.c ****   */
 568:Drivers/STM32F4xx_HAL_Driver/Src/stm32f4xx_hal.c **** void HAL_EnableMemorySwappingBank(void)
 569:Drivers/STM32F4xx_HAL_Driver/Src/stm32f4xx_hal.c **** {
 807              		.loc 1 569 0
 808              		.cfi_startproc
 809              		@ args = 0, pretend = 0, frame = 0
 810              		@ frame_needed = 0, uses_anonymous_args = 0
 811              		@ link register save eliminated.
 570:Drivers/STM32F4xx_HAL_Driver/Src/stm32f4xx_hal.c ****   *(__IO uint32_t *)UFB_MODE_BB = (uint32_t)ENABLE;
 812              		.loc 1 570 0
 813 0000 0122     		movs	r2, #1
 814 0002 014B     		ldr	r3, .L85
 815 0004 1A60     		str	r2, [r3]
 816 0006 7047     		bx	lr
 817              	.L86:
 818              		.align	2
 819              	.L85:
 820 0008 20002742 		.word	1109852192
 821              		.cfi_endproc
 822              	.LFE149:
 824              		.section	.text.HAL_DisableMemorySwappingBank,"ax",%progbits
 825              		.align	2
ARM GAS  C:\Users\shun2\AppData\Local\Temp\ccF5Boou.s 			page 25


 826              		.global	HAL_DisableMemorySwappingBank
 827              		.thumb
 828              		.thumb_func
 830              	HAL_DisableMemorySwappingBank:
 831              	.LFB150:
 571:Drivers/STM32F4xx_HAL_Driver/Src/stm32f4xx_hal.c **** }
 572:Drivers/STM32F4xx_HAL_Driver/Src/stm32f4xx_hal.c **** 
 573:Drivers/STM32F4xx_HAL_Driver/Src/stm32f4xx_hal.c **** /**
 574:Drivers/STM32F4xx_HAL_Driver/Src/stm32f4xx_hal.c ****   * @brief  Disables the Internal FLASH Bank Swapping.
 575:Drivers/STM32F4xx_HAL_Driver/Src/stm32f4xx_hal.c ****   *   
 576:Drivers/STM32F4xx_HAL_Driver/Src/stm32f4xx_hal.c ****   * @note   This function can be used only for STM32F42xxx/43xxx devices. 
 577:Drivers/STM32F4xx_HAL_Driver/Src/stm32f4xx_hal.c ****   *
 578:Drivers/STM32F4xx_HAL_Driver/Src/stm32f4xx_hal.c ****   * @note   The default state : Flash Bank1 mapped at 0x08000000 (and aliased @0x00000000) 
 579:Drivers/STM32F4xx_HAL_Driver/Src/stm32f4xx_hal.c ****   *         and Flash Bank2 mapped at 0x08100000 (and aliased at 0x00100000) 
 580:Drivers/STM32F4xx_HAL_Driver/Src/stm32f4xx_hal.c ****   *           
 581:Drivers/STM32F4xx_HAL_Driver/Src/stm32f4xx_hal.c ****   * @retval None
 582:Drivers/STM32F4xx_HAL_Driver/Src/stm32f4xx_hal.c ****   */
 583:Drivers/STM32F4xx_HAL_Driver/Src/stm32f4xx_hal.c **** void HAL_DisableMemorySwappingBank(void)
 584:Drivers/STM32F4xx_HAL_Driver/Src/stm32f4xx_hal.c **** {
 832              		.loc 1 584 0
 833              		.cfi_startproc
 834              		@ args = 0, pretend = 0, frame = 0
 835              		@ frame_needed = 0, uses_anonymous_args = 0
 836              		@ link register save eliminated.
 585:Drivers/STM32F4xx_HAL_Driver/Src/stm32f4xx_hal.c ****   *(__IO uint32_t *)UFB_MODE_BB = (uint32_t)DISABLE;
 837              		.loc 1 585 0
 838 0000 0022     		movs	r2, #0
 839 0002 014B     		ldr	r3, .L88
 840 0004 1A60     		str	r2, [r3]
 841 0006 7047     		bx	lr
 842              	.L89:
 843              		.align	2
 844              	.L88:
 845 0008 20002742 		.word	1109852192
 846              		.cfi_endproc
 847              	.LFE150:
 849              		.global	uwTickFreq
 850              		.global	uwTickPrio
 851              		.comm	uwTick,4,4
 852              		.section	.data.uwTickPrio,"aw",%progbits
 853              		.align	2
 854              		.set	.LANCHOR1,. + 0
 857              	uwTickPrio:
 858 0000 10000000 		.word	16
 859              		.section	.data.uwTickFreq,"aw",%progbits
 860              		.set	.LANCHOR0,. + 0
 863              	uwTickFreq:
 864 0000 01       		.byte	1
 865              		.text
 866              	.Letext0:
 867              		.file 2 "c:\\program files (x86)\\gnu tools arm embedded\\5.4 2016q3\\arm-none-eabi\\include\\mach
 868              		.file 3 "c:\\program files (x86)\\gnu tools arm embedded\\5.4 2016q3\\arm-none-eabi\\include\\sys\
 869              		.file 4 "Drivers/CMSIS/Include/core_cm4.h"
 870              		.file 5 "Drivers/CMSIS/Device/ST/STM32F4xx/Include/stm32f429xx.h"
 871              		.file 6 "Drivers/CMSIS/Device/ST/STM32F4xx/Include/stm32f4xx.h"
 872              		.file 7 "Drivers/STM32F4xx_HAL_Driver/Inc/stm32f4xx_hal_def.h"
 873              		.file 8 "Drivers/STM32F4xx_HAL_Driver/Inc/stm32f4xx_hal.h"
ARM GAS  C:\Users\shun2\AppData\Local\Temp\ccF5Boou.s 			page 26


 874              		.file 9 "Drivers/CMSIS/Device/ST/STM32F4xx/Include/system_stm32f4xx.h"
 875              		.file 10 "Drivers/STM32F4xx_HAL_Driver/Inc/stm32f4xx_hal_cortex.h"
ARM GAS  C:\Users\shun2\AppData\Local\Temp\ccF5Boou.s 			page 27


DEFINED SYMBOLS
                            *ABS*:00000000 stm32f4xx_hal.c
C:\Users\shun2\AppData\Local\Temp\ccF5Boou.s:22     .text.HAL_MspInit:00000000 $t
C:\Users\shun2\AppData\Local\Temp\ccF5Boou.s:27     .text.HAL_MspInit:00000000 HAL_MspInit
C:\Users\shun2\AppData\Local\Temp\ccF5Boou.s:40     .text.HAL_MspDeInit:00000000 $t
C:\Users\shun2\AppData\Local\Temp\ccF5Boou.s:45     .text.HAL_MspDeInit:00000000 HAL_MspDeInit
C:\Users\shun2\AppData\Local\Temp\ccF5Boou.s:57     .text.HAL_DeInit:00000000 $t
C:\Users\shun2\AppData\Local\Temp\ccF5Boou.s:62     .text.HAL_DeInit:00000000 HAL_DeInit
C:\Users\shun2\AppData\Local\Temp\ccF5Boou.s:106    .text.HAL_DeInit:00000028 $d
C:\Users\shun2\AppData\Local\Temp\ccF5Boou.s:111    .text.HAL_InitTick:00000000 $t
C:\Users\shun2\AppData\Local\Temp\ccF5Boou.s:116    .text.HAL_InitTick:00000000 HAL_InitTick
C:\Users\shun2\AppData\Local\Temp\ccF5Boou.s:171    .text.HAL_InitTick:00000040 $d
C:\Users\shun2\AppData\Local\Temp\ccF5Boou.s:178    .text.HAL_Init:00000000 $t
C:\Users\shun2\AppData\Local\Temp\ccF5Boou.s:183    .text.HAL_Init:00000000 HAL_Init
C:\Users\shun2\AppData\Local\Temp\ccF5Boou.s:224    .text.HAL_Init:00000030 $d
C:\Users\shun2\AppData\Local\Temp\ccF5Boou.s:229    .text.HAL_IncTick:00000000 $t
C:\Users\shun2\AppData\Local\Temp\ccF5Boou.s:234    .text.HAL_IncTick:00000000 HAL_IncTick
C:\Users\shun2\AppData\Local\Temp\ccF5Boou.s:252    .text.HAL_IncTick:00000010 $d
                            *COM*:00000004 uwTick
C:\Users\shun2\AppData\Local\Temp\ccF5Boou.s:258    .text.HAL_GetTick:00000000 $t
C:\Users\shun2\AppData\Local\Temp\ccF5Boou.s:263    .text.HAL_GetTick:00000000 HAL_GetTick
C:\Users\shun2\AppData\Local\Temp\ccF5Boou.s:278    .text.HAL_GetTick:00000008 $d
C:\Users\shun2\AppData\Local\Temp\ccF5Boou.s:283    .text.HAL_GetTickPrio:00000000 $t
C:\Users\shun2\AppData\Local\Temp\ccF5Boou.s:288    .text.HAL_GetTickPrio:00000000 HAL_GetTickPrio
C:\Users\shun2\AppData\Local\Temp\ccF5Boou.s:302    .text.HAL_GetTickPrio:00000008 $d
C:\Users\shun2\AppData\Local\Temp\ccF5Boou.s:307    .text.HAL_SetTickFreq:00000000 $t
C:\Users\shun2\AppData\Local\Temp\ccF5Boou.s:312    .text.HAL_SetTickFreq:00000000 HAL_SetTickFreq
C:\Users\shun2\AppData\Local\Temp\ccF5Boou.s:350    .text.HAL_SetTickFreq:0000001c $d
C:\Users\shun2\AppData\Local\Temp\ccF5Boou.s:356    .text.HAL_GetTickFreq:00000000 $t
C:\Users\shun2\AppData\Local\Temp\ccF5Boou.s:361    .text.HAL_GetTickFreq:00000000 HAL_GetTickFreq
C:\Users\shun2\AppData\Local\Temp\ccF5Boou.s:375    .text.HAL_GetTickFreq:00000008 $d
C:\Users\shun2\AppData\Local\Temp\ccF5Boou.s:380    .text.HAL_Delay:00000000 $t
C:\Users\shun2\AppData\Local\Temp\ccF5Boou.s:385    .text.HAL_Delay:00000000 HAL_Delay
C:\Users\shun2\AppData\Local\Temp\ccF5Boou.s:426    .text.HAL_Delay:00000024 $d
C:\Users\shun2\AppData\Local\Temp\ccF5Boou.s:431    .text.HAL_SuspendTick:00000000 $t
C:\Users\shun2\AppData\Local\Temp\ccF5Boou.s:436    .text.HAL_SuspendTick:00000000 HAL_SuspendTick
C:\Users\shun2\AppData\Local\Temp\ccF5Boou.s:452    .text.HAL_SuspendTick:0000000c $d
C:\Users\shun2\AppData\Local\Temp\ccF5Boou.s:457    .text.HAL_ResumeTick:00000000 $t
C:\Users\shun2\AppData\Local\Temp\ccF5Boou.s:462    .text.HAL_ResumeTick:00000000 HAL_ResumeTick
C:\Users\shun2\AppData\Local\Temp\ccF5Boou.s:478    .text.HAL_ResumeTick:0000000c $d
C:\Users\shun2\AppData\Local\Temp\ccF5Boou.s:483    .text.HAL_GetHalVersion:00000000 $t
C:\Users\shun2\AppData\Local\Temp\ccF5Boou.s:488    .text.HAL_GetHalVersion:00000000 HAL_GetHalVersion
C:\Users\shun2\AppData\Local\Temp\ccF5Boou.s:501    .text.HAL_GetHalVersion:00000004 $d
C:\Users\shun2\AppData\Local\Temp\ccF5Boou.s:506    .text.HAL_GetREVID:00000000 $t
C:\Users\shun2\AppData\Local\Temp\ccF5Boou.s:511    .text.HAL_GetREVID:00000000 HAL_GetREVID
C:\Users\shun2\AppData\Local\Temp\ccF5Boou.s:527    .text.HAL_GetREVID:00000008 $d
C:\Users\shun2\AppData\Local\Temp\ccF5Boou.s:532    .text.HAL_GetDEVID:00000000 $t
C:\Users\shun2\AppData\Local\Temp\ccF5Boou.s:537    .text.HAL_GetDEVID:00000000 HAL_GetDEVID
C:\Users\shun2\AppData\Local\Temp\ccF5Boou.s:553    .text.HAL_GetDEVID:0000000c $d
C:\Users\shun2\AppData\Local\Temp\ccF5Boou.s:558    .text.HAL_DBGMCU_EnableDBGSleepMode:00000000 $t
C:\Users\shun2\AppData\Local\Temp\ccF5Boou.s:563    .text.HAL_DBGMCU_EnableDBGSleepMode:00000000 HAL_DBGMCU_EnableDBGSleepMode
C:\Users\shun2\AppData\Local\Temp\ccF5Boou.s:579    .text.HAL_DBGMCU_EnableDBGSleepMode:0000000c $d
C:\Users\shun2\AppData\Local\Temp\ccF5Boou.s:584    .text.HAL_DBGMCU_DisableDBGSleepMode:00000000 $t
C:\Users\shun2\AppData\Local\Temp\ccF5Boou.s:589    .text.HAL_DBGMCU_DisableDBGSleepMode:00000000 HAL_DBGMCU_DisableDBGSleepMode
C:\Users\shun2\AppData\Local\Temp\ccF5Boou.s:605    .text.HAL_DBGMCU_DisableDBGSleepMode:0000000c $d
C:\Users\shun2\AppData\Local\Temp\ccF5Boou.s:610    .text.HAL_DBGMCU_EnableDBGStopMode:00000000 $t
C:\Users\shun2\AppData\Local\Temp\ccF5Boou.s:615    .text.HAL_DBGMCU_EnableDBGStopMode:00000000 HAL_DBGMCU_EnableDBGStopMode
ARM GAS  C:\Users\shun2\AppData\Local\Temp\ccF5Boou.s 			page 28


C:\Users\shun2\AppData\Local\Temp\ccF5Boou.s:631    .text.HAL_DBGMCU_EnableDBGStopMode:0000000c $d
C:\Users\shun2\AppData\Local\Temp\ccF5Boou.s:636    .text.HAL_DBGMCU_DisableDBGStopMode:00000000 $t
C:\Users\shun2\AppData\Local\Temp\ccF5Boou.s:641    .text.HAL_DBGMCU_DisableDBGStopMode:00000000 HAL_DBGMCU_DisableDBGStopMode
C:\Users\shun2\AppData\Local\Temp\ccF5Boou.s:657    .text.HAL_DBGMCU_DisableDBGStopMode:0000000c $d
C:\Users\shun2\AppData\Local\Temp\ccF5Boou.s:662    .text.HAL_DBGMCU_EnableDBGStandbyMode:00000000 $t
C:\Users\shun2\AppData\Local\Temp\ccF5Boou.s:667    .text.HAL_DBGMCU_EnableDBGStandbyMode:00000000 HAL_DBGMCU_EnableDBGStandbyMode
C:\Users\shun2\AppData\Local\Temp\ccF5Boou.s:683    .text.HAL_DBGMCU_EnableDBGStandbyMode:0000000c $d
C:\Users\shun2\AppData\Local\Temp\ccF5Boou.s:688    .text.HAL_DBGMCU_DisableDBGStandbyMode:00000000 $t
C:\Users\shun2\AppData\Local\Temp\ccF5Boou.s:693    .text.HAL_DBGMCU_DisableDBGStandbyMode:00000000 HAL_DBGMCU_DisableDBGStandbyMode
C:\Users\shun2\AppData\Local\Temp\ccF5Boou.s:709    .text.HAL_DBGMCU_DisableDBGStandbyMode:0000000c $d
C:\Users\shun2\AppData\Local\Temp\ccF5Boou.s:714    .text.HAL_EnableCompensationCell:00000000 $t
C:\Users\shun2\AppData\Local\Temp\ccF5Boou.s:719    .text.HAL_EnableCompensationCell:00000000 HAL_EnableCompensationCell
C:\Users\shun2\AppData\Local\Temp\ccF5Boou.s:734    .text.HAL_EnableCompensationCell:00000008 $d
C:\Users\shun2\AppData\Local\Temp\ccF5Boou.s:739    .text.HAL_DisableCompensationCell:00000000 $t
C:\Users\shun2\AppData\Local\Temp\ccF5Boou.s:744    .text.HAL_DisableCompensationCell:00000000 HAL_DisableCompensationCell
C:\Users\shun2\AppData\Local\Temp\ccF5Boou.s:759    .text.HAL_DisableCompensationCell:00000008 $d
C:\Users\shun2\AppData\Local\Temp\ccF5Boou.s:764    .text.HAL_GetUID:00000000 $t
C:\Users\shun2\AppData\Local\Temp\ccF5Boou.s:769    .text.HAL_GetUID:00000000 HAL_GetUID
C:\Users\shun2\AppData\Local\Temp\ccF5Boou.s:793    .text.HAL_GetUID:00000014 $d
C:\Users\shun2\AppData\Local\Temp\ccF5Boou.s:800    .text.HAL_EnableMemorySwappingBank:00000000 $t
C:\Users\shun2\AppData\Local\Temp\ccF5Boou.s:805    .text.HAL_EnableMemorySwappingBank:00000000 HAL_EnableMemorySwappingBank
C:\Users\shun2\AppData\Local\Temp\ccF5Boou.s:820    .text.HAL_EnableMemorySwappingBank:00000008 $d
C:\Users\shun2\AppData\Local\Temp\ccF5Boou.s:825    .text.HAL_DisableMemorySwappingBank:00000000 $t
C:\Users\shun2\AppData\Local\Temp\ccF5Boou.s:830    .text.HAL_DisableMemorySwappingBank:00000000 HAL_DisableMemorySwappingBank
C:\Users\shun2\AppData\Local\Temp\ccF5Boou.s:845    .text.HAL_DisableMemorySwappingBank:00000008 $d
C:\Users\shun2\AppData\Local\Temp\ccF5Boou.s:863    .data.uwTickFreq:00000000 uwTickFreq
C:\Users\shun2\AppData\Local\Temp\ccF5Boou.s:857    .data.uwTickPrio:00000000 uwTickPrio
C:\Users\shun2\AppData\Local\Temp\ccF5Boou.s:853    .data.uwTickPrio:00000000 $d
                     .debug_frame:00000010 $d

UNDEFINED SYMBOLS
HAL_SYSTICK_Config
HAL_NVIC_SetPriority
SystemCoreClock
HAL_NVIC_SetPriorityGrouping
