ARM GAS  C:\Users\shun2\AppData\Local\Temp\ccU7fJoy.s 			page 1


   1              		.syntax unified
   2              		.cpu cortex-m4
   3              		.eabi_attribute 27, 1
   4              		.eabi_attribute 28, 1
   5              		.fpu fpv4-sp-d16
   6              		.eabi_attribute 20, 1
   7              		.eabi_attribute 21, 1
   8              		.eabi_attribute 23, 3
   9              		.eabi_attribute 24, 1
  10              		.eabi_attribute 25, 1
  11              		.eabi_attribute 26, 1
  12              		.eabi_attribute 30, 1
  13              		.eabi_attribute 34, 1
  14              		.eabi_attribute 18, 4
  15              		.thumb
  16              		.syntax unified
  17              		.file	"stm32f4xx_hal_timebase_TIM.c"
  18              		.text
  19              	.Ltext0:
  20              		.cfi_sections	.debug_frame
  21              		.section	.text.HAL_InitTick,"ax",%progbits
  22              		.align	2
  23              		.global	HAL_InitTick
  24              		.thumb
  25              		.thumb_func
  27              	HAL_InitTick:
  28              	.LFB124:
  29              		.file 1 "Src/stm32f4xx_hal_timebase_TIM.c"
   1:Src/stm32f4xx_hal_timebase_TIM.c **** /**
   2:Src/stm32f4xx_hal_timebase_TIM.c ****   ******************************************************************************
   3:Src/stm32f4xx_hal_timebase_TIM.c ****   * @file    stm32f4xx_hal_timebase_TIM.c 
   4:Src/stm32f4xx_hal_timebase_TIM.c ****   * @brief   HAL time base based on the hardware TIM.
   5:Src/stm32f4xx_hal_timebase_TIM.c ****   ******************************************************************************
   6:Src/stm32f4xx_hal_timebase_TIM.c ****   ** This notice applies to any and all portions of this file
   7:Src/stm32f4xx_hal_timebase_TIM.c ****   * that are not between comment pairs USER CODE BEGIN and
   8:Src/stm32f4xx_hal_timebase_TIM.c ****   * USER CODE END. Other portions of this file, whether 
   9:Src/stm32f4xx_hal_timebase_TIM.c ****   * inserted by the user or by software development tools
  10:Src/stm32f4xx_hal_timebase_TIM.c ****   * are owned by their respective copyright owners.
  11:Src/stm32f4xx_hal_timebase_TIM.c ****   *
  12:Src/stm32f4xx_hal_timebase_TIM.c ****   * COPYRIGHT(c) 2019 STMicroelectronics
  13:Src/stm32f4xx_hal_timebase_TIM.c ****   *
  14:Src/stm32f4xx_hal_timebase_TIM.c ****   * Redistribution and use in source and binary forms, with or without modification,
  15:Src/stm32f4xx_hal_timebase_TIM.c ****   * are permitted provided that the following conditions are met:
  16:Src/stm32f4xx_hal_timebase_TIM.c ****   *   1. Redistributions of source code must retain the above copyright notice,
  17:Src/stm32f4xx_hal_timebase_TIM.c ****   *      this list of conditions and the following disclaimer.
  18:Src/stm32f4xx_hal_timebase_TIM.c ****   *   2. Redistributions in binary form must reproduce the above copyright notice,
  19:Src/stm32f4xx_hal_timebase_TIM.c ****   *      this list of conditions and the following disclaimer in the documentation
  20:Src/stm32f4xx_hal_timebase_TIM.c ****   *      and/or other materials provided with the distribution.
  21:Src/stm32f4xx_hal_timebase_TIM.c ****   *   3. Neither the name of STMicroelectronics nor the names of its contributors
  22:Src/stm32f4xx_hal_timebase_TIM.c ****   *      may be used to endorse or promote products derived from this software
  23:Src/stm32f4xx_hal_timebase_TIM.c ****   *      without specific prior written permission.
  24:Src/stm32f4xx_hal_timebase_TIM.c ****   *
  25:Src/stm32f4xx_hal_timebase_TIM.c ****   * THIS SOFTWARE IS PROVIDED BY THE COPYRIGHT HOLDERS AND CONTRIBUTORS "AS IS"
  26:Src/stm32f4xx_hal_timebase_TIM.c ****   * AND ANY EXPRESS OR IMPLIED WARRANTIES, INCLUDING, BUT NOT LIMITED TO, THE
  27:Src/stm32f4xx_hal_timebase_TIM.c ****   * IMPLIED WARRANTIES OF MERCHANTABILITY AND FITNESS FOR A PARTICULAR PURPOSE ARE
  28:Src/stm32f4xx_hal_timebase_TIM.c ****   * DISCLAIMED. IN NO EVENT SHALL THE COPYRIGHT HOLDER OR CONTRIBUTORS BE LIABLE
  29:Src/stm32f4xx_hal_timebase_TIM.c ****   * FOR ANY DIRECT, INDIRECT, INCIDENTAL, SPECIAL, EXEMPLARY, OR CONSEQUENTIAL
ARM GAS  C:\Users\shun2\AppData\Local\Temp\ccU7fJoy.s 			page 2


  30:Src/stm32f4xx_hal_timebase_TIM.c ****   * DAMAGES (INCLUDING, BUT NOT LIMITED TO, PROCUREMENT OF SUBSTITUTE GOODS OR
  31:Src/stm32f4xx_hal_timebase_TIM.c ****   * SERVICES; LOSS OF USE, DATA, OR PROFITS; OR BUSINESS INTERRUPTION) HOWEVER
  32:Src/stm32f4xx_hal_timebase_TIM.c ****   * CAUSED AND ON ANY THEORY OF LIABILITY, WHETHER IN CONTRACT, STRICT LIABILITY,
  33:Src/stm32f4xx_hal_timebase_TIM.c ****   * OR TORT (INCLUDING NEGLIGENCE OR OTHERWISE) ARISING IN ANY WAY OUT OF THE USE
  34:Src/stm32f4xx_hal_timebase_TIM.c ****   * OF THIS SOFTWARE, EVEN IF ADVISED OF THE POSSIBILITY OF SUCH DAMAGE.
  35:Src/stm32f4xx_hal_timebase_TIM.c ****   *
  36:Src/stm32f4xx_hal_timebase_TIM.c ****   ******************************************************************************
  37:Src/stm32f4xx_hal_timebase_TIM.c ****   */
  38:Src/stm32f4xx_hal_timebase_TIM.c **** 
  39:Src/stm32f4xx_hal_timebase_TIM.c **** /* Includes ------------------------------------------------------------------*/
  40:Src/stm32f4xx_hal_timebase_TIM.c **** #include "stm32f4xx_hal.h"
  41:Src/stm32f4xx_hal_timebase_TIM.c **** #include "stm32f4xx_hal_tim.h"
  42:Src/stm32f4xx_hal_timebase_TIM.c **** /** @addtogroup STM32F7xx_HAL_Examples
  43:Src/stm32f4xx_hal_timebase_TIM.c ****   * @{
  44:Src/stm32f4xx_hal_timebase_TIM.c ****   */
  45:Src/stm32f4xx_hal_timebase_TIM.c **** 
  46:Src/stm32f4xx_hal_timebase_TIM.c **** /** @addtogroup HAL_TimeBase
  47:Src/stm32f4xx_hal_timebase_TIM.c ****   * @{
  48:Src/stm32f4xx_hal_timebase_TIM.c ****   */ 
  49:Src/stm32f4xx_hal_timebase_TIM.c **** 
  50:Src/stm32f4xx_hal_timebase_TIM.c **** /* Private typedef -----------------------------------------------------------*/
  51:Src/stm32f4xx_hal_timebase_TIM.c **** /* Private define ------------------------------------------------------------*/
  52:Src/stm32f4xx_hal_timebase_TIM.c **** /* Private macro -------------------------------------------------------------*/
  53:Src/stm32f4xx_hal_timebase_TIM.c **** /* Private variables ---------------------------------------------------------*/
  54:Src/stm32f4xx_hal_timebase_TIM.c **** TIM_HandleTypeDef        htim14; 
  55:Src/stm32f4xx_hal_timebase_TIM.c **** uint32_t                 uwIncrementState = 0;
  56:Src/stm32f4xx_hal_timebase_TIM.c **** /* Private function prototypes -----------------------------------------------*/
  57:Src/stm32f4xx_hal_timebase_TIM.c **** /* Private functions ---------------------------------------------------------*/
  58:Src/stm32f4xx_hal_timebase_TIM.c **** 
  59:Src/stm32f4xx_hal_timebase_TIM.c **** /**
  60:Src/stm32f4xx_hal_timebase_TIM.c ****   * @brief  This function configures the TIM14 as a time base source. 
  61:Src/stm32f4xx_hal_timebase_TIM.c ****   *         The time source is configured  to have 1ms time base with a dedicated 
  62:Src/stm32f4xx_hal_timebase_TIM.c ****   *         Tick interrupt priority. 
  63:Src/stm32f4xx_hal_timebase_TIM.c ****   * @note   This function is called  automatically at the beginning of program after
  64:Src/stm32f4xx_hal_timebase_TIM.c ****   *         reset by HAL_Init() or at any time when clock is configured, by HAL_RCC_ClockConfig(). 
  65:Src/stm32f4xx_hal_timebase_TIM.c ****   * @param  TickPriority: Tick interrupt priorty.
  66:Src/stm32f4xx_hal_timebase_TIM.c ****   * @retval HAL status
  67:Src/stm32f4xx_hal_timebase_TIM.c ****   */
  68:Src/stm32f4xx_hal_timebase_TIM.c **** HAL_StatusTypeDef HAL_InitTick(uint32_t TickPriority)
  69:Src/stm32f4xx_hal_timebase_TIM.c **** {
  30              		.loc 1 69 0
  31              		.cfi_startproc
  32              		@ args = 0, pretend = 0, frame = 32
  33              		@ frame_needed = 0, uses_anonymous_args = 0
  34              	.LVL0:
  35 0000 10B5     		push	{r4, lr}
  36              	.LCFI0:
  37              		.cfi_def_cfa_offset 8
  38              		.cfi_offset 4, -8
  39              		.cfi_offset 14, -4
  40 0002 88B0     		sub	sp, sp, #32
  41              	.LCFI1:
  42              		.cfi_def_cfa_offset 40
  43              	.LVL1:
  70:Src/stm32f4xx_hal_timebase_TIM.c ****   RCC_ClkInitTypeDef    clkconfig;
  71:Src/stm32f4xx_hal_timebase_TIM.c ****   uint32_t              uwTimclock = 0;
  72:Src/stm32f4xx_hal_timebase_TIM.c ****   uint32_t              uwPrescalerValue = 0;
ARM GAS  C:\Users\shun2\AppData\Local\Temp\ccU7fJoy.s 			page 3


  73:Src/stm32f4xx_hal_timebase_TIM.c ****   uint32_t              pFLatency;
  74:Src/stm32f4xx_hal_timebase_TIM.c ****   
  75:Src/stm32f4xx_hal_timebase_TIM.c ****   /*Configure the TIM14 IRQ priority */
  76:Src/stm32f4xx_hal_timebase_TIM.c ****   HAL_NVIC_SetPriority(TIM8_TRG_COM_TIM14_IRQn, TickPriority ,0); 
  44              		.loc 1 76 0
  45 0004 0022     		movs	r2, #0
  46 0006 0146     		mov	r1, r0
  47 0008 2D20     		movs	r0, #45
  48              	.LVL2:
  49 000a FFF7FEFF 		bl	HAL_NVIC_SetPriority
  50              	.LVL3:
  77:Src/stm32f4xx_hal_timebase_TIM.c ****   
  78:Src/stm32f4xx_hal_timebase_TIM.c ****   /* Enable the TIM14 global Interrupt */
  79:Src/stm32f4xx_hal_timebase_TIM.c ****   HAL_NVIC_EnableIRQ(TIM8_TRG_COM_TIM14_IRQn); 
  51              		.loc 1 79 0
  52 000e 2D20     		movs	r0, #45
  53 0010 FFF7FEFF 		bl	HAL_NVIC_EnableIRQ
  54              	.LVL4:
  55              	.LBB2:
  80:Src/stm32f4xx_hal_timebase_TIM.c ****   
  81:Src/stm32f4xx_hal_timebase_TIM.c ****   /* Enable TIM14 clock */
  82:Src/stm32f4xx_hal_timebase_TIM.c ****   __HAL_RCC_TIM14_CLK_ENABLE();
  56              		.loc 1 82 0
  57 0014 0024     		movs	r4, #0
  58 0016 0194     		str	r4, [sp, #4]
  59 0018 144B     		ldr	r3, .L5
  60 001a 1A6C     		ldr	r2, [r3, #64]
  61 001c 42F48072 		orr	r2, r2, #256
  62 0020 1A64     		str	r2, [r3, #64]
  63 0022 1B6C     		ldr	r3, [r3, #64]
  64 0024 03F48073 		and	r3, r3, #256
  65 0028 0193     		str	r3, [sp, #4]
  66 002a 019B     		ldr	r3, [sp, #4]
  67              	.LBE2:
  83:Src/stm32f4xx_hal_timebase_TIM.c ****   
  84:Src/stm32f4xx_hal_timebase_TIM.c ****   /* Get clock configuration */
  85:Src/stm32f4xx_hal_timebase_TIM.c ****   HAL_RCC_GetClockConfig(&clkconfig, &pFLatency);
  68              		.loc 1 85 0
  69 002c 02A9     		add	r1, sp, #8
  70 002e 03A8     		add	r0, sp, #12
  71 0030 FFF7FEFF 		bl	HAL_RCC_GetClockConfig
  72              	.LVL5:
  86:Src/stm32f4xx_hal_timebase_TIM.c ****   
  87:Src/stm32f4xx_hal_timebase_TIM.c ****   /* Compute TIM14 clock */
  88:Src/stm32f4xx_hal_timebase_TIM.c ****   uwTimclock = 2*HAL_RCC_GetPCLK1Freq();
  73              		.loc 1 88 0
  74 0034 FFF7FEFF 		bl	HAL_RCC_GetPCLK1Freq
  75              	.LVL6:
  76 0038 4000     		lsls	r0, r0, #1
  77              	.LVL7:
  89:Src/stm32f4xx_hal_timebase_TIM.c ****    
  90:Src/stm32f4xx_hal_timebase_TIM.c ****   /* Compute the prescaler value to have TIM14 counter clock equal to 1MHz */
  91:Src/stm32f4xx_hal_timebase_TIM.c ****   uwPrescalerValue = (uint32_t) ((uwTimclock / 1000000) - 1);
  78              		.loc 1 91 0
  79 003a 0D4B     		ldr	r3, .L5+4
  80 003c A3FB0023 		umull	r2, r3, r3, r0
  81 0040 9B0C     		lsrs	r3, r3, #18
ARM GAS  C:\Users\shun2\AppData\Local\Temp\ccU7fJoy.s 			page 4


  82 0042 013B     		subs	r3, r3, #1
  83              	.LVL8:
  92:Src/stm32f4xx_hal_timebase_TIM.c ****   
  93:Src/stm32f4xx_hal_timebase_TIM.c ****   /* Initialize TIM14 */
  94:Src/stm32f4xx_hal_timebase_TIM.c ****   htim14.Instance = TIM14;
  84              		.loc 1 94 0
  85 0044 0B48     		ldr	r0, .L5+8
  86              	.LVL9:
  87 0046 0C4A     		ldr	r2, .L5+12
  88 0048 0260     		str	r2, [r0]
  95:Src/stm32f4xx_hal_timebase_TIM.c ****   
  96:Src/stm32f4xx_hal_timebase_TIM.c ****   /* Initialize TIMx peripheral as follow:
  97:Src/stm32f4xx_hal_timebase_TIM.c ****   + Period = [(TIM14CLK/1000) - 1]. to have a (1/1000) s time base.
  98:Src/stm32f4xx_hal_timebase_TIM.c ****   + Prescaler = (uwTimclock/1000000 - 1) to have a 1MHz counter clock.
  99:Src/stm32f4xx_hal_timebase_TIM.c ****   + ClockDivision = 0
 100:Src/stm32f4xx_hal_timebase_TIM.c ****   + Counter direction = Up
 101:Src/stm32f4xx_hal_timebase_TIM.c ****   */
 102:Src/stm32f4xx_hal_timebase_TIM.c ****   htim14.Init.Period = (1000000 / 1000) - 1;
  89              		.loc 1 102 0
  90 004a 40F2E732 		movw	r2, #999
  91 004e C260     		str	r2, [r0, #12]
 103:Src/stm32f4xx_hal_timebase_TIM.c ****   htim14.Init.Prescaler = uwPrescalerValue;
  92              		.loc 1 103 0
  93 0050 4360     		str	r3, [r0, #4]
 104:Src/stm32f4xx_hal_timebase_TIM.c ****   htim14.Init.ClockDivision = 0;
  94              		.loc 1 104 0
  95 0052 0461     		str	r4, [r0, #16]
 105:Src/stm32f4xx_hal_timebase_TIM.c ****   htim14.Init.CounterMode = TIM_COUNTERMODE_UP;
  96              		.loc 1 105 0
  97 0054 8460     		str	r4, [r0, #8]
 106:Src/stm32f4xx_hal_timebase_TIM.c ****   if(HAL_TIM_Base_Init(&htim14) == HAL_OK)
  98              		.loc 1 106 0
  99 0056 FFF7FEFF 		bl	HAL_TIM_Base_Init
 100              	.LVL10:
 101 005a 18B9     		cbnz	r0, .L3
 107:Src/stm32f4xx_hal_timebase_TIM.c ****   {
 108:Src/stm32f4xx_hal_timebase_TIM.c ****     /* Start the TIM time Base generation in interrupt mode */
 109:Src/stm32f4xx_hal_timebase_TIM.c ****     return HAL_TIM_Base_Start_IT(&htim14);
 102              		.loc 1 109 0
 103 005c 0548     		ldr	r0, .L5+8
 104 005e FFF7FEFF 		bl	HAL_TIM_Base_Start_IT
 105              	.LVL11:
 106 0062 00E0     		b	.L2
 107              	.L3:
 110:Src/stm32f4xx_hal_timebase_TIM.c ****   }
 111:Src/stm32f4xx_hal_timebase_TIM.c ****   
 112:Src/stm32f4xx_hal_timebase_TIM.c ****   /* Return function status */
 113:Src/stm32f4xx_hal_timebase_TIM.c ****   return HAL_ERROR;
 108              		.loc 1 113 0
 109 0064 0120     		movs	r0, #1
 110              	.L2:
 114:Src/stm32f4xx_hal_timebase_TIM.c **** }
 111              		.loc 1 114 0
 112 0066 08B0     		add	sp, sp, #32
 113              	.LCFI2:
 114              		.cfi_def_cfa_offset 8
 115              		@ sp needed
ARM GAS  C:\Users\shun2\AppData\Local\Temp\ccU7fJoy.s 			page 5


 116 0068 10BD     		pop	{r4, pc}
 117              	.L6:
 118 006a 00BF     		.align	2
 119              	.L5:
 120 006c 00380240 		.word	1073887232
 121 0070 83DE1B43 		.word	1125899907
 122 0074 00000000 		.word	htim14
 123 0078 00200040 		.word	1073750016
 124              		.cfi_endproc
 125              	.LFE124:
 127              		.section	.text.HAL_SuspendTick,"ax",%progbits
 128              		.align	2
 129              		.global	HAL_SuspendTick
 130              		.thumb
 131              		.thumb_func
 133              	HAL_SuspendTick:
 134              	.LFB125:
 115:Src/stm32f4xx_hal_timebase_TIM.c **** 
 116:Src/stm32f4xx_hal_timebase_TIM.c **** /**
 117:Src/stm32f4xx_hal_timebase_TIM.c ****   * @brief  Suspend Tick increment.
 118:Src/stm32f4xx_hal_timebase_TIM.c ****   * @note   Disable the tick increment by disabling TIM14 update interrupt.
 119:Src/stm32f4xx_hal_timebase_TIM.c ****   * @param  None
 120:Src/stm32f4xx_hal_timebase_TIM.c ****   * @retval None
 121:Src/stm32f4xx_hal_timebase_TIM.c ****   */
 122:Src/stm32f4xx_hal_timebase_TIM.c **** void HAL_SuspendTick(void)
 123:Src/stm32f4xx_hal_timebase_TIM.c **** {
 135              		.loc 1 123 0
 136              		.cfi_startproc
 137              		@ args = 0, pretend = 0, frame = 0
 138              		@ frame_needed = 0, uses_anonymous_args = 0
 139              		@ link register save eliminated.
 124:Src/stm32f4xx_hal_timebase_TIM.c ****   /* Disable TIM14 update Interrupt */
 125:Src/stm32f4xx_hal_timebase_TIM.c ****   __HAL_TIM_DISABLE_IT(&htim14, TIM_IT_UPDATE);                                                  
 140              		.loc 1 125 0
 141 0000 034B     		ldr	r3, .L8
 142 0002 1A68     		ldr	r2, [r3]
 143 0004 D368     		ldr	r3, [r2, #12]
 144 0006 23F00103 		bic	r3, r3, #1
 145 000a D360     		str	r3, [r2, #12]
 146 000c 7047     		bx	lr
 147              	.L9:
 148 000e 00BF     		.align	2
 149              	.L8:
 150 0010 00000000 		.word	htim14
 151              		.cfi_endproc
 152              	.LFE125:
 154              		.section	.text.HAL_ResumeTick,"ax",%progbits
 155              		.align	2
 156              		.global	HAL_ResumeTick
 157              		.thumb
 158              		.thumb_func
 160              	HAL_ResumeTick:
 161              	.LFB126:
 126:Src/stm32f4xx_hal_timebase_TIM.c **** }
 127:Src/stm32f4xx_hal_timebase_TIM.c **** 
 128:Src/stm32f4xx_hal_timebase_TIM.c **** /**
 129:Src/stm32f4xx_hal_timebase_TIM.c ****   * @brief  Resume Tick increment.
ARM GAS  C:\Users\shun2\AppData\Local\Temp\ccU7fJoy.s 			page 6


 130:Src/stm32f4xx_hal_timebase_TIM.c ****   * @note   Enable the tick increment by Enabling TIM14 update interrupt.
 131:Src/stm32f4xx_hal_timebase_TIM.c ****   * @param  None
 132:Src/stm32f4xx_hal_timebase_TIM.c ****   * @retval None
 133:Src/stm32f4xx_hal_timebase_TIM.c ****   */
 134:Src/stm32f4xx_hal_timebase_TIM.c **** void HAL_ResumeTick(void)
 135:Src/stm32f4xx_hal_timebase_TIM.c **** {
 162              		.loc 1 135 0
 163              		.cfi_startproc
 164              		@ args = 0, pretend = 0, frame = 0
 165              		@ frame_needed = 0, uses_anonymous_args = 0
 166              		@ link register save eliminated.
 136:Src/stm32f4xx_hal_timebase_TIM.c ****   /* Enable TIM14 Update interrupt */
 137:Src/stm32f4xx_hal_timebase_TIM.c ****   __HAL_TIM_ENABLE_IT(&htim14, TIM_IT_UPDATE);
 167              		.loc 1 137 0
 168 0000 034B     		ldr	r3, .L11
 169 0002 1A68     		ldr	r2, [r3]
 170 0004 D368     		ldr	r3, [r2, #12]
 171 0006 43F00103 		orr	r3, r3, #1
 172 000a D360     		str	r3, [r2, #12]
 173 000c 7047     		bx	lr
 174              	.L12:
 175 000e 00BF     		.align	2
 176              	.L11:
 177 0010 00000000 		.word	htim14
 178              		.cfi_endproc
 179              	.LFE126:
 181              		.global	uwIncrementState
 182              		.comm	htim14,60,4
 183              		.section	.bss.uwIncrementState,"aw",%nobits
 184              		.align	2
 187              	uwIncrementState:
 188 0000 00000000 		.space	4
 189              		.text
 190              	.Letext0:
 191              		.file 2 "c:\\program files (x86)\\gnu tools arm embedded\\5.4 2016q3\\arm-none-eabi\\include\\mach
 192              		.file 3 "c:\\program files (x86)\\gnu tools arm embedded\\5.4 2016q3\\arm-none-eabi\\include\\sys\
 193              		.file 4 "Drivers/CMSIS/Device/ST/STM32F4xx/Include/stm32f429xx.h"
 194              		.file 5 "Drivers/STM32F4xx_HAL_Driver/Inc/stm32f4xx_hal_def.h"
 195              		.file 6 "Drivers/STM32F4xx_HAL_Driver/Inc/stm32f4xx_hal_rcc.h"
 196              		.file 7 "Drivers/STM32F4xx_HAL_Driver/Inc/stm32f4xx_hal_dma.h"
 197              		.file 8 "Drivers/STM32F4xx_HAL_Driver/Inc/stm32f4xx_hal_tim.h"
 198              		.file 9 "Drivers/CMSIS/Include/core_cm4.h"
 199              		.file 10 "Drivers/STM32F4xx_HAL_Driver/Inc/stm32f4xx_hal_cortex.h"
ARM GAS  C:\Users\shun2\AppData\Local\Temp\ccU7fJoy.s 			page 7


DEFINED SYMBOLS
                            *ABS*:00000000 stm32f4xx_hal_timebase_TIM.c
C:\Users\shun2\AppData\Local\Temp\ccU7fJoy.s:22     .text.HAL_InitTick:00000000 $t
C:\Users\shun2\AppData\Local\Temp\ccU7fJoy.s:27     .text.HAL_InitTick:00000000 HAL_InitTick
C:\Users\shun2\AppData\Local\Temp\ccU7fJoy.s:120    .text.HAL_InitTick:0000006c $d
                            *COM*:0000003c htim14
C:\Users\shun2\AppData\Local\Temp\ccU7fJoy.s:128    .text.HAL_SuspendTick:00000000 $t
C:\Users\shun2\AppData\Local\Temp\ccU7fJoy.s:133    .text.HAL_SuspendTick:00000000 HAL_SuspendTick
C:\Users\shun2\AppData\Local\Temp\ccU7fJoy.s:150    .text.HAL_SuspendTick:00000010 $d
C:\Users\shun2\AppData\Local\Temp\ccU7fJoy.s:155    .text.HAL_ResumeTick:00000000 $t
C:\Users\shun2\AppData\Local\Temp\ccU7fJoy.s:160    .text.HAL_ResumeTick:00000000 HAL_ResumeTick
C:\Users\shun2\AppData\Local\Temp\ccU7fJoy.s:177    .text.HAL_ResumeTick:00000010 $d
C:\Users\shun2\AppData\Local\Temp\ccU7fJoy.s:187    .bss.uwIncrementState:00000000 uwIncrementState
C:\Users\shun2\AppData\Local\Temp\ccU7fJoy.s:184    .bss.uwIncrementState:00000000 $d
                     .debug_frame:00000010 $d

UNDEFINED SYMBOLS
HAL_NVIC_SetPriority
HAL_NVIC_EnableIRQ
HAL_RCC_GetClockConfig
HAL_RCC_GetPCLK1Freq
HAL_TIM_Base_Init
HAL_TIM_Base_Start_IT
