ARM GAS  C:\Users\shun2\AppData\Local\Temp\ccdzVYlV.s 			page 1


   1              		.syntax unified
   2              		.cpu cortex-m4
   3              		.eabi_attribute 27, 1
   4              		.eabi_attribute 28, 1
   5              		.fpu fpv4-sp-d16
   6              		.eabi_attribute 20, 1
   7              		.eabi_attribute 21, 1
   8              		.eabi_attribute 23, 3
   9              		.eabi_attribute 24, 1
  10              		.eabi_attribute 25, 1
  11              		.eabi_attribute 26, 1
  12              		.eabi_attribute 30, 1
  13              		.eabi_attribute 34, 1
  14              		.eabi_attribute 18, 4
  15              		.thumb
  16              		.syntax unified
  17              		.file	"usart.c"
  18              		.text
  19              	.Ltext0:
  20              		.cfi_sections	.debug_frame
  21              		.section	.text.MX_USART1_UART_Init,"ax",%progbits
  22              		.align	2
  23              		.global	MX_USART1_UART_Init
  24              		.thumb
  25              		.thumb_func
  27              	MX_USART1_UART_Init:
  28              	.LFB124:
  29              		.file 1 "Src/usart.c"
   1:Src/usart.c   **** /**
   2:Src/usart.c   ****   ******************************************************************************
   3:Src/usart.c   ****   * File Name          : USART.c
   4:Src/usart.c   ****   * Description        : This file provides code for the configuration
   5:Src/usart.c   ****   *                      of the USART instances.
   6:Src/usart.c   ****   ******************************************************************************
   7:Src/usart.c   ****   ** This notice applies to any and all portions of this file
   8:Src/usart.c   ****   * that are not between comment pairs USER CODE BEGIN and
   9:Src/usart.c   ****   * USER CODE END. Other portions of this file, whether 
  10:Src/usart.c   ****   * inserted by the user or by software development tools
  11:Src/usart.c   ****   * are owned by their respective copyright owners.
  12:Src/usart.c   ****   *
  13:Src/usart.c   ****   * COPYRIGHT(c) 2019 STMicroelectronics
  14:Src/usart.c   ****   *
  15:Src/usart.c   ****   * Redistribution and use in source and binary forms, with or without modification,
  16:Src/usart.c   ****   * are permitted provided that the following conditions are met:
  17:Src/usart.c   ****   *   1. Redistributions of source code must retain the above copyright notice,
  18:Src/usart.c   ****   *      this list of conditions and the following disclaimer.
  19:Src/usart.c   ****   *   2. Redistributions in binary form must reproduce the above copyright notice,
  20:Src/usart.c   ****   *      this list of conditions and the following disclaimer in the documentation
  21:Src/usart.c   ****   *      and/or other materials provided with the distribution.
  22:Src/usart.c   ****   *   3. Neither the name of STMicroelectronics nor the names of its contributors
  23:Src/usart.c   ****   *      may be used to endorse or promote products derived from this software
  24:Src/usart.c   ****   *      without specific prior written permission.
  25:Src/usart.c   ****   *
  26:Src/usart.c   ****   * THIS SOFTWARE IS PROVIDED BY THE COPYRIGHT HOLDERS AND CONTRIBUTORS "AS IS"
  27:Src/usart.c   ****   * AND ANY EXPRESS OR IMPLIED WARRANTIES, INCLUDING, BUT NOT LIMITED TO, THE
  28:Src/usart.c   ****   * IMPLIED WARRANTIES OF MERCHANTABILITY AND FITNESS FOR A PARTICULAR PURPOSE ARE
  29:Src/usart.c   ****   * DISCLAIMED. IN NO EVENT SHALL THE COPYRIGHT HOLDER OR CONTRIBUTORS BE LIABLE
ARM GAS  C:\Users\shun2\AppData\Local\Temp\ccdzVYlV.s 			page 2


  30:Src/usart.c   ****   * FOR ANY DIRECT, INDIRECT, INCIDENTAL, SPECIAL, EXEMPLARY, OR CONSEQUENTIAL
  31:Src/usart.c   ****   * DAMAGES (INCLUDING, BUT NOT LIMITED TO, PROCUREMENT OF SUBSTITUTE GOODS OR
  32:Src/usart.c   ****   * SERVICES; LOSS OF USE, DATA, OR PROFITS; OR BUSINESS INTERRUPTION) HOWEVER
  33:Src/usart.c   ****   * CAUSED AND ON ANY THEORY OF LIABILITY, WHETHER IN CONTRACT, STRICT LIABILITY,
  34:Src/usart.c   ****   * OR TORT (INCLUDING NEGLIGENCE OR OTHERWISE) ARISING IN ANY WAY OUT OF THE USE
  35:Src/usart.c   ****   * OF THIS SOFTWARE, EVEN IF ADVISED OF THE POSSIBILITY OF SUCH DAMAGE.
  36:Src/usart.c   ****   *
  37:Src/usart.c   ****   ******************************************************************************
  38:Src/usart.c   ****   */
  39:Src/usart.c   **** 
  40:Src/usart.c   **** /* Includes ------------------------------------------------------------------*/
  41:Src/usart.c   **** #include "usart.h"
  42:Src/usart.c   **** 
  43:Src/usart.c   **** #include "gpio.h"
  44:Src/usart.c   **** 
  45:Src/usart.c   **** /* USER CODE BEGIN 0 */
  46:Src/usart.c   **** 
  47:Src/usart.c   **** /* USER CODE END 0 */
  48:Src/usart.c   **** 
  49:Src/usart.c   **** UART_HandleTypeDef huart1;
  50:Src/usart.c   **** UART_HandleTypeDef huart2;
  51:Src/usart.c   **** 
  52:Src/usart.c   **** /* USART1 init function */
  53:Src/usart.c   **** 
  54:Src/usart.c   **** void MX_USART1_UART_Init(void)
  55:Src/usart.c   **** {
  30              		.loc 1 55 0
  31              		.cfi_startproc
  32              		@ args = 0, pretend = 0, frame = 0
  33              		@ frame_needed = 0, uses_anonymous_args = 0
  34 0000 08B5     		push	{r3, lr}
  35              	.LCFI0:
  36              		.cfi_def_cfa_offset 8
  37              		.cfi_offset 3, -8
  38              		.cfi_offset 14, -4
  56:Src/usart.c   **** 
  57:Src/usart.c   ****   huart1.Instance = USART1;
  39              		.loc 1 57 0
  40 0002 0B48     		ldr	r0, .L4
  41 0004 0B4B     		ldr	r3, .L4+4
  42 0006 0360     		str	r3, [r0]
  58:Src/usart.c   ****   huart1.Init.BaudRate = 115200;
  43              		.loc 1 58 0
  44 0008 4FF4E133 		mov	r3, #115200
  45 000c 4360     		str	r3, [r0, #4]
  59:Src/usart.c   ****   huart1.Init.WordLength = UART_WORDLENGTH_8B;
  46              		.loc 1 59 0
  47 000e 0023     		movs	r3, #0
  48 0010 8360     		str	r3, [r0, #8]
  60:Src/usart.c   ****   huart1.Init.StopBits = UART_STOPBITS_1;
  49              		.loc 1 60 0
  50 0012 C360     		str	r3, [r0, #12]
  61:Src/usart.c   ****   huart1.Init.Parity = UART_PARITY_NONE;
  51              		.loc 1 61 0
  52 0014 0361     		str	r3, [r0, #16]
  62:Src/usart.c   ****   huart1.Init.Mode = UART_MODE_TX_RX;
  53              		.loc 1 62 0
ARM GAS  C:\Users\shun2\AppData\Local\Temp\ccdzVYlV.s 			page 3


  54 0016 0C22     		movs	r2, #12
  55 0018 4261     		str	r2, [r0, #20]
  63:Src/usart.c   ****   huart1.Init.HwFlowCtl = UART_HWCONTROL_NONE;
  56              		.loc 1 63 0
  57 001a 8361     		str	r3, [r0, #24]
  64:Src/usart.c   ****   huart1.Init.OverSampling = UART_OVERSAMPLING_16;
  58              		.loc 1 64 0
  59 001c C361     		str	r3, [r0, #28]
  65:Src/usart.c   ****   if (HAL_UART_Init(&huart1) != HAL_OK)
  60              		.loc 1 65 0
  61 001e FFF7FEFF 		bl	HAL_UART_Init
  62              	.LVL0:
  63 0022 18B1     		cbz	r0, .L1
  66:Src/usart.c   ****   {
  67:Src/usart.c   ****     _Error_Handler(__FILE__, __LINE__);
  64              		.loc 1 67 0
  65 0024 4321     		movs	r1, #67
  66 0026 0448     		ldr	r0, .L4+8
  67 0028 FFF7FEFF 		bl	_Error_Handler
  68              	.LVL1:
  69              	.L1:
  70 002c 08BD     		pop	{r3, pc}
  71              	.L5:
  72 002e 00BF     		.align	2
  73              	.L4:
  74 0030 00000000 		.word	huart1
  75 0034 00100140 		.word	1073811456
  76 0038 00000000 		.word	.LC0
  77              		.cfi_endproc
  78              	.LFE124:
  80              		.section	.text.MX_USART2_UART_Init,"ax",%progbits
  81              		.align	2
  82              		.global	MX_USART2_UART_Init
  83              		.thumb
  84              		.thumb_func
  86              	MX_USART2_UART_Init:
  87              	.LFB125:
  68:Src/usart.c   ****   }
  69:Src/usart.c   **** 
  70:Src/usart.c   **** }
  71:Src/usart.c   **** /* USART2 init function */
  72:Src/usart.c   **** 
  73:Src/usart.c   **** void MX_USART2_UART_Init(void)
  74:Src/usart.c   **** {
  88              		.loc 1 74 0
  89              		.cfi_startproc
  90              		@ args = 0, pretend = 0, frame = 0
  91              		@ frame_needed = 0, uses_anonymous_args = 0
  92 0000 08B5     		push	{r3, lr}
  93              	.LCFI1:
  94              		.cfi_def_cfa_offset 8
  95              		.cfi_offset 3, -8
  96              		.cfi_offset 14, -4
  75:Src/usart.c   **** 
  76:Src/usart.c   ****   huart2.Instance = USART2;
  97              		.loc 1 76 0
  98 0002 0B48     		ldr	r0, .L9
ARM GAS  C:\Users\shun2\AppData\Local\Temp\ccdzVYlV.s 			page 4


  99 0004 0B4B     		ldr	r3, .L9+4
 100 0006 0360     		str	r3, [r0]
  77:Src/usart.c   ****   huart2.Init.BaudRate = 115200;
 101              		.loc 1 77 0
 102 0008 4FF4E133 		mov	r3, #115200
 103 000c 4360     		str	r3, [r0, #4]
  78:Src/usart.c   ****   huart2.Init.WordLength = UART_WORDLENGTH_8B;
 104              		.loc 1 78 0
 105 000e 0023     		movs	r3, #0
 106 0010 8360     		str	r3, [r0, #8]
  79:Src/usart.c   ****   huart2.Init.StopBits = UART_STOPBITS_1;
 107              		.loc 1 79 0
 108 0012 C360     		str	r3, [r0, #12]
  80:Src/usart.c   ****   huart2.Init.Parity = UART_PARITY_NONE;
 109              		.loc 1 80 0
 110 0014 0361     		str	r3, [r0, #16]
  81:Src/usart.c   ****   huart2.Init.Mode = UART_MODE_TX_RX;
 111              		.loc 1 81 0
 112 0016 0C22     		movs	r2, #12
 113 0018 4261     		str	r2, [r0, #20]
  82:Src/usart.c   ****   huart2.Init.HwFlowCtl = UART_HWCONTROL_NONE;
 114              		.loc 1 82 0
 115 001a 8361     		str	r3, [r0, #24]
  83:Src/usart.c   ****   huart2.Init.OverSampling = UART_OVERSAMPLING_16;
 116              		.loc 1 83 0
 117 001c C361     		str	r3, [r0, #28]
  84:Src/usart.c   ****   if (HAL_UART_Init(&huart2) != HAL_OK)
 118              		.loc 1 84 0
 119 001e FFF7FEFF 		bl	HAL_UART_Init
 120              	.LVL2:
 121 0022 18B1     		cbz	r0, .L6
  85:Src/usart.c   ****   {
  86:Src/usart.c   ****     _Error_Handler(__FILE__, __LINE__);
 122              		.loc 1 86 0
 123 0024 5621     		movs	r1, #86
 124 0026 0448     		ldr	r0, .L9+8
 125 0028 FFF7FEFF 		bl	_Error_Handler
 126              	.LVL3:
 127              	.L6:
 128 002c 08BD     		pop	{r3, pc}
 129              	.L10:
 130 002e 00BF     		.align	2
 131              	.L9:
 132 0030 00000000 		.word	huart2
 133 0034 00440040 		.word	1073759232
 134 0038 00000000 		.word	.LC0
 135              		.cfi_endproc
 136              	.LFE125:
 138              		.section	.text.HAL_UART_MspInit,"ax",%progbits
 139              		.align	2
 140              		.global	HAL_UART_MspInit
 141              		.thumb
 142              		.thumb_func
 144              	HAL_UART_MspInit:
 145              	.LFB126:
  87:Src/usart.c   ****   }
  88:Src/usart.c   **** 
ARM GAS  C:\Users\shun2\AppData\Local\Temp\ccdzVYlV.s 			page 5


  89:Src/usart.c   **** }
  90:Src/usart.c   **** 
  91:Src/usart.c   **** void HAL_UART_MspInit(UART_HandleTypeDef* uartHandle)
  92:Src/usart.c   **** {
 146              		.loc 1 92 0
 147              		.cfi_startproc
 148              		@ args = 0, pretend = 0, frame = 32
 149              		@ frame_needed = 0, uses_anonymous_args = 0
 150              	.LVL4:
 151 0000 00B5     		push	{lr}
 152              	.LCFI2:
 153              		.cfi_def_cfa_offset 4
 154              		.cfi_offset 14, -4
 155 0002 89B0     		sub	sp, sp, #36
 156              	.LCFI3:
 157              		.cfi_def_cfa_offset 40
  93:Src/usart.c   **** 
  94:Src/usart.c   ****   GPIO_InitTypeDef GPIO_InitStruct;
  95:Src/usart.c   ****   if(uartHandle->Instance==USART1)
 158              		.loc 1 95 0
 159 0004 0368     		ldr	r3, [r0]
 160 0006 1F4A     		ldr	r2, .L15
 161 0008 9342     		cmp	r3, r2
 162 000a 1AD1     		bne	.L12
 163              	.LBB2:
  96:Src/usart.c   ****   {
  97:Src/usart.c   ****   /* USER CODE BEGIN USART1_MspInit 0 */
  98:Src/usart.c   **** 
  99:Src/usart.c   ****   /* USER CODE END USART1_MspInit 0 */
 100:Src/usart.c   ****     /* USART1 clock enable */
 101:Src/usart.c   ****     __HAL_RCC_USART1_CLK_ENABLE();
 164              		.loc 1 101 0
 165 000c 0023     		movs	r3, #0
 166 000e 0193     		str	r3, [sp, #4]
 167 0010 1D4B     		ldr	r3, .L15+4
 168 0012 5A6C     		ldr	r2, [r3, #68]
 169 0014 42F01002 		orr	r2, r2, #16
 170 0018 5A64     		str	r2, [r3, #68]
 171 001a 5B6C     		ldr	r3, [r3, #68]
 172 001c 03F01003 		and	r3, r3, #16
 173 0020 0193     		str	r3, [sp, #4]
 174 0022 019B     		ldr	r3, [sp, #4]
 175              	.LBE2:
 102:Src/usart.c   ****   
 103:Src/usart.c   ****     /**USART1 GPIO Configuration    
 104:Src/usart.c   ****     PB6     ------> USART1_TX
 105:Src/usart.c   ****     PB7     ------> USART1_RX 
 106:Src/usart.c   ****     */
 107:Src/usart.c   ****     GPIO_InitStruct.Pin = GPIO_PIN_6|GPIO_PIN_7;
 176              		.loc 1 107 0
 177 0024 C023     		movs	r3, #192
 178 0026 0393     		str	r3, [sp, #12]
 108:Src/usart.c   ****     GPIO_InitStruct.Mode = GPIO_MODE_AF_PP;
 179              		.loc 1 108 0
 180 0028 0223     		movs	r3, #2
 181 002a 0493     		str	r3, [sp, #16]
 109:Src/usart.c   ****     GPIO_InitStruct.Pull = GPIO_PULLUP;
ARM GAS  C:\Users\shun2\AppData\Local\Temp\ccdzVYlV.s 			page 6


 182              		.loc 1 109 0
 183 002c 0123     		movs	r3, #1
 184 002e 0593     		str	r3, [sp, #20]
 110:Src/usart.c   ****     GPIO_InitStruct.Speed = GPIO_SPEED_FREQ_VERY_HIGH;
 185              		.loc 1 110 0
 186 0030 0323     		movs	r3, #3
 187 0032 0693     		str	r3, [sp, #24]
 111:Src/usart.c   ****     GPIO_InitStruct.Alternate = GPIO_AF7_USART1;
 188              		.loc 1 111 0
 189 0034 0723     		movs	r3, #7
 190 0036 0793     		str	r3, [sp, #28]
 112:Src/usart.c   ****     HAL_GPIO_Init(GPIOB, &GPIO_InitStruct);
 191              		.loc 1 112 0
 192 0038 03A9     		add	r1, sp, #12
 193 003a 1448     		ldr	r0, .L15+8
 194              	.LVL5:
 195 003c FFF7FEFF 		bl	HAL_GPIO_Init
 196              	.LVL6:
 197 0040 1CE0     		b	.L11
 198              	.LVL7:
 199              	.L12:
 113:Src/usart.c   **** 
 114:Src/usart.c   ****   /* USER CODE BEGIN USART1_MspInit 1 */
 115:Src/usart.c   **** 
 116:Src/usart.c   ****   /* USER CODE END USART1_MspInit 1 */
 117:Src/usart.c   ****   }
 118:Src/usart.c   ****   else if(uartHandle->Instance==USART2)
 200              		.loc 1 118 0
 201 0042 134A     		ldr	r2, .L15+12
 202 0044 9342     		cmp	r3, r2
 203 0046 19D1     		bne	.L11
 204              	.LBB3:
 119:Src/usart.c   ****   {
 120:Src/usart.c   ****   /* USER CODE BEGIN USART2_MspInit 0 */
 121:Src/usart.c   **** 
 122:Src/usart.c   ****   /* USER CODE END USART2_MspInit 0 */
 123:Src/usart.c   ****     /* USART2 clock enable */
 124:Src/usart.c   ****     __HAL_RCC_USART2_CLK_ENABLE();
 205              		.loc 1 124 0
 206 0048 0023     		movs	r3, #0
 207 004a 0293     		str	r3, [sp, #8]
 208 004c 0E4B     		ldr	r3, .L15+4
 209 004e 1A6C     		ldr	r2, [r3, #64]
 210 0050 42F40032 		orr	r2, r2, #131072
 211 0054 1A64     		str	r2, [r3, #64]
 212 0056 1B6C     		ldr	r3, [r3, #64]
 213 0058 03F40033 		and	r3, r3, #131072
 214 005c 0293     		str	r3, [sp, #8]
 215 005e 029B     		ldr	r3, [sp, #8]
 216              	.LBE3:
 125:Src/usart.c   ****   
 126:Src/usart.c   ****     /**USART2 GPIO Configuration    
 127:Src/usart.c   ****     PA2     ------> USART2_TX
 128:Src/usart.c   ****     PA3     ------> USART2_RX 
 129:Src/usart.c   ****     */
 130:Src/usart.c   ****     GPIO_InitStruct.Pin = GPIO_PIN_2|GPIO_PIN_3;
 217              		.loc 1 130 0
ARM GAS  C:\Users\shun2\AppData\Local\Temp\ccdzVYlV.s 			page 7


 218 0060 0C23     		movs	r3, #12
 219 0062 0393     		str	r3, [sp, #12]
 131:Src/usart.c   ****     GPIO_InitStruct.Mode = GPIO_MODE_AF_PP;
 220              		.loc 1 131 0
 221 0064 0223     		movs	r3, #2
 222 0066 0493     		str	r3, [sp, #16]
 132:Src/usart.c   ****     GPIO_InitStruct.Pull = GPIO_PULLUP;
 223              		.loc 1 132 0
 224 0068 0123     		movs	r3, #1
 225 006a 0593     		str	r3, [sp, #20]
 133:Src/usart.c   ****     GPIO_InitStruct.Speed = GPIO_SPEED_FREQ_VERY_HIGH;
 226              		.loc 1 133 0
 227 006c 0323     		movs	r3, #3
 228 006e 0693     		str	r3, [sp, #24]
 134:Src/usart.c   ****     GPIO_InitStruct.Alternate = GPIO_AF7_USART2;
 229              		.loc 1 134 0
 230 0070 0723     		movs	r3, #7
 231 0072 0793     		str	r3, [sp, #28]
 135:Src/usart.c   ****     HAL_GPIO_Init(GPIOA, &GPIO_InitStruct);
 232              		.loc 1 135 0
 233 0074 03A9     		add	r1, sp, #12
 234 0076 0748     		ldr	r0, .L15+16
 235              	.LVL8:
 236 0078 FFF7FEFF 		bl	HAL_GPIO_Init
 237              	.LVL9:
 238              	.L11:
 136:Src/usart.c   **** 
 137:Src/usart.c   ****   /* USER CODE BEGIN USART2_MspInit 1 */
 138:Src/usart.c   **** 
 139:Src/usart.c   ****   /* USER CODE END USART2_MspInit 1 */
 140:Src/usart.c   ****   }
 141:Src/usart.c   **** }
 239              		.loc 1 141 0
 240 007c 09B0     		add	sp, sp, #36
 241              	.LCFI4:
 242              		.cfi_def_cfa_offset 4
 243              		@ sp needed
 244 007e 5DF804FB 		ldr	pc, [sp], #4
 245              	.L16:
 246 0082 00BF     		.align	2
 247              	.L15:
 248 0084 00100140 		.word	1073811456
 249 0088 00380240 		.word	1073887232
 250 008c 00040240 		.word	1073873920
 251 0090 00440040 		.word	1073759232
 252 0094 00000240 		.word	1073872896
 253              		.cfi_endproc
 254              	.LFE126:
 256              		.section	.text.HAL_UART_MspDeInit,"ax",%progbits
 257              		.align	2
 258              		.global	HAL_UART_MspDeInit
 259              		.thumb
 260              		.thumb_func
 262              	HAL_UART_MspDeInit:
 263              	.LFB127:
 142:Src/usart.c   **** 
 143:Src/usart.c   **** void HAL_UART_MspDeInit(UART_HandleTypeDef* uartHandle)
ARM GAS  C:\Users\shun2\AppData\Local\Temp\ccdzVYlV.s 			page 8


 144:Src/usart.c   **** {
 264              		.loc 1 144 0
 265              		.cfi_startproc
 266              		@ args = 0, pretend = 0, frame = 0
 267              		@ frame_needed = 0, uses_anonymous_args = 0
 268              	.LVL10:
 269 0000 08B5     		push	{r3, lr}
 270              	.LCFI5:
 271              		.cfi_def_cfa_offset 8
 272              		.cfi_offset 3, -8
 273              		.cfi_offset 14, -4
 145:Src/usart.c   **** 
 146:Src/usart.c   ****   if(uartHandle->Instance==USART1)
 274              		.loc 1 146 0
 275 0002 0368     		ldr	r3, [r0]
 276 0004 0D4A     		ldr	r2, .L21
 277 0006 9342     		cmp	r3, r2
 278 0008 0AD1     		bne	.L18
 147:Src/usart.c   ****   {
 148:Src/usart.c   ****   /* USER CODE BEGIN USART1_MspDeInit 0 */
 149:Src/usart.c   **** 
 150:Src/usart.c   ****   /* USER CODE END USART1_MspDeInit 0 */
 151:Src/usart.c   ****     /* Peripheral clock disable */
 152:Src/usart.c   ****     __HAL_RCC_USART1_CLK_DISABLE();
 279              		.loc 1 152 0
 280 000a 02F59432 		add	r2, r2, #75776
 281 000e 536C     		ldr	r3, [r2, #68]
 282 0010 23F01003 		bic	r3, r3, #16
 283 0014 5364     		str	r3, [r2, #68]
 153:Src/usart.c   ****   
 154:Src/usart.c   ****     /**USART1 GPIO Configuration    
 155:Src/usart.c   ****     PB6     ------> USART1_TX
 156:Src/usart.c   ****     PB7     ------> USART1_RX 
 157:Src/usart.c   ****     */
 158:Src/usart.c   ****     HAL_GPIO_DeInit(GPIOB, GPIO_PIN_6|GPIO_PIN_7);
 284              		.loc 1 158 0
 285 0016 C021     		movs	r1, #192
 286 0018 0948     		ldr	r0, .L21+4
 287              	.LVL11:
 288 001a FFF7FEFF 		bl	HAL_GPIO_DeInit
 289              	.LVL12:
 290 001e 08BD     		pop	{r3, pc}
 291              	.LVL13:
 292              	.L18:
 159:Src/usart.c   **** 
 160:Src/usart.c   ****   /* USER CODE BEGIN USART1_MspDeInit 1 */
 161:Src/usart.c   **** 
 162:Src/usart.c   ****   /* USER CODE END USART1_MspDeInit 1 */
 163:Src/usart.c   ****   }
 164:Src/usart.c   ****   else if(uartHandle->Instance==USART2)
 293              		.loc 1 164 0
 294 0020 084A     		ldr	r2, .L21+8
 295 0022 9342     		cmp	r3, r2
 296 0024 09D1     		bne	.L17
 165:Src/usart.c   ****   {
 166:Src/usart.c   ****   /* USER CODE BEGIN USART2_MspDeInit 0 */
 167:Src/usart.c   **** 
ARM GAS  C:\Users\shun2\AppData\Local\Temp\ccdzVYlV.s 			page 9


 168:Src/usart.c   ****   /* USER CODE END USART2_MspDeInit 0 */
 169:Src/usart.c   ****     /* Peripheral clock disable */
 170:Src/usart.c   ****     __HAL_RCC_USART2_CLK_DISABLE();
 297              		.loc 1 170 0
 298 0026 02F5FA32 		add	r2, r2, #128000
 299 002a 136C     		ldr	r3, [r2, #64]
 300 002c 23F40033 		bic	r3, r3, #131072
 301 0030 1364     		str	r3, [r2, #64]
 171:Src/usart.c   ****   
 172:Src/usart.c   ****     /**USART2 GPIO Configuration    
 173:Src/usart.c   ****     PA2     ------> USART2_TX
 174:Src/usart.c   ****     PA3     ------> USART2_RX 
 175:Src/usart.c   ****     */
 176:Src/usart.c   ****     HAL_GPIO_DeInit(GPIOA, GPIO_PIN_2|GPIO_PIN_3);
 302              		.loc 1 176 0
 303 0032 0C21     		movs	r1, #12
 304 0034 0448     		ldr	r0, .L21+12
 305              	.LVL14:
 306 0036 FFF7FEFF 		bl	HAL_GPIO_DeInit
 307              	.LVL15:
 308              	.L17:
 309 003a 08BD     		pop	{r3, pc}
 310              	.L22:
 311              		.align	2
 312              	.L21:
 313 003c 00100140 		.word	1073811456
 314 0040 00040240 		.word	1073873920
 315 0044 00440040 		.word	1073759232
 316 0048 00000240 		.word	1073872896
 317              		.cfi_endproc
 318              	.LFE127:
 320              		.comm	huart2,64,4
 321              		.comm	huart1,64,4
 322              		.section	.rodata.str1.4,"aMS",%progbits,1
 323              		.align	2
 324              	.LC0:
 325 0000 5372632F 		.ascii	"Src/usart.c\000"
 325      75736172 
 325      742E6300 
 326              		.text
 327              	.Letext0:
 328              		.file 2 "c:\\program files (x86)\\gnu tools arm embedded\\5.4 2016q3\\arm-none-eabi\\include\\mach
 329              		.file 3 "c:\\program files (x86)\\gnu tools arm embedded\\5.4 2016q3\\arm-none-eabi\\include\\sys\
 330              		.file 4 "Drivers/CMSIS/Device/ST/STM32F4xx/Include/stm32f429xx.h"
 331              		.file 5 "Drivers/STM32F4xx_HAL_Driver/Inc/stm32f4xx_hal_def.h"
 332              		.file 6 "Drivers/STM32F4xx_HAL_Driver/Inc/stm32f4xx_hal_gpio.h"
 333              		.file 7 "Drivers/STM32F4xx_HAL_Driver/Inc/stm32f4xx_hal_dma.h"
 334              		.file 8 "Drivers/STM32F4xx_HAL_Driver/Inc/stm32f4xx_hal_uart.h"
 335              		.file 9 "Drivers/CMSIS/Include/core_cm4.h"
 336              		.file 10 "Inc/usart.h"
ARM GAS  C:\Users\shun2\AppData\Local\Temp\ccdzVYlV.s 			page 10


DEFINED SYMBOLS
                            *ABS*:00000000 usart.c
C:\Users\shun2\AppData\Local\Temp\ccdzVYlV.s:22     .text.MX_USART1_UART_Init:00000000 $t
C:\Users\shun2\AppData\Local\Temp\ccdzVYlV.s:27     .text.MX_USART1_UART_Init:00000000 MX_USART1_UART_Init
C:\Users\shun2\AppData\Local\Temp\ccdzVYlV.s:74     .text.MX_USART1_UART_Init:00000030 $d
                            *COM*:00000040 huart1
C:\Users\shun2\AppData\Local\Temp\ccdzVYlV.s:81     .text.MX_USART2_UART_Init:00000000 $t
C:\Users\shun2\AppData\Local\Temp\ccdzVYlV.s:86     .text.MX_USART2_UART_Init:00000000 MX_USART2_UART_Init
C:\Users\shun2\AppData\Local\Temp\ccdzVYlV.s:132    .text.MX_USART2_UART_Init:00000030 $d
                            *COM*:00000040 huart2
C:\Users\shun2\AppData\Local\Temp\ccdzVYlV.s:139    .text.HAL_UART_MspInit:00000000 $t
C:\Users\shun2\AppData\Local\Temp\ccdzVYlV.s:144    .text.HAL_UART_MspInit:00000000 HAL_UART_MspInit
C:\Users\shun2\AppData\Local\Temp\ccdzVYlV.s:248    .text.HAL_UART_MspInit:00000084 $d
C:\Users\shun2\AppData\Local\Temp\ccdzVYlV.s:257    .text.HAL_UART_MspDeInit:00000000 $t
C:\Users\shun2\AppData\Local\Temp\ccdzVYlV.s:262    .text.HAL_UART_MspDeInit:00000000 HAL_UART_MspDeInit
C:\Users\shun2\AppData\Local\Temp\ccdzVYlV.s:313    .text.HAL_UART_MspDeInit:0000003c $d
C:\Users\shun2\AppData\Local\Temp\ccdzVYlV.s:323    .rodata.str1.4:00000000 $d
                     .debug_frame:00000010 $d

UNDEFINED SYMBOLS
HAL_UART_Init
_Error_Handler
HAL_GPIO_Init
HAL_GPIO_DeInit
